Running: /gpfs/home/tonshen/.conda/envs/MPS/bin/python /gpfs/home/tonshen/Seawulf_simulation/MPS_simulation/dist/10qubits/partition_compare/partition_compare_optimize.py --config /gpfs/home/tonshen/Seawulf_simulation/MPS_simulation/dist/10qubits/partition_compare/param.yaml --case partition_4x4 --out-dir /gpfs/home/tonshen/Seawulf_simulation/MPS_simulation/dist/10qubits/partition_compare/runs/20260319_partition_compare_laptoppath_blocknorm_seed12_iter1000_r10/partition_4x4_seed=1 --iterations 1000 --report-every 10 --init-seed 1
Preparing partition-compare case `partition_4x4`.
Iteration    0 | cost=16.5496862996 | residual=0.937446429115 | consensus=2.42616969501 | error=1.01599927504
Iteration   10 | cost=5.62897617033 | residual=0.709478887709 | consensus=0.126969918284 | error=0.806605935122
Iteration   20 | cost=1.04668175275 | residual=0.779453394225 | consensus=0.0635932689191 | error=0.818125955503
Iteration   30 | cost=0.237416101283 | residual=0.850782851097 | consensus=0.0774132013231 | error=0.871340457766
Iteration   40 | cost=0.241028699936 | residual=0.895910478284 | consensus=0.0647962174911 | error=0.904081489953
Iteration   50 | cost=0.23820945288 | residual=0.880676528925 | consensus=0.0455249132709 | error=0.885131047169
Iteration   60 | cost=0.200108833991 | residual=0.788452571511 | consensus=0.0222623443485 | error=0.796013719679
Iteration   70 | cost=0.180815286351 | residual=0.690233180042 | consensus=0.0361951786967 | error=0.701073196701
Iteration   80 | cost=0.17195597698 | residual=0.652638517498 | consensus=0.0372270277244 | error=0.661874131735
Iteration   90 | cost=0.166186011023 | residual=0.664404438021 | consensus=0.0200132310423 | error=0.671354746917
Iteration  100 | cost=0.162981501205 | residual=0.681460899621 | consensus=0.0130141831336 | error=0.688527833733
Iteration  110 | cost=0.161028405641 | residual=0.683825890173 | consensus=0.0164055810383 | error=0.691583839289
Iteration  120 | cost=0.158769980606 | residual=0.670678122165 | consensus=0.00967555574898 | error=0.678199940542
Iteration  130 | cost=0.156509290381 | residual=0.651834971555 | consensus=0.00560418470422 | error=0.659223845742
Iteration  140 | cost=0.154448553388 | residual=0.640252559661 | consensus=0.00836247594211 | error=0.647871964773
Iteration  150 | cost=0.152460131471 | residual=0.638407662565 | consensus=0.0057085966002 | error=0.646280703935
Iteration  160 | cost=0.150509062879 | residual=0.638425549377 | consensus=0.00395317304712 | error=0.646758164803
Iteration  170 | cost=0.148619136979 | residual=0.634823741057 | consensus=0.0051121153143 | error=0.643757540328
Iteration  180 | cost=0.146894837762 | residual=0.628283349282 | consensus=0.00477213263602 | error=0.637704343118
Iteration  190 | cost=0.145445274915 | residual=0.621486925048 | consensus=0.00443067910159 | error=0.631310760743
Iteration  200 | cost=0.144277868994 | residual=0.616483000646 | consensus=0.00412015290692 | error=0.626598141532
Iteration  210 | cost=0.143314694603 | residual=0.613386390212 | consensus=0.00348713659403 | error=0.62360014835
Iteration  220 | cost=0.142458179562 | residual=0.610803656066 | consensus=0.00289109065703 | error=0.620966862499
Iteration  230 | cost=0.141631128866 | residual=0.607767689308 | consensus=0.00242579814562 | error=0.617781162536
Iteration  240 | cost=0.140764636353 | residual=0.604283616712 | consensus=0.00203650470088 | error=0.614101755097
Iteration  250 | cost=0.139767587951 | residual=0.600584714417 | consensus=0.00194150454348 | error=0.610225450889
Iteration  260 | cost=0.138517954634 | residual=0.596455543742 | consensus=0.00192858388982 | error=0.605960506508
Iteration  270 | cost=0.136912859076 | residual=0.59116121005 | consensus=0.00223303601458 | error=0.60057632269
Iteration  280 | cost=0.135014018674 | residual=0.584035549449 | consensus=0.00306111969453 | error=0.593387254388
Iteration  290 | cost=0.133151524595 | residual=0.575276316145 | consensus=0.00451953757532 | error=0.584510038164
Iteration  300 | cost=0.131677815557 | residual=0.566256339831 | consensus=0.00607761468137 | error=0.575168509182
Iteration  310 | cost=0.130659842535 | residual=0.558879109206 | consensus=0.00679064415608 | error=0.567206500996
Iteration  320 | cost=0.129998965238 | residual=0.554550251418 | consensus=0.00597945306913 | error=0.562253959179
Iteration  330 | cost=0.129593895813 | residual=0.553192774367 | consensus=0.00497971525091 | error=0.560495942307
Iteration  340 | cost=0.129346833085 | residual=0.553257330674 | consensus=0.003828272004 | error=0.560376378517
Iteration  350 | cost=0.129181502143 | residual=0.553322056663 | consensus=0.00233800169895 | error=0.560366602996
Iteration  360 | cost=0.129049922328 | residual=0.552920336716 | consensus=0.00117754860429 | error=0.559937939418
Iteration  370 | cost=0.128929840419 | residual=0.552215645158 | consensus=0.000741104253623 | error=0.559225744357
Iteration  380 | cost=0.128813117122 | residual=0.551494548015 | consensus=0.000745550975041 | error=0.558501408125
Iteration  390 | cost=0.128694411692 | residual=0.550900374331 | consensus=0.000672391781765 | error=0.557901533723
Iteration  400 | cost=0.128568653046 | residual=0.550412060292 | consensus=0.000510466196977 | error=0.557405784918
Iteration  410 | cost=0.128431417875 | residual=0.549933414895 | consensus=0.000404823247796 | error=0.556921903827
Iteration  420 | cost=0.128278879594 | residual=0.549381731237 | consensus=0.000372458231321 | error=0.556369981378
Iteration  430 | cost=0.128107602886 | residual=0.548724914467 | consensus=0.000372962139097 | error=0.55571821889
Iteration  440 | cost=0.127913996533 | residual=0.54796790228 | consensus=0.00039317534924 | error=0.554970467796
Iteration  450 | cost=0.127693760053 | residual=0.547121920313 | consensus=0.000417998095371 | error=0.554137250455
Iteration  460 | cost=0.12744161713 | residual=0.546184475081 | consensus=0.000440572297386 | error=0.553216576944
Iteration  470 | cost=0.127151437409 | residual=0.545137318241 | consensus=0.000472363247281 | error=0.552191583761
Iteration  480 | cost=0.126816696039 | residual=0.543954469452 | consensus=0.000518355168569 | error=0.551037929394
Iteration  490 | cost=0.12643120895 | residual=0.542610824498 | consensus=0.000578787715864 | error=0.549732212371
Iteration  500 | cost=0.125989995746 | residual=0.541087413847 | consensus=0.000657352738098 | error=0.548257390578
Iteration  510 | cost=0.125489592628 | residual=0.539373574984 | consensus=0.000754955290014 | error=0.546604950062
Iteration  520 | cost=0.124926671304 | residual=0.537467177266 | consensus=0.000874200343905 | error=0.544774848772
Iteration  530 | cost=0.124294229207 | residual=0.535371091576 | consensus=0.00101414807339 | error=0.542771844411
Iteration  540 | cost=0.123577025649 | residual=0.533082918621 | consensus=0.00116791785097 | error=0.540595811148
Iteration  550 | cost=0.122750739454 | residual=0.530578502342 | consensus=0.00132249197469 | error=0.538226527199
Iteration  560 | cost=0.121786995358 | residual=0.527796394362 | consensus=0.0014583671189 | error=0.5356086884
Iteration  570 | cost=0.120659395585 | residual=0.524633896637 | consensus=0.00156358724191 | error=0.532645804007
Iteration  580 | cost=0.11934927806 | residual=0.520963031116 | consensus=0.00165942297737 | error=0.529211799103
Iteration  590 | cost=0.117852834699 | residual=0.516675809142 | consensus=0.00180442051758 | error=0.525194565682
Iteration  600 | cost=0.116175649276 | residual=0.511752810413 | consensus=0.00202954230408 | error=0.520569637138
Iteration  610 | cost=0.114338583198 | residual=0.506297460882 | consensus=0.00230804250748 | error=0.515442533587
Iteration  620 | cost=0.112384835588 | residual=0.500490033211 | consensus=0.0025653842195 | error=0.510004163559
Iteration  630 | cost=0.110374517684 | residual=0.494467023863 | consensus=0.00269206342932 | error=0.504395359414
Iteration  640 | cost=0.108380736922 | residual=0.488233483291 | consensus=0.0027760848515 | error=0.498606705633
Iteration  650 | cost=0.106467728885 | residual=0.481781576529 | consensus=0.00290494197259 | error=0.492605844971
Iteration  660 | cost=0.10466995441 | residual=0.475141009208 | consensus=0.00300555604223 | error=0.486376062653
Iteration  670 | cost=0.103015674071 | residual=0.468510251229 | consensus=0.00310980701425 | error=0.480092312394
Iteration  680 | cost=0.101540162904 | residual=0.462277088504 | consensus=0.00319133604965 | error=0.474159370259
Iteration  690 | cost=0.100263603602 | residual=0.456729035805 | consensus=0.00315622920863 | error=0.468888818053
Iteration  700 | cost=0.0991943944244 | residual=0.451856336163 | consensus=0.00305763801346 | error=0.464264123873
Iteration  710 | cost=0.0983288346962 | residual=0.447624244337 | consensus=0.00294829691435 | error=0.460255364174
Iteration  720 | cost=0.0976535978114 | residual=0.444073104917 | consensus=0.0027390515113 | error=0.456921723973
Iteration  730 | cost=0.0971456239688 | residual=0.441143483131 | consensus=0.00242717702954 | error=0.454202060811
Iteration  740 | cost=0.0967755819179 | residual=0.438759250305 | consensus=0.00209873824967 | error=0.452015188116
Iteration  750 | cost=0.0965125735792 | residual=0.436862034839 | consensus=0.00177882717922 | error=0.45030259877
Iteration  760 | cost=0.0963274666614 | residual=0.435357223293 | consensus=0.00148030810537 | error=0.448963639393
Iteration  770 | cost=0.0961955278256 | residual=0.434155894909 | consensus=0.00120894378139 | error=0.447906007686
Iteration  780 | cost=0.0960973102031 | residual=0.433177806501 | consensus=0.00100900859229 | error=0.447047314107
Iteration  790 | cost=0.0960184203321 | residual=0.432356493955 | consensus=0.00086080918943 | error=0.446319747244
Iteration  800 | cost=0.0959487535562 | residual=0.431641704055 | consensus=0.000766586924492 | error=0.445674731782
Iteration  810 | cost=0.0958808354707 | residual=0.430991724846 | consensus=0.000671813363969 | error=0.445072658488
Iteration  820 | cost=0.0958098414395 | residual=0.430371309665 | consensus=0.000808724959347 | error=0.444480550119
Iteration  830 | cost=0.0957321372482 | residual=0.42974907364 | consensus=0.000863855443434 | error=0.443869013733
Iteration  840 | cost=0.0956450332525 | residual=0.429101035053 | consensus=0.000884167530535 | error=0.443216834752
Iteration  850 | cost=0.0955462843731 | residual=0.428408037161 | consensus=0.00107894928507 | error=0.442506843836
Iteration  860 | cost=0.0954345988497 | residual=0.427650614563 | consensus=0.00131397715652 | error=0.441719352052
Iteration  870 | cost=0.0953108288847 | residual=0.426823373024 | consensus=0.001612143073 | error=0.440850602536
Iteration  880 | cost=0.095173752042 | residual=0.425920468855 | consensus=0.00152614722974 | error=0.439896213319
Iteration  890 | cost=0.0950278225862 | residual=0.42496262259 | consensus=0.00222332082473 | error=0.438879593003
Iteration  900 | cost=0.094873683845 | residual=0.423947409011 | consensus=0.00225274866961 | error=0.437793082416
Iteration  910 | cost=0.0947235513406 | residual=0.422938401938 | consensus=0.00308153684385 | error=0.436708941578
Iteration  920 | cost=0.0945716296641 | residual=0.421943198153 | consensus=0.0027615011904 | error=0.435634267621
Iteration  930 | cost=0.0944360008039 | residual=0.421046270183 | consensus=0.00390642170453 | error=0.434662604436
Iteration  940 | cost=0.0943064156964 | residual=0.42020788523 | consensus=0.00362085528076 | error=0.433741232116
Iteration  950 | cost=0.0942012966385 | residual=0.4195127676 | consensus=0.00428292005796 | error=0.432975641592
Iteration  960 | cost=0.0941045596098 | residual=0.418929303338 | consensus=0.00457372471993 | error=0.432330407877
Iteration  970 | cost=0.0940214366324 | residual=0.418417478074 | consensus=0.00378233225529 | error=0.431756240137
