Running: /gpfs/home/tonshen/.conda/envs/MPS/bin/python /gpfs/home/tonshen/Seawulf_simulation/MPS_simulation/dist/10qubits/partition_compare/partition_compare_optimize.py --config /gpfs/home/tonshen/Seawulf_simulation/MPS_simulation/dist/10qubits/partition_compare/param.yaml --case partition_2x2 --out-dir /gpfs/home/tonshen/Seawulf_simulation/MPS_simulation/dist/10qubits/partition_compare/runs/20260319_partition_compare_laptoppath_uniformsmall_blocknorm_seed12_iter1000_r2/partition_2x2_seed=2 --iterations 1000 --report-every 2 --init-seed 2
Preparing partition-compare case `partition_2x2`.
Iteration    0 | cost=0.525162602554 | residual=0.0814750501657 | consensus=0.200216123469 | error=0.0986534115969
Iteration    2 | cost=0.240556724975 | residual=0.0935439178129 | consensus=0.0230250717062 | error=0.112655949308
Iteration    4 | cost=0.0999877206422 | residual=0.129986010633 | consensus=0.0185022455712 | error=0.150006106765
Iteration    6 | cost=0.0449229933487 | residual=0.164055182151 | consensus=0.0180007308363 | error=0.182606555212
Iteration    8 | cost=0.035039633955 | residual=0.184892419137 | consensus=0.015102793954 | error=0.200083778059
Iteration   10 | cost=0.0484430493916 | residual=0.192466830744 | consensus=0.0130718079108 | error=0.203710210114
Iteration   12 | cost=0.0624613147946 | residual=0.18774602474 | consensus=0.0102857708469 | error=0.1953445547
Iteration   14 | cost=0.0638862594624 | residual=0.173157364556 | consensus=0.00795229174788 | error=0.177815992554
Iteration   16 | cost=0.0522278072374 | residual=0.152831215103 | consensus=0.00787161783157 | error=0.155623396528
Iteration   18 | cost=0.0329962940817 | residual=0.130758898207 | consensus=0.00776506041861 | error=0.133115391109
Iteration   20 | cost=0.0157033767467 | residual=0.110466508375 | consensus=0.00793116440095 | error=0.114140196352
Iteration   22 | cost=0.0072683657564 | residual=0.0941577112553 | consensus=0.00862225595243 | error=0.100673595883
Iteration   24 | cost=0.00739857442012 | residual=0.0812874005059 | consensus=0.00832644131033 | error=0.0909107131803
Iteration   26 | cost=0.011565531018 | residual=0.0700845116948 | consensus=0.00739703297898 | error=0.0818139641079
Iteration   28 | cost=0.0146093517129 | residual=0.0593563222534 | consensus=0.00677824787672 | error=0.0717924746584
Iteration   30 | cost=0.013634660344 | residual=0.0485985518198 | consensus=0.00607654894825 | error=0.0606397482356
Iteration   32 | cost=0.00934837734249 | residual=0.0387213256072 | consensus=0.00492130770256 | error=0.0497584842485
Iteration   34 | cost=0.00461586326828 | residual=0.0328421334579 | consensus=0.00432084850988 | error=0.0425079565132
Iteration   36 | cost=0.00189598687991 | residual=0.0326676628905 | consensus=0.00445372425143 | error=0.0407707929521
Iteration   38 | cost=0.00156289229512 | residual=0.0351204550885 | consensus=0.0045195374013 | error=0.0419579035349
Iteration   40 | cost=0.00255796151819 | residual=0.0365604556258 | consensus=0.00447750998487 | error=0.0425180579893
Iteration   42 | cost=0.00350551960796 | residual=0.0350696581697 | consensus=0.00421725536501 | error=0.0403290150806
Iteration   44 | cost=0.00351833206402 | residual=0.0303752984891 | consensus=0.00357598589444 | error=0.0349712996795
Iteration   46 | cost=0.00256266592796 | residual=0.0239206591029 | consensus=0.00313072111693 | error=0.0279094468326
Iteration   48 | cost=0.00126991434695 | residual=0.018958322948 | consensus=0.00282432568841 | error=0.0224241388439
Iteration   50 | cost=0.000539211972139 | residual=0.0194337946769 | consensus=0.0028890339703 | error=0.0224056339895
Iteration   52 | cost=0.000611038482333 | residual=0.0238034939397 | consensus=0.00328722319561 | error=0.0265710224109
Iteration   54 | cost=0.000992962331162 | residual=0.0275712904389 | consensus=0.00315204095398 | error=0.0303286520602
Iteration   56 | cost=0.00119266775755 | residual=0.0287479706156 | consensus=0.00271895399439 | error=0.0314483125407
Iteration   58 | cost=0.00104862036979 | residual=0.0270972163271 | consensus=0.00223307827172 | error=0.0296501966554
Iteration   60 | cost=0.000701444526804 | residual=0.0233179870415 | consensus=0.00178034591495 | error=0.0256945546759
Iteration   62 | cost=0.000388748114876 | residual=0.0188312089232 | consensus=0.00159737502662 | error=0.0210898428456
Iteration   64 | cost=0.000268377843156 | residual=0.0153370185144 | consensus=0.00172389795804 | error=0.0175744614114
Iteration   66 | cost=0.000325475522952 | residual=0.0138507694107 | consensus=0.00187253571681 | error=0.0161113141133
Iteration   68 | cost=0.000425065750255 | residual=0.0138199305937 | consensus=0.00189224204948 | error=0.0161247914667
Iteration   70 | cost=0.000425461796078 | residual=0.0139929669719 | consensus=0.00170015715295 | error=0.0163516115614
Iteration   72 | cost=0.000321044650849 | residual=0.0137371079201 | consensus=0.00136425138632 | error=0.0161195002646
Iteration   74 | cost=0.000213347230175 | residual=0.013092661899 | consensus=0.0011415687149 | error=0.0154571224405
Iteration   76 | cost=0.000173627280777 | residual=0.0124044221005 | consensus=0.00100641433283 | error=0.0146988609999
Iteration   78 | cost=0.000195308977366 | residual=0.0120075058895 | consensus=0.000974812574152 | error=0.0141959169511
Iteration   80 | cost=0.000224507308583 | residual=0.0119546547537 | consensus=0.00100729200784 | error=0.0140671585505
Iteration   82 | cost=0.000217723862315 | residual=0.0120288588453 | consensus=0.000973938117474 | error=0.0141169408138
Iteration   84 | cost=0.000187126653933 | residual=0.0120383699573 | consensus=0.00082573616348 | error=0.0141226922522
Iteration   86 | cost=0.00016163965127 | residual=0.0119740405822 | consensus=0.000753579811806 | error=0.0140436873294
Iteration   88 | cost=0.000150399694141 | residual=0.0118876217858 | consensus=0.000670395769841 | error=0.0139146969132
Iteration   90 | cost=0.000155316476357 | residual=0.0118210055057 | consensus=0.000617081610536 | error=0.0137982754077
Iteration   92 | cost=0.000164315952014 | residual=0.0117677245356 | consensus=0.000620927290713 | error=0.0137189341762
Iteration   94 | cost=0.000161359384481 | residual=0.0116801252325 | consensus=0.000606573160873 | error=0.013632777687
Iteration   96 | cost=0.000148175538555 | residual=0.0115255177636 | consensus=0.000540399757253 | error=0.0134913973949
Iteration   98 | cost=0.000138933226304 | residual=0.0113331595729 | consensus=0.000456497362903 | error=0.0133058906976
Iteration  100 | cost=0.00013865900158 | residual=0.0111748272222 | consensus=0.000441883480788 | error=0.0131369543118
Iteration  102 | cost=0.000141088271631 | residual=0.0110853341115 | consensus=0.000441138931285 | error=0.0130239849352
Iteration  104 | cost=0.000141032209144 | residual=0.0110526739958 | consensus=0.00039294248432 | error=0.0129733479097
Iteration  106 | cost=0.000137815458209 | residual=0.0110552955796 | consensus=0.000334893984251 | error=0.0129737876566
Iteration  108 | cost=0.000133879380301 | residual=0.0110757943581 | consensus=0.000304986729717 | error=0.0130012550174
Iteration  110 | cost=0.000131827873051 | residual=0.0110942015161 | consensus=0.000323068426777 | error=0.0130262170765
Iteration  112 | cost=0.000132150338751 | residual=0.0110863944429 | consensus=0.000298168384738 | error=0.013019364717
Iteration  114 | cost=0.000132985970038 | residual=0.0110511451582 | consensus=0.000241784114834 | error=0.0129794131487
Iteration  116 | cost=0.000132146781565 | residual=0.011015912928 | consensus=0.000208268063765 | error=0.0129380832244
Iteration  118 | cost=0.000130193032055 | residual=0.0110056142661 | consensus=0.000212920872186 | error=0.0129238299302
Iteration  120 | cost=0.000129114038983 | residual=0.0110159072931 | consensus=0.000234478925943 | error=0.0129308459089
Iteration  122 | cost=0.000128990148538 | residual=0.0110217639606 | consensus=0.000221536679801 | error=0.0129308288609
Iteration  124 | cost=0.000128910208412 | residual=0.0110087706919 | consensus=0.000157769206245 | error=0.0129104920877
Iteration  126 | cost=0.000128511413757 | residual=0.0109884342639 | consensus=0.000107153246097 | error=0.0128856857073
Iteration  128 | cost=0.000127767424937 | residual=0.0109796972967 | consensus=0.000146054876521 | error=0.0128776176646
Iteration  130 | cost=0.00012707927745 | residual=0.010983723247 | consensus=0.000183420781063 | error=0.0128858893477
Iteration  132 | cost=0.000126752456689 | residual=0.0109865444889 | consensus=0.000168194139342 | error=0.0128930041191
Iteration  134 | cost=0.000126590688852 | residual=0.0109804189689 | consensus=0.000112471148541 | error=0.0128889151984
Iteration  136 | cost=0.000126291221729 | residual=0.0109719332242 | consensus=7.13510614014e-05 | error=0.0128807730688
Iteration  138 | cost=0.000125852226554 | residual=0.0109700608985 | consensus=0.000102493137213 | error=0.0128792488876
Iteration  140 | cost=0.000125427756594 | residual=0.0109739553616 | consensus=0.000123019167828 | error=0.0128838652472
Iteration  142 | cost=0.000125134106731 | residual=0.0109766139188 | consensus=0.000107278556109 | error=0.012886862517
Iteration  144 | cost=0.00012491529678 | residual=0.010975054401 | consensus=7.55996625465e-05 | error=0.0128849505596
Iteration  146 | cost=0.000124660074111 | residual=0.0109724449785 | consensus=6.33222374219e-05 | error=0.0128819273404
Iteration  148 | cost=0.000124363569444 | residual=0.0109719237367 | consensus=8.15909440409e-05 | error=0.0128815857451
Iteration  150 | cost=0.000124068638945 | residual=0.0109722910133 | consensus=8.53148880878e-05 | error=0.01288254549
Iteration  152 | cost=0.000123807550476 | residual=0.0109713432589 | consensus=6.71434472477e-05 | error=0.0128819197073
Iteration  154 | cost=0.000123584678392 | residual=0.010969348782 | consensus=5.58403203888e-05 | error=0.0128796346233
Iteration  156 | cost=0.000123361191421 | residual=0.0109674389049 | consensus=6.18460292398e-05 | error=0.0128770491831
Iteration  158 | cost=0.000123113069756 | residual=0.0109658954577 | consensus=6.05354772623e-05 | error=0.0128748088771
Iteration  160 | cost=0.000122867501697 | residual=0.0109647945479 | consensus=5.04562617923e-05 | error=0.0128731276277
Iteration  162 | cost=0.000122644887762 | residual=0.0109644256133 | consensus=4.56063951396e-05 | error=0.0128722153926
Iteration  164 | cost=0.000122440043088 | residual=0.0109646115877 | consensus=5.11171455933e-05 | error=0.0128718195834
Iteration  166 | cost=0.000122235162885 | residual=0.0109645023067 | consensus=4.9823551525e-05 | error=0.0128711720824
Iteration  168 | cost=0.000122019071728 | residual=0.0109637128191 | consensus=3.63061754222e-05 | error=0.0128700701686
Iteration  170 | cost=0.000121807486403 | residual=0.0109628779438 | consensus=3.02461354548e-05 | error=0.0128692182696
Iteration  172 | cost=0.000121614096031 | residual=0.0109624897758 | consensus=4.12039469008e-05 | error=0.0128689538718
Iteration  174 | cost=0.000121427113629 | residual=0.010962118765 | consensus=4.25196214755e-05 | error=0.01286861908
Iteration  176 | cost=0.000121236273757 | residual=0.0109613698892 | consensus=2.90573744553e-05 | error=0.0128677415935
Iteration  178 | cost=0.000121044617716 | residual=0.0109606976781 | consensus=1.75345908363e-05 | error=0.0128668863398
Iteration  180 | cost=0.00012086108057 | residual=0.010960652827 | consensus=2.87445959224e-05 | error=0.0128667196338
Iteration  182 | cost=0.0001206860462 | residual=0.010960953124 | consensus=3.54653001188e-05 | error=0.0128669441086
Iteration  184 | cost=0.000120512395793 | residual=0.0109609679233 | consensus=2.76506770842e-05 | error=0.0128668710146
Iteration  186 | cost=0.000120337939661 | residual=0.010960678266 | consensus=1.2138565514e-05 | error=0.0128665001604
Iteration  188 | cost=0.000120167179739 | residual=0.0109604855467 | consensus=1.79488102746e-05 | error=0.0128662922351
Iteration  190 | cost=0.000120002530644 | residual=0.0109603860048 | consensus=2.74005442696e-05 | error=0.0128662453095
Iteration  192 | cost=0.00011984115702 | residual=0.0109600481484 | consensus=2.38217926812e-05 | error=0.012865964173
Iteration  194 | cost=0.000119680705824 | residual=0.0109595041206 | consensus=1.28100831666e-05 | error=0.0128654289256
Iteration  196 | cost=0.000119522455852 | residual=0.0109591155473 | consensus=1.40719920316e-05 | error=0.012865001911
Iteration  198 | cost=0.000119368122137 | residual=0.0109589918988 | consensus=2.06584514016e-05 | error=0.0128648117468
Iteration  200 | cost=0.000119216763559 | residual=0.0109589278225 | consensus=1.86829658624e-05 | error=0.012864664896
Iteration  202 | cost=0.000119067398454 | residual=0.0109588201859 | consensus=1.14390942391e-05 | error=0.0128644772435
Iteration  204 | cost=0.000118920363923 | residual=0.010958754966 | consensus=1.20425782765e-05 | error=0.012864358991
Iteration  206 | cost=0.000118776009397 | residual=0.0109587330707 | consensus=1.62800181481e-05 | error=0.0128643172259
Iteration  208 | cost=0.000118633805894 | residual=0.0109586264674 | consensus=1.42545730822e-05 | error=0.0128642085051
Iteration  210 | cost=0.00011849351729 | residual=0.0109584034906 | consensus=8.48152621229e-06 | error=0.0128639808
Iteration  212 | cost=0.000118355588745 | residual=0.0109581668469 | consensus=1.06737240936e-05 | error=0.0128637229843
Iteration  214 | cost=0.000118219940934 | residual=0.0109579710531 | consensus=1.42370599784e-05 | error=0.0128634821705
Iteration  216 | cost=0.000118086058109 | residual=0.0109577906331 | consensus=1.1618697568e-05 | error=0.012863232756
Iteration  218 | cost=0.000117953936753 | residual=0.010957642294 | consensus=5.8185320878e-06 | error=0.0128630022407
Iteration  220 | cost=0.000117823960001 | residual=0.0109575687072 | consensus=8.37527014593e-06 | error=0.0128628487807
Iteration  222 | cost=0.000117695973345 | residual=0.0109575295459 | consensus=1.15694755594e-05 | error=0.0128627414143
Iteration  224 | cost=0.000117569477554 | residual=0.0109574449537 | consensus=9.1483608763e-06 | error=0.0128626039484
Iteration  226 | cost=0.000117444461574 | residual=0.0109573132035 | consensus=3.9457910519e-06 | error=0.0128624363277
Iteration  228 | cost=0.000117321267946 | residual=0.0109571810481 | consensus=6.94485374436e-06 | error=0.0128622800237
Iteration  230 | cost=0.000117199812982 | residual=0.0109570465001 | consensus=9.74431038579e-06 | error=0.0128621191474
Iteration  232 | cost=0.000117079736958 | residual=0.0109568861732 | consensus=7.69345162547e-06 | error=0.012861919921
Iteration  234 | cost=0.000116961012814 | residual=0.0109567311428 | consensus=3.823843551e-06 | error=0.0128617179829
Iteration  236 | cost=0.000116843829801 | residual=0.0109566323365 | consensus=5.88386359783e-06 | error=0.012861578022
Iteration  238 | cost=0.000116728091913 | residual=0.0109565861545 | consensus=7.51784402839e-06 | error=0.0128615047584
Iteration  240 | cost=0.000116613556383 | residual=0.0109565534604 | consensus=5.43196836963e-06 | error=0.0128614572464
Iteration  242 | cost=0.000116500223323 | residual=0.0109565154173 | consensus=3.02123079745e-06 | error=0.0128614101892
Iteration  244 | cost=0.00011638819887 | residual=0.0109564656587 | consensus=5.35173904674e-06 | error=0.0128613502641
Iteration  246 | cost=0.000116277397369 | residual=0.0109563862076 | consensus=6.16072321043e-06 | error=0.0128612534368
Iteration  248 | cost=0.000116167674994 | residual=0.0109562721559 | consensus=4.1026382293e-06 | error=0.0128611125042
Iteration  250 | cost=0.000116059040996 | residual=0.0109561513276 | consensus=3.05996900775e-06 | error=0.0128609586881
Iteration  252 | cost=0.000115951512682 | residual=0.0109560532258 | consensus=4.89932951082e-06 | error=0.0128608278474
Iteration  254 | cost=0.000115844982688 | residual=0.0109559830733 | consensus=4.78937594155e-06 | error=0.0128607300885
Iteration  256 | cost=0.000115739368403 | residual=0.0109559360978 | consensus=2.56872239792e-06 | error=0.0128606622047
Iteration  258 | cost=0.000115634699451 | residual=0.0109559072914 | consensus=2.7010597871e-06 | error=0.012860617535
Iteration  260 | cost=0.000115530972838 | residual=0.0109558796584 | consensus=4.3328284319e-06 | error=0.012860574869
Iteration  262 | cost=0.000115428099169 | residual=0.0109558301708 | consensus=3.72551116178e-06 | error=0.0128605066666
Iteration  264 | cost=0.000115326030515 | residual=0.0109557542298 | consensus=1.64278701812e-06 | error=0.0128604066338
Iteration  266 | cost=0.000115224777933 | residual=0.0109556672053 | consensus=2.63170184618e-06 | error=0.0128602921903
Iteration  268 | cost=0.000115124302086 | residual=0.0109555848344 | consensus=3.73918408387e-06 | error=0.0128601830299
Iteration  270 | cost=0.000115024524412 | residual=0.0109555170434 | consensus=2.75790591851e-06 | error=0.0128600924816
Iteration  272 | cost=0.000114925423182 | residual=0.010955471659 | consensus=1.14401709282e-06 | error=0.0128600294912
Iteration  274 | cost=0.000114827010736 | residual=0.0109554468451 | consensus=2.52851333095e-06 | error=0.0128599904136
Iteration  276 | cost=0.000114729252363 | residual=0.0109554259023 | consensus=3.08969107119e-06 | error=0.0128599550528
Iteration  278 | cost=0.000114632091904 | residual=0.0109553915852 | consensus=1.91500907775e-06 | error=0.0128599037026
Iteration  280 | cost=0.000114535509452 | residual=0.010955340769 | consensus=1.01788487008e-06 | error=0.0128598334592
Iteration  282 | cost=0.000114439490572 | residual=0.0109552807516 | consensus=2.28974849517e-06 | error=0.0128597536978
Iteration  284 | cost=0.000114343992133 | residual=0.0109552206155 | consensus=2.40218750532e-06 | error=0.0128596756431
Iteration  286 | cost=0.000114248978533 | residual=0.0109551698077 | consensus=1.40590304274e-06 | error=0.0128596098286
Iteration  288 | cost=0.000114154442444 | residual=0.0109551349762 | consensus=1.47634661656e-06 | error=0.0128595625411
Iteration  290 | cost=0.000114060369506 | residual=0.0109551132887 | consensus=2.14887297195e-06 | error=0.0128595293581
Iteration  292 | cost=0.000113966726559 | residual=0.0109550940803 | consensus=1.74423609421e-06 | error=0.0128594978335
Iteration  294 | cost=0.000113873488029 | residual=0.0109550680803 | consensus=8.436694521e-07 | error=0.0128594579217
Iteration  296 | cost=0.000113780636045 | residual=0.0109550321048 | consensus=1.39117212439e-06 | error=0.0128594069605
Iteration  298 | cost=0.000113688142227 | residual=0.0109549882156 | consensus=1.70793577914e-06 | error=0.0128593482149
Iteration  300 | cost=0.000113595978715 | residual=0.0109549430063 | consensus=1.16231303999e-06 | error=0.0128592893692
Iteration  302 | cost=0.000113504133198 | residual=0.0109549048382 | consensus=1.02821454215e-06 | error=0.0128592391572
Iteration  304 | cost=0.000113412594238 | residual=0.0109548776939 | consensus=1.5801721539e-06 | error=0.0128592010159
Iteration  306 | cost=0.00011332133959 | residual=0.0109548586746 | consensus=1.42532930972e-06 | error=0.012859171051
Iteration  308 | cost=0.000113230348289 | residual=0.0109548417977 | consensus=6.5962072032e-07 | error=0.0128591426378
Iteration  310 | cost=0.000113139604386 | residual=0.0109548219367 | consensus=8.78187949197e-07 | error=0.0128591107257
Iteration  312 | cost=0.000113049086548 | residual=0.0109547962268 | consensus=1.26037798022e-06 | error=0.0128590729825
Iteration  314 | cost=0.000112958772046 | residual=0.0109547654062 | consensus=9.0404104763e-07 | error=0.0128590306916
Iteration  316 | cost=0.000112868648243 | residual=0.0109547338588 | consensus=6.07052611789e-07 | error=0.0128589884671
Iteration  318 | cost=0.000112778706385 | residual=0.0109547062318 | consensus=1.140695355e-06 | error=0.0128589507375
Iteration  320 | cost=0.000112688931239 | residual=0.010954684182 | consensus=1.20314968043e-06 | error=0.012858918707
Iteration  322 | cost=0.00011259930592 | residual=0.010954666617 | consensus=6.73468489652e-07 | error=0.0128588910398
Iteration  324 | cost=0.000112509816843 | residual=0.0109546511848 | consensus=5.3411289164e-07 | error=0.0128588655563
Iteration  326 | cost=0.000112420448512 | residual=0.0109546350609 | consensus=8.54785941429e-07 | error=0.0128588397901
Iteration  328 | cost=0.000112331183551 | residual=0.0109546163019 | consensus=6.25592767458e-07 | error=0.0128588120002
Iteration  330 | cost=0.000112242009938 | residual=0.0109545952584 | consensus=5.32035372919e-07 | error=0.0128587824327
Iteration  332 | cost=0.000112152920216 | residual=0.0109545739017 | consensus=1.44961271826e-06 | error=0.0128587527074
Iteration  334 | cost=0.000112063907502 | residual=0.0109545539996 | consensus=2.53562947646e-06 | error=0.0128587242145
Iteration  336 | cost=0.000111974982283 | residual=0.0109545363802 | consensus=4.35245459117e-06 | error=0.0128586976321
Iteration  338 | cost=0.000111886269375 | residual=0.0109545208873 | consensus=8.94576363747e-06 | error=0.0128586729179
Iteration  340 | cost=0.00011179856194 | residual=0.0109545061191 | consensus=2.1033496274e-05 | error=0.0128586487147
Iteration  342 | cost=0.00011171671652 | residual=0.0109544898403 | consensus=5.15307745885e-05 | error=0.0128586221694
Iteration  344 | cost=0.000111671010249 | residual=0.0109544726897 | consensus=0.000127334775501 | error=0.0128585919667
Iteration  346 | cost=0.000111854437242 | residual=0.0109544854486 | consensus=0.000317227127033 | error=0.0128585859554
Iteration  348 | cost=0.000113489953552 | residual=0.0109547806938 | consensus=0.000796216985449 | error=0.0128588643844
Iteration  350 | cost=0.000122911583228 | residual=0.0109566804796 | consensus=0.00194775911064 | error=0.0128608381317
Iteration  352 | cost=0.000143620351382 | residual=0.0109592065633 | consensus=0.00389936061574 | error=0.0128635404229
Iteration  354 | cost=0.000124218778027 | residual=0.0109547071203 | consensus=0.00414091432628 | error=0.012858872095
Iteration  356 | cost=0.000112915942875 | residual=0.0109545107523 | consensus=0.00171352727852 | error=0.0128586849362
Iteration  358 | cost=0.000111687257045 | residual=0.0109544831834 | consensus=0.00086831742644 | error=0.0128586715302
Iteration  360 | cost=0.000110972604184 | residual=0.0109544701662 | consensus=0.000385507753087 | error=0.0128586731181
Iteration  362 | cost=0.000110862603323 | residual=0.0109544374689 | consensus=0.000183730597751 | error=0.0128586280137
Iteration  364 | cost=0.000110737135835 | residual=0.0109544249016 | consensus=0.000115868309902 | error=0.0128586048902
Iteration  366 | cost=0.000110646964953 | residual=0.0109543968094 | consensus=6.28312379145e-05 | error=0.0128585511032
Iteration  368 | cost=0.000110555285861 | residual=0.0109543792952 | consensus=4.99417266272e-05 | error=0.0128585071983
Iteration  370 | cost=0.000110465822287 | residual=0.0109543535507 | consensus=3.40294968107e-05 | error=0.0128584486989
Iteration  372 | cost=0.000110376371804 | residual=0.0109543300108 | consensus=2.72605390567e-05 | error=0.0128583926498
Iteration  374 | cost=0.000110287083695 | residual=0.0109543046779 | consensus=2.10813256774e-05 | error=0.01285833581
Iteration  376 | cost=0.000110197789946 | residual=0.0109542814219 | consensus=1.70366163854e-05 | error=0.0128582855543
Iteration  378 | cost=0.000110108477587 | residual=0.0109542616877 | consensus=1.3834146894e-05 | error=0.0128582447637
Iteration  380 | cost=0.000110019121193 | residual=0.010954246877 | consensus=1.14164969591e-05 | error=0.0128582153738
Iteration  382 | cost=0.000109929711313 | residual=0.0109542363595 | consensus=9.5213470589e-06 | error=0.012858196028
Iteration  384 | cost=0.000109840239905 | residual=0.0109542281617 | consensus=8.02996561885e-06 | error=0.0128581833241
Iteration  386 | cost=0.000109750700385 | residual=0.0109542208713 | consensus=6.88055962506e-06 | error=0.0128581745754
Iteration  388 | cost=0.00010966109077 | residual=0.0109542136799 | consensus=6.00653768148e-06 | error=0.0128581680397
Iteration  390 | cost=0.000109571408438 | residual=0.0109542065062 | consensus=5.31468944232e-06 | error=0.0128581631157
Iteration  392 | cost=0.000109481652634 | residual=0.0109541998468 | consensus=4.73586795417e-06 | error=0.0128581598454
Iteration  394 | cost=0.000109391824338 | residual=0.0109541942451 | consensus=4.2750493762e-06 | error=0.0128581580977
Iteration  396 | cost=0.000109301926132 | residual=0.0109541893371 | consensus=3.92341838725e-06 | error=0.0128581564978
Iteration  398 | cost=0.000109211959277 | residual=0.0109541838949 | consensus=3.62082207573e-06 | error=0.0128581527191
Iteration  400 | cost=0.000109121924048 | residual=0.0109541767533 | consensus=3.36087429668e-06 | error=0.0128581448394
Iteration  402 | cost=0.000109031821312 | residual=0.0109541675158 | consensus=3.19857647552e-06 | error=0.0128581323275
Iteration  404 | cost=0.000108941652448 | residual=0.010954156571 | consensus=3.11288368002e-06 | error=0.0128581160315
Iteration  406 | cost=0.000108851418784 | residual=0.0109541448305 | consensus=3.03050437005e-06 | error=0.0128580976268
Iteration  408 | cost=0.000108761122998 | residual=0.0109541333081 | consensus=2.96794863929e-06 | error=0.0128580788152
Iteration  410 | cost=0.00010867076983 | residual=0.0109541224734 | consensus=2.97257510089e-06 | error=0.0128580604118
Iteration  412 | cost=0.000108580364002 | residual=0.0109541119286 | consensus=3.00278820535e-06 | error=0.0128580420269
Iteration  414 | cost=0.000108489908869 | residual=0.0109541008674 | consensus=3.02335886534e-06 | error=0.0128580227755
Iteration  416 | cost=0.000108399407628 | residual=0.0109540888461 | consensus=3.09655259947e-06 | error=0.012858002326
Iteration  418 | cost=0.000108308864038 | residual=0.0109540760954 | consensus=3.26044162984e-06 | error=0.0128579813032
Iteration  420 | cost=0.000108218281742 | residual=0.010954063291 | consensus=3.46340703695e-06 | error=0.0128579609129
Iteration  422 | cost=0.0001081276649 | residual=0.0109540511653 | consensus=3.69253882591e-06 | error=0.0128579422827
Iteration  424 | cost=0.000108037019632 | residual=0.0109540400917 | consensus=3.99772952378e-06 | error=0.0128579258269
Iteration  426 | cost=0.000107946353059 | residual=0.0109540297516 | consensus=4.38447393586e-06 | error=0.0128579108931
Iteration  428 | cost=0.000107855671387 | residual=0.0109540192872 | consensus=4.83294514771e-06 | error=0.0128578961198
Iteration  430 | cost=0.000107764980203 | residual=0.0109540079738 | consensus=5.38813061441e-06 | error=0.0128578804004
Iteration  432 | cost=0.000107674285724 | residual=0.0109539957377 | consensus=6.11844329936e-06 | error=0.0128578635813
Iteration  434 | cost=0.000107583594614 | residual=0.0109539830554 | consensus=7.04732011412e-06 | error=0.0128578463152
Iteration  436 | cost=0.000107492914199 | residual=0.0109539705398 | consensus=8.20155791321e-06 | error=0.0128578294303
Iteration  438 | cost=0.000107402254294 | residual=0.0109539585739 | consensus=9.65521809102e-06 | error=0.0128578133438
Iteration  440 | cost=0.000107311627966 | residual=0.0109539470225 | consensus=1.14981740557e-05 | error=0.0128577976924
Iteration  442 | cost=0.000107221050806 | residual=0.010953935219 | consensus=1.38381645762e-05 | error=0.0128577814348
Iteration  444 | cost=0.000107130542482 | residual=0.0109539224727 | consensus=1.68500304629e-05 | error=0.0128577636005
Iteration  446 | cost=0.000107040131715 | residual=0.0109539086814 | consensus=2.07870675793e-05 | error=0.0128577440953
Iteration  448 | cost=0.000106949863655 | residual=0.0109538943937 | consensus=2.59732289745e-05 | error=0.0128577237627
Iteration  450 | cost=0.000106859812975 | residual=0.0109538804018 | consensus=3.28417442217e-05 | error=0.0128577037844
Iteration  452 | cost=0.000106770110412 | residual=0.0109538673556 | consensus=4.20050305177e-05 | error=0.0128576850596
Iteration  454 | cost=0.000106680992337 | residual=0.0109538555278 | consensus=5.43339330827e-05 | error=0.0128576678472
Iteration  456 | cost=0.000106592894598 | residual=0.0109538447965 | consensus=7.10778617868e-05 | error=0.0128576518109
Iteration  458 | cost=0.000106506640632 | residual=0.0109538351293 | consensus=9.40491646862e-05 | error=0.012857636719
Iteration  460 | cost=0.000106423824413 | residual=0.0109538274171 | consensus=0.000125878266875 | error=0.0128576235069
Iteration  462 | cost=0.000106347592808 | residual=0.0109538240809 | consensus=0.000170380877809 | error=0.0128576149714
Iteration  464 | cost=0.000106284258176 | residual=0.0109538295128 | consensus=0.000233106994134 | error=0.0128576161382
Iteration  466 | cost=0.000106246627301 | residual=0.0109538512168 | consensus=0.000322125291058 | error=0.012857635316
Iteration  468 | cost=0.000106260752881 | residual=0.0109539025135 | consensus=0.000449027157071 | error=0.0128576869096
Iteration  470 | cost=0.000106378874732 | residual=0.0109540074788 | consensus=0.000629873565151 | error=0.0128577968163
Iteration  472 | cost=0.000106700551279 | residual=0.0109542072166 | consensus=0.000884941426957 | error=0.0128580094319
Iteration  474 | cost=0.000107391140481 | residual=0.0109545566012 | consensus=0.00123381540653 | error=0.0128583844645
Iteration  476 | cost=0.000108632658421 | residual=0.0109550725656 | consensus=0.00167812109687 | error=0.0128589414209
Iteration  478 | cost=0.000110346646128 | residual=0.0109555907081 | consensus=0.00216419623459 | error=0.012859504705
Iteration  480 | cost=0.000111739253939 | residual=0.0109557183959 | consensus=0.00254818921433 | error=0.0128596514423
Iteration  482 | cost=0.000111699610865 | residual=0.01095529817 | consensus=0.00265089988622 | error=0.0128592092826
Iteration  484 | cost=0.000110323619762 | residual=0.0109547078566 | consensus=0.00242802746371 | error=0.0128585818572
Iteration  486 | cost=0.000108750513828 | residual=0.0109542690232 | consensus=0.0020329215222 | error=0.0128581138345
Iteration  488 | cost=0.000107684535954 | residual=0.010954003986 | consensus=0.00165671023633 | error=0.0128578279817
Iteration  490 | cost=0.000107204945519 | residual=0.0109538526061 | consensus=0.00140710141595 | error=0.0128576584306
Iteration  492 | cost=0.000107160364262 | residual=0.0109537650513 | consensus=0.00130977712808 | error=0.0128575516306
Iteration  494 | cost=0.000107362822394 | residual=0.0109537082238 | consensus=0.00132905085151 | error=0.0128574735096
Iteration  496 | cost=0.000107612274598 | residual=0.0109536593871 | consensus=0.00139983129341 | error=0.0128574020012
Iteration  498 | cost=0.000107711997922 | residual=0.0109536055034 | consensus=0.00145974544552 | error=0.0128573253761
Iteration  500 | cost=0.000107539400668 | residual=0.0109535446576 | consensus=0.00146649446732 | error=0.0128572430245
Iteration  502 | cost=0.00010710972899 | residual=0.0109534824861 | consensus=0.00140564676527 | error=0.0128571614963
Iteration  504 | cost=0.000106543237983 | residual=0.0109534247021 | consensus=0.00128886491885 | error=0.0128570868838
Iteration  506 | cost=0.000105969229391 | residual=0.010953373497 | consensus=0.00114120305808 | error=0.0128570213652
Iteration  508 | cost=0.000105465312534 | residual=0.010953328846 | consensus=0.00098679433091 | error=0.0128569647159
Iteration  510 | cost=0.000105055629377 | residual=0.0109532902314 | consensus=0.000841706127016 | error=0.012856916108
Iteration  512 | cost=0.000104733424024 | residual=0.0109532568613 | consensus=0.00071371238772 | error=0.0128568743154
Iteration  514 | cost=0.000104480866688 | residual=0.0109532273254 | consensus=0.000604918000749 | error=0.0128568373951
Iteration  516 | cost=0.000104279601133 | residual=0.0109531998225 | consensus=0.00051445480852 | error=0.0128568030366
Iteration  518 | cost=0.000104114596022 | residual=0.0109531728911 | consensus=0.00044027445595 | error=0.0128567694398
Iteration  520 | cost=0.000103974737199 | residual=0.010953145858 | consensus=0.000380047955562 | error=0.0128567358128
Iteration  522 | cost=0.000103852238186 | residual=0.0109531187253 | consensus=0.000331495076919 | error=0.0128567021705
Iteration  524 | cost=0.000103741806333 | residual=0.0109530917819 | consensus=0.00029247610517 | error=0.0128566687983
Iteration  526 | cost=0.000103639898151 | residual=0.010953065151 | consensus=0.000261061961844 | error=0.0128566356971
Iteration  528 | cost=0.000103544148798 | residual=0.0109530384894 | consensus=0.000235646742307 | error=0.0128566023008
Iteration  530 | cost=0.000103452977612 | residual=0.0109530111819 | consensus=0.00021505187306 | error=0.0128565678016
Iteration  532 | cost=0.000103365348086 | residual=0.0109529828825 | consensus=0.000198540216199 | error=0.012856531839
Iteration  534 | cost=0.000103280659764 | residual=0.0109529537625 | consensus=0.000185713995164 | error=0.0128564947862
Iteration  536 | cost=0.000103198775849 | residual=0.0109529242721 | consensus=0.000176366510102 | error=0.0128564574064
Iteration  538 | cost=0.000103120260852 | residual=0.0109528948043 | consensus=0.000170431167303 | error=0.0128564203585
Iteration  540 | cost=0.000103047072724 | residual=0.0109528654799 | consensus=0.000168192252851 | error=0.012856383896
Iteration  542 | cost=0.000102984394812 | residual=0.0109528361227 | consensus=0.000170922223321 | error=0.0128563479076
Iteration  544 | cost=0.000102945445644 | residual=0.0109528068082 | consensus=0.000182119575651 | error=0.0128563126901
Iteration  546 | cost=0.000102963974657 | residual=0.0109527793385 | consensus=0.000209340212284 | error=0.0128562807557
Iteration  548 | cost=0.000103124982018 | residual=0.01095276003 | consensus=0.000265800528584 | error=0.0128562600095
Iteration  550 | cost=0.000103625711573 | residual=0.0109527650678 | consensus=0.000370012329394 | error=0.0128562695261
Iteration  552 | cost=0.000104802012784 | residual=0.0109528252641 | consensus=0.000540098838135 | error=0.012856344023
Iteration  554 | cost=0.00010664823627 | residual=0.0109529519247 | consensus=0.000768522032707 | error=0.0128564940705
Iteration  556 | cost=0.000107425944739 | residual=0.0109530049681 | consensus=0.000958388860554 | error=0.0128565581795
Iteration  558 | cost=0.000105466463693 | residual=0.0109528211371 | consensus=0.000922883722061 | error=0.0128563480595
Iteration  560 | cost=0.000103326341448 | residual=0.0109526322454 | consensus=0.000653615984072 | error=0.0128561230447
Iteration  562 | cost=0.000102525230266 | residual=0.0109525582258 | consensus=0.000415240029642 | error=0.012856026963
Iteration  564 | cost=0.000102299688338 | residual=0.0109525214198 | consensus=0.000337730907228 | error=0.0128559749373
Iteration  566 | cost=0.000102214804914 | residual=0.010952490191 | consensus=0.00034576738761 | error=0.0128559288446
Iteration  568 | cost=0.000102179660873 | residual=0.010952460176 | consensus=0.000384610953841 | error=0.0128558831184
Iteration  570 | cost=0.00010217749971 | residual=0.0109524312072 | consensus=0.000440342978761 | error=0.0128558375998
Iteration  572 | cost=0.000102209874135 | residual=0.0109524042176 | consensus=0.000510404621007 | error=0.0128557935194
Iteration  574 | cost=0.000102286725136 | residual=0.0109523807689 | consensus=0.000595779906835 | error=0.0128557532502
Iteration  576 | cost=0.000102422532113 | residual=0.0109523626757 | consensus=0.00069839105712 | error=0.0128557198505
Iteration  578 | cost=0.000102633190947 | residual=0.0109523513197 | consensus=0.000819567320638 | error=0.0128556959883
Iteration  580 | cost=0.000102930118035 | residual=0.0109523474188 | consensus=0.000958588737057 | error=0.0128556832905
Iteration  582 | cost=0.000103309470055 | residual=0.0109523515027 | consensus=0.00111109952667 | error=0.0128556826233
Iteration  584 | cost=0.000103738534972 | residual=0.0109523640759 | consensus=0.00126786857762 | error=0.0128556943255
Iteration  586 | cost=0.000104150170363 | residual=0.0109523849294 | consensus=0.00141512111584 | error=0.0128557176953
Iteration  588 | cost=0.000104462484607 | residual=0.0109524127042 | consensus=0.00153804819903 | error=0.0128557506838
Iteration  590 | cost=0.000104625639056 | residual=0.0109524458473 | consensus=0.00162764662958 | error=0.012855790926
Iteration  592 | cost=0.000104660861788 | residual=0.0109524838511 | consensus=0.00168713704031 | error=0.0128558370358
Iteration  594 | cost=0.000104648837498 | residual=0.0109525264264 | consensus=0.00173145603601 | error=0.0128558877699
Iteration  596 | cost=0.000104674403781 | residual=0.0109525704279 | consensus=0.0017773285696 | error=0.0128559388732
Iteration  598 | cost=0.000104779160724 | residual=0.0109526079488 | consensus=0.00183057494382 | error=0.0128559812125
Iteration  600 | cost=0.000104966181351 | residual=0.0109526311731 | consensus=0.00188160107577 | error=0.0128560061602
Iteration  602 | cost=0.000105271107761 | residual=0.0109526462956 | consensus=0.00191405210258 | error=0.0128560206804
Iteration  604 | cost=0.000105859946476 | residual=0.0109526869767 | consensus=0.00192177936397 | error=0.0128560618276
Iteration  606 | cost=0.000106957833422 | residual=0.0109527980245 | consensus=0.00192077284512 | error=0.0128561789629
Iteration  608 | cost=0.000108200061854 | residual=0.0109529370218 | consensus=0.00192872787135 | error=0.0128563269285
Iteration  610 | cost=0.000107994142404 | residual=0.0109528740904 | consensus=0.00189599170529 | error=0.0128562567495
Iteration  612 | cost=0.000105730817879 | residual=0.0109525182111 | consensus=0.00171590545579 | error=0.0128558681866
Iteration  614 | cost=0.000103386823376 | residual=0.0109521615694 | consensus=0.00141286553261 | error=0.0128554752867
Iteration  616 | cost=0.000102041511618 | residual=0.0109519487517 | consensus=0.00113140527544 | error=0.0128552335522
Iteration  618 | cost=0.000101347640451 | residual=0.0109518243664 | consensus=0.000927102486981 | error=0.0128550833064
Iteration  620 | cost=0.000100956818574 | residual=0.010951741454 | consensus=0.00078066119715 | error=0.0128549749803
Iteration  622 | cost=0.000100715868236 | residual=0.0109516804754 | consensus=0.000673827961042 | error=0.0128548892474
Iteration  624 | cost=0.000100557168726 | residual=0.0109516329317 | consensus=0.000598052379422 | error=0.0128548188445
Iteration  626 | cost=0.000100454757294 | residual=0.0109515964678 | consensus=0.000552136015744 | error=0.0128547632807
Iteration  628 | cost=0.000100407900653 | residual=0.0109515734564 | consensus=0.000543038367143 | error=0.0128547276302
Iteration  630 | cost=0.00010044063861 | residual=0.0109515724498 | consensus=0.000586358247187 | error=0.0128547246478
Iteration  632 | cost=0.000100616119169 | residual=0.0109516129592 | consensus=0.000703795588078 | error=0.0128547808976
Iteration  634 | cost=0.000101067042045 | residual=0.0109517328668 | consensus=0.000918514686658 | error=0.0128549462903
Iteration  636 | cost=0.000102030186962 | residual=0.0109519914345 | consensus=0.00125097234369 | error=0.0128552979305
Iteration  638 | cost=0.000103792689661 | residual=0.0109524322318 | consensus=0.00170478885725 | error=0.0128558919853
Iteration  640 | cost=0.000106279791515 | residual=0.0109529367636 | consensus=0.002224844287 | error=0.0128565742148
Iteration  642 | cost=0.000108297244745 | residual=0.0109531077976 | consensus=0.00264495242484 | error=0.0128568281327
Iteration  644 | cost=0.000108226881324 | residual=0.0109527376669 | consensus=0.00274162598172 | error=0.0128563777455
Iteration  646 | cost=0.000106610359461 | residual=0.0109522405142 | consensus=0.00246569507047 | error=0.0128557501634
Iteration  648 | cost=0.000105294222039 | residual=0.0109519500116 | consensus=0.002034712425 | error=0.0128553752073
Iteration  650 | cost=0.000104752772323 | residual=0.0109518253494 | consensus=0.00167495265553 | error=0.0128552043234
Iteration  652 | cost=0.000104215661868 | residual=0.0109517252311 | consensus=0.00143629827779 | error=0.0128550657837
Iteration  654 | cost=0.000103040904811 | residual=0.0109515620272 | consensus=0.00124245749534 | error=0.0128548530714
Iteration  656 | cost=0.000101654936461 | residual=0.0109513789923 | consensus=0.00103355844284 | error=0.0128546113602
Iteration  658 | cost=0.000100674977441 | residual=0.0109512404747 | consensus=0.000839709653038 | error=0.0128544143656
Iteration  660 | cost=0.000100138810363 | residual=0.010951148991 | consensus=0.000703785151937 | error=0.0128542686133
Iteration  662 | cost=9.98643198537e-05 | residual=0.0109510870161 | consensus=0.000628382440626 | error=0.0128541577743
Iteration  664 | cost=9.9727256014e-05 | residual=0.0109510425685 | consensus=0.000598447541232 | error=0.0128540710709
Iteration  666 | cost=9.96681752902e-05 | residual=0.0109510086986 | consensus=0.00060094957823 | error=0.0128540025969
Iteration  668 | cost=9.96615107713e-05 | residual=0.0109509816175 | consensus=0.000627435878257 | error=0.0128539491119
Iteration  670 | cost=9.96986925528e-05 | residual=0.0109509596511 | consensus=0.000672935192296 | error=0.0128539089905
Iteration  672 | cost=9.97796775499e-05 | residual=0.0109509423781 | consensus=0.000734847899817 | error=0.0128538813872
Iteration  674 | cost=9.99082950492e-05 | residual=0.0109509301205 | consensus=0.000811947412576 | error=0.012853865731
Iteration  676 | cost=0.000100088824813 | residual=0.0109509228594 | consensus=0.00090333467627 | error=0.0128538606387
Iteration  678 | cost=0.000100322361872 | residual=0.010950919255 | consensus=0.00100728954471 | error=0.0128538630225
Iteration  680 | cost=0.000100602590312 | residual=0.010950917798 | consensus=0.00112026629792 | error=0.0128538695393
Iteration  682 | cost=0.000100911955311 | residual=0.0109509188715 | consensus=0.00123645594001 | error=0.0128538790407
Iteration  684 | cost=0.00010122095922 | residual=0.0109509244507 | consensus=0.00134829898596 | error=0.012853892455
Iteration  686 | cost=0.000101493949106 | residual=0.0109509355738 | consensus=0.00144807645112 | error=0.0128539101605
Iteration  688 | cost=0.000101701699985 | residual=0.0109509504571 | consensus=0.00153020199885 | error=0.0128539299268
Iteration  690 | cost=0.000101834522332 | residual=0.0109509648362 | consensus=0.00159317986828 | error=0.0128539471962
Iteration  692 | cost=0.000101906009028 | residual=0.0109509744125 | consensus=0.00163988766177 | error=0.0128539576238
Iteration  694 | cost=0.000101943425233 | residual=0.0109509777087 | consensus=0.00167556703921 | error=0.012853960059
Iteration  696 | cost=0.000101971897399 | residual=0.0109509762407 | consensus=0.00170451840356 | error=0.0128539566982
Iteration  698 | cost=0.000102004895028 | residual=0.0109509718183 | consensus=0.00172767287143 | error=0.0128539502183
Iteration  700 | cost=0.000102049395982 | residual=0.0109509655854 | consensus=0.00174279410322 | error=0.012853942768
Iteration  702 | cost=0.00010212565034 | residual=0.0109509614376 | consensus=0.00174743545272 | error=0.0128539396142
Iteration  704 | cost=0.000102293335535 | residual=0.010950970272 | consensus=0.00174328744157 | error=0.0128539536573
Iteration  706 | cost=0.000102666992958 | residual=0.010951010985 | consensus=0.0017398032766 | error=0.0128540063977
Iteration  708 | cost=0.000103381773766 | residual=0.010951104724 | consensus=0.00175393743184 | error=0.0128541215288
Iteration  710 | cost=0.000104430742254 | residual=0.0109512512464 | consensus=0.00180007324784 | error=0.0128542991064
Iteration  712 | cost=0.000105378519051 | residual=0.0109513857358 | consensus=0.00186639401289 | error=0.0128544684244
Iteration  714 | cost=0.000105456334142 | residual=0.010951393259 | consensus=0.00190075576806 | error=0.0128545029352
Iteration  716 | cost=0.000104502399145 | residual=0.0109512530354 | consensus=0.00185398241335 | error=0.012854375735
Iteration  718 | cost=0.00010325819505 | residual=0.0109510745366 | consensus=0.00174561776852 | error=0.012854199478
Iteration  720 | cost=0.000102299360332 | residual=0.0109509328808 | consensus=0.00163530251135 | error=0.0128540508264
Iteration  722 | cost=0.000101655177058 | residual=0.0109508275986 | consensus=0.00154949635007 | error=0.0128539279222
Iteration  724 | cost=0.000101202145599 | residual=0.010950743717 | consensus=0.00148236915074 | error=0.0128538166196
Iteration  726 | cost=0.000100864914701 | residual=0.0109506738517 | consensus=0.00142545278644 | error=0.012853713016
Iteration  728 | cost=0.000100621165116 | residual=0.0109506153013 | consensus=0.0013763208414 | error=0.0128536186082
Iteration  730 | cost=0.00010047884145 | residual=0.0109505683542 | consensus=0.00133650763695 | error=0.0128535374221
Iteration  732 | cost=0.000100465623043 | residual=0.0109505365109 | consensus=0.00130919023204 | error=0.0128534760105
Iteration  734 | cost=0.000100627458987 | residual=0.0109505254262 | consensus=0.00129856327586 | error=0.0128534423625
Iteration  736 | cost=0.000101014570658 | residual=0.0109505413954 | consensus=0.00130949985453 | error=0.0128534441849
Iteration  738 | cost=0.000101615770033 | residual=0.0109505851889 | consensus=0.00134420438412 | error=0.0128534820593
Iteration  740 | cost=0.000102226104502 | residual=0.0109506350776 | consensus=0.00139305462367 | error=0.0128535310078
Iteration  742 | cost=0.00010241737612 | residual=0.0109506403648 | consensus=0.00142606172543 | error=0.0128535337236
Iteration  744 | cost=0.000101914444102 | residual=0.0109505676996 | consensus=0.00140629078644 | error=0.0128534516789
Iteration  746 | cost=0.000100996050112 | residual=0.0109504509438 | consensus=0.0013280259012 | error=0.0128533204126
Iteration  748 | cost=0.000100146347021 | residual=0.0109503449512 | consensus=0.00122760893542 | error=0.0128531992889
Iteration  750 | cost=9.95627973544e-05 | residual=0.0109502682681 | consensus=0.0011434242893 | error=0.0128531081611
Iteration  752 | cost=9.92076542694e-05 | residual=0.0109502155206 | consensus=0.00108790904579 | error=0.0128530406149
Iteration  754 | cost=9.90008600988e-05 | residual=0.0109501787681 | consensus=0.00105722444455 | error=0.0128529878358
Iteration  756 | cost=9.8885545487e-05 | residual=0.0109501515159 | consensus=0.00104505883031 | error=0.0128529433498
Iteration  758 | cost=9.88291652623e-05 | residual=0.0109501302575 | consensus=0.00104716048109 | error=0.0128529045398
Iteration  760 | cost=9.88149753681e-05 | residual=0.0109501145759 | consensus=0.00106150597566 | error=0.0128528724393
Iteration  762 | cost=9.88353887741e-05 | residual=0.0109501034536 | consensus=0.00108740780674 | error=0.0128528473968
Iteration  764 | cost=9.88881691664e-05 | residual=0.0109500951882 | consensus=0.00112460778162 | error=0.0128528285434
Iteration  766 | cost=9.89745187696e-05 | residual=0.0109500911379 | consensus=0.00117276072332 | error=0.0128528176139
Iteration  768 | cost=9.90979723295e-05 | residual=0.0109500944088 | consensus=0.00123140434329 | error=0.0128528177884
Iteration  770 | cost=9.9263464413e-05 | residual=0.0109501061463 | consensus=0.00130023834168 | error=0.0128528300298
Iteration  772 | cost=9.94763627535e-05 | residual=0.0109501268369 | consensus=0.0013793150987 | error=0.012852854559
Iteration  774 | cost=9.97414218663e-05 | residual=0.0109501565488 | consensus=0.00146879424631 | error=0.0128528911301
Iteration  776 | cost=0.000100061700777 | residual=0.010950191278 | consensus=0.00156827433528 | error=0.0128529350935
Iteration  778 | cost=0.000100437548974 | residual=0.010950226068 | consensus=0.00167609202973 | error=0.0128529805657
Iteration  780 | cost=0.00010086564898 | residual=0.0109502627199 | consensus=0.00178907590311 | error=0.0128530286976
Iteration  782 | cost=0.000101338117818 | residual=0.0109503073834 | consensus=0.00190299148554 | error=0.0128530854723
Iteration  784 | cost=0.000101842080071 | residual=0.010950362357 | consensus=0.00201345145933 | error=0.0128531531755
Iteration  786 | cost=0.000102360263058 | residual=0.0109504251299 | consensus=0.00211671097182 | error=0.0128532292283
Iteration  788 | cost=0.000102872273441 | residual=0.0109504895298 | consensus=0.00220985244317 | error=0.0128533072189
Iteration  790 | cost=0.000103354869373 | residual=0.0109505453023 | consensus=0.00229034641268 | error=0.0128533762512
Iteration  792 | cost=0.000103779522797 | residual=0.0109505849707 | consensus=0.00235542462452 | error=0.0128534279679
Iteration  794 | cost=0.00010410852788 | residual=0.0109506100171 | consensus=0.00240177257775 | error=0.0128534631577
Iteration  796 | cost=0.000104295830398 | residual=0.0109506216806 | consensus=0.00242581468641 | error=0.0128534823701
Iteration  798 | cost=0.000104299470161 | residual=0.0109506121785 | consensus=0.00242458880327 | error=0.012853476767
Iteration  800 | cost=0.000104102732194 | residual=0.0109505740556 | consensus=0.00239693134127 | error=0.012853437946
Iteration  802 | cost=0.000103727944799 | residual=0.0109505093655 | consensus=0.0023443563934 | error=0.0128533677139
Iteration  804 | cost=0.000103229386054 | residual=0.0109504247553 | consensus=0.00227095235001 | error=0.0128532728843
Iteration  806 | cost=0.000102671121758 | residual=0.0109503293258 | consensus=0.00218226266513 | error=0.0128531628346
Iteration  808 | cost=0.00010210715387 | residual=0.0109502369239 | consensus=0.00208393796907 | error=0.0128530520788
Iteration  810 | cost=0.000101573475936 | residual=0.0109501566684 | consensus=0.00198096000251 | error=0.0128529507153
Iteration  812 | cost=0.000101089918193 | residual=0.0109500854165 | consensus=0.00187753470667 | error=0.0128528564986
Iteration  814 | cost=0.000100666098206 | residual=0.0109500194288 | consensus=0.00177722693763 | error=0.0128527668
Iteration  816 | cost=0.000100307651895 | residual=0.0109499619228 | consensus=0.00168298984849 | error=0.0128526864164
Iteration  818 | cost=0.000100021424645 | residual=0.0109499137206 | consensus=0.00159715233479 | error=0.0128526175023
Iteration  820 | cost=9.98197543305e-05 | residual=0.0109498739456 | consensus=0.00152165584 | error=0.0128525599021
Iteration  822 | cost=9.97237205387e-05 | residual=0.0109498503551 | consensus=0.00145867085666 | error=0.0128525221448
Iteration  824 | cost=9.97632484462e-05 | residual=0.0109498506955 | consensus=0.0014113564357 | error=0.0128525128664
Iteration  826 | cost=9.99678606392e-05 | residual=0.0109498713086 | consensus=0.00138397526789 | error=0.0128525287522
Iteration  828 | cost=0.000100336216074 | residual=0.0109499076679 | consensus=0.00137982424541 | error=0.0128525650926
Iteration  830 | cost=0.000100779132807 | residual=0.0109499547008 | consensus=0.00139574633229 | error=0.0128526158213
Iteration  832 | cost=0.000101082918912 | residual=0.0109499858586 | consensus=0.00141596281979 | error=0.0128526511967
Iteration  834 | cost=0.000101008372724 | residual=0.0109499663306 | consensus=0.00141436332303 | error=0.0128526318384
Iteration  836 | cost=0.000100516356941 | residual=0.0109498980468 | consensus=0.0013714142235 | error=0.0128525576988
Iteration  838 | cost=9.98239597974e-05 | residual=0.0109498140331 | consensus=0.00129173433165 | error=0.012852463481
Iteration  840 | cost=9.91815742533e-05 | residual=0.0109497343854 | consensus=0.00119945023839 | error=0.0128523712679
Iteration  842 | cost=9.87004449555e-05 | residual=0.0109496665975 | consensus=0.00111743288337 | error=0.0128522894924
Iteration  844 | cost=9.83786657628e-05 | residual=0.0109496194443 | consensus=0.00105616432582 | error=0.0128522278257
Iteration  846 | cost=9.81773664431e-05 | residual=0.0109495876808 | consensus=0.00101647386175 | error=0.0128521814474
Iteration  848 | cost=9.80593898581e-05 | residual=0.0109495588348 | consensus=0.000994955951826 | error=0.012852137746
Iteration  850 | cost=9.79991022549e-05 | residual=0.0109495386374 | consensus=0.000987130051016 | error=0.0128521033062
Iteration  852 | cost=9.79813356866e-05 | residual=0.0109495332953 | consensus=0.000989076004947 | error=0.0128520859944
Iteration  854 | cost=9.79978762953e-05 | residual=0.0109495290438 | consensus=0.000998526714575 | error=0.0128520728739
Iteration  856 | cost=9.80447434649e-05 | residual=0.0109495218672 | consensus=0.00101527415501 | error=0.0128520604606
Iteration  858 | cost=9.81205587824e-05 | residual=0.0109495257997 | consensus=0.00104046087533 | error=0.0128520636757
Iteration  860 | cost=9.82256449633e-05 | residual=0.0109495357356 | consensus=0.0010751991799 | error=0.0128520768342
Iteration  862 | cost=9.83620550325e-05 | residual=0.0109495373149 | consensus=0.00111949349218 | error=0.0128520834721
Iteration  864 | cost=9.85338996732e-05 | residual=0.0109495444406 | consensus=0.00117206985579 | error=0.0128520966419
Iteration  866 | cost=9.87465894495e-05 | residual=0.0109495699212 | consensus=0.0012312571323 | error=0.0128521295171
Iteration  868 | cost=9.90050512707e-05 | residual=0.0109495977811 | consensus=0.00129641695911 | error=0.0128521656514
Iteration  870 | cost=9.93118943395e-05 | residual=0.0109496269149 | consensus=0.00136861661907 | error=0.0128522037542
Iteration  872 | cost=9.96655561879e-05 | residual=0.0109496743432 | consensus=0.00144965151611 | error=0.0128522616582
Iteration  874 | cost=0.000100058770425 | residual=0.0109497218812 | consensus=0.00154009030473 | error=0.0128523201657
Iteration  876 | cost=0.000100478662369 | residual=0.0109497447219 | consensus=0.00163782722412 | error=0.012852352039
Iteration  878 | cost=0.000100908227979 | residual=0.010949767205 | consensus=0.00173817957805 | error=0.0128523818483
Iteration  880 | cost=0.000101327731796 | residual=0.0109498098852 | consensus=0.0018356999356 | error=0.0128524321142
Iteration  882 | cost=0.000101716339953 | residual=0.0109498501031 | consensus=0.00192665832907 | error=0.0128524803806
Iteration  884 | cost=0.000102054694274 | residual=0.0109498851509 | consensus=0.00201021282632 | error=0.0128525239437
Iteration  886 | cost=0.000102327186151 | residual=0.0109499289196 | consensus=0.00208715297604 | error=0.0128525773104
Iteration  888 | cost=0.000102523364387 | residual=0.0109499466768 | consensus=0.00215730648019 | error=0.0128526034545
Iteration  890 | cost=0.000102639301777 | residual=0.0109499156995 | consensus=0.00221787963696 | error=0.012852576249
Iteration  892 | cost=0.000102677495161 | residual=0.0109498897234 | consensus=0.00226417357284 | error=0.0128525504536
Iteration  894 | cost=0.000102643506516 | residual=0.0109498967878 | consensus=0.00229224702179 | error=0.0128525567035
Iteration  896 | cost=0.000102542186636 | residual=0.0109498923748 | consensus=0.00230140652687 | error=0.012852549656
Iteration  898 | cost=0.000102377381596 | residual=0.0109498706756 | consensus=0.00229427514323 | error=0.0128525229892
Iteration  900 | cost=0.000102154496191 | residual=0.0109498607717 | consensus=0.00227437316287 | error=0.0128525075318
Iteration  902 | cost=0.000101883683345 | residual=0.0109498292191 | consensus=0.00224360799819 | error=0.0128524684461
Iteration  904 | cost=0.00010158246216 | residual=0.0109497579505 | consensus=0.00220184567787 | error=0.0128523847718
Iteration  906 | cost=0.000101275298841 | residual=0.0109497170917 | consensus=0.00214849518901 | error=0.0128523291293
Iteration  908 | cost=0.000100989387593 | residual=0.01094972167 | consensus=0.00208473874856 | error=0.0128523202318
Iteration  910 | cost=0.000100751391196 | residual=0.0109496989477 | consensus=0.00201498291267 | error=0.0128522843153
Iteration  912 | cost=0.000100588392219 | residual=0.0109496620247 | consensus=0.00194636468709 | error=0.0128522351175
Iteration  914 | cost=0.000100529328181 | residual=0.0109496770455 | consensus=0.00188650626243 | error=0.0128522431584
Iteration  916 | cost=0.000100603237569 | residual=0.0109497030493 | consensus=0.00184148417724 | error=0.0128522664395
Iteration  918 | cost=0.000100834673484 | residual=0.0109497132873 | consensus=0.00181547470039 | error=0.0128522740354
Iteration  920 | cost=0.000101240639047 | residual=0.0109498064895 | consensus=0.00181191006144 | error=0.0128523680529
Iteration  922 | cost=0.000101851967001 | residual=0.0109500073395 | consensus=0.00183682297335 | error=0.0128525787348
Iteration  924 | cost=0.000102796572425 | residual=0.0109502556011 | consensus=0.00190602008624 | error=0.0128528468041
Iteration  926 | cost=0.000104384629024 | residual=0.010950668378 | consensus=0.00205048624821 | error=0.0128532963631
Iteration  928 | cost=0.000106824293514 | residual=0.0109513620865 | consensus=0.00229330067613 | error=0.0128540518477
Iteration  930 | cost=0.000109131179613 | residual=0.010951927834 | consensus=0.00257213613901 | error=0.012854676507
Iteration  932 | cost=0.000108887131472 | residual=0.0109517032168 | consensus=0.00269324997875 | error=0.0128544521877
Iteration  934 | cost=0.00010575948045 | residual=0.010950922628 | consensus=0.00250179807241 | error=0.0128536227397
Iteration  936 | cost=0.000102419998786 | residual=0.0109502815678 | consensus=0.0021100962114 | error=0.0128529381798
Iteration  938 | cost=0.000100280457562 | residual=0.0109498359451 | consensus=0.00174307298502 | error=0.0128524594198
Iteration  940 | cost=9.91307036951e-05 | residual=0.0109495565123 | consensus=0.00149002324116 | error=0.0128521469315
Iteration  942 | cost=9.85589411702e-05 | residual=0.0109494889868 | consensus=0.00134173908251 | error=0.0128520489193
Iteration  944 | cost=9.82882877636e-05 | residual=0.0109494407432 | consensus=0.00126718769425 | error=0.0128519675815
Iteration  946 | cost=9.81719471142e-05 | residual=0.0109493251215 | consensus=0.00123696137568 | error=0.0128518099186
Iteration  948 | cost=9.81419866229e-05 | residual=0.0109493354057 | consensus=0.0012298571629 | error=0.0128517818282
Iteration  950 | cost=9.81664778249e-05 | residual=0.010949425404 | consensus=0.00123263798392 | error=0.0128518484791
Iteration  952 | cost=9.82278896615e-05 | residual=0.0109493644792 | consensus=0.00124074395966 | error=0.01285177309
Iteration  954 | cost=9.83167216901e-05 | residual=0.0109493007653 | consensus=0.00125634885544 | error=0.0128517058921
Iteration  956 | cost=9.8426331188e-05 | residual=0.0109494097433 | consensus=0.00128257763187 | error=0.0128518322956
Iteration  958 | cost=9.85489577268e-05 | residual=0.0109494371949 | consensus=0.00131950746644 | error=0.0128518846182
Iteration  960 | cost=9.86807944546e-05 | residual=0.0109493295433 | consensus=0.00136362713714 | error=0.0128517920154
Iteration  962 | cost=9.8824839828e-05 | residual=0.0109494088513 | consensus=0.0014084834071 | error=0.0128518869642
Iteration  964 | cost=9.89831093137e-05 | residual=0.0109495599466 | consensus=0.0014482933302 | error=0.0128520595833
Iteration  966 | cost=9.91530812331e-05 | residual=0.0109494693716 | consensus=0.00148342755912 | error=0.0128519801896
Iteration  968 | cost=9.93317141612e-05 | residual=0.0109494268107 | consensus=0.00152035157057 | error=0.0128519434652
Iteration  970 | cost=9.95129529599e-05 | residual=0.0109496227133 | consensus=0.00156541011512 | error=0.0128521560614
Iteration  972 | cost=9.9686589573e-05 | residual=0.0109496131878 | consensus=0.00162002031907 | error=0.0128521548081
Iteration  974 | cost=9.98501382983e-05 | residual=0.0109494142495 | consensus=0.00167943630987 | error=0.0128519398271
Iteration  976 | cost=0.00010001299503 | residual=0.01094953203 | consensus=0.00173400661742 | error=0.0128520439507
Iteration  978 | cost=0.000100183149602 | residual=0.0109497058332 | consensus=0.00177593059499 | error=0.012852216234
Iteration  980 | cost=0.000100361475454 | residual=0.0109495370577 | consensus=0.00180767938289 | error=0.0128520371316
Iteration  982 | cost=0.000100545489155 | residual=0.0109495439433 | consensus=0.00184097164826 | error=0.012852039686
Iteration  984 | cost=0.000100723957087 | residual=0.0109498564207 | consensus=0.00188633789958 | error=0.0128523741018
Iteration  986 | cost=0.000100879512243 | residual=0.0109497506848 | consensus=0.00194453765756 | error=0.0128522798249
Iteration  988 | cost=0.000101009903619 | residual=0.0109494415073 | consensus=0.00200492113598 | error=0.0128519531018
Iteration  990 | cost=0.000101129712637 | residual=0.0109496807781 | consensus=0.00205083511246 | error=0.0128521888824
Iteration  992 | cost=0.000101246291 | residual=0.0109499118125 | consensus=0.00207246926467 | error=0.0128524337099
Iteration  994 | cost=0.000101354006894 | residual=0.0109496328986 | consensus=0.0020768687753 | error=0.0128521490298
Iteration  996 | cost=0.000101444849983 | residual=0.0109497020285 | consensus=0.00208136569248 | error=0.0128522188167
Iteration  998 | cost=0.000101506671867 | residual=0.0109501330321 | consensus=0.00209674546269 | error=0.0128526827148
Iteration 1000 | cost=0.000101532825226 | residual=0.0109498835059 | consensus=0.00211936801436 | error=0.0128524411641
Wrote JSON report to /gpfs/home/tonshen/Seawulf_simulation/MPS_simulation/dist/10qubits/partition_compare/runs/20260319_partition_compare_laptoppath_uniformsmall_blocknorm_seed12_iter1000_r2/partition_2x2_seed=2/optimize.json
Wrote markdown report to /gpfs/home/tonshen/Seawulf_simulation/MPS_simulation/dist/10qubits/partition_compare/runs/20260319_partition_compare_laptoppath_uniformsmall_blocknorm_seed12_iter1000_r2/partition_2x2_seed=2/optimize_report.md
Wrote run summary to /gpfs/home/tonshen/Seawulf_simulation/MPS_simulation/dist/10qubits/partition_compare/runs/20260319_partition_compare_laptoppath_uniformsmall_blocknorm_seed12_iter1000_r2/partition_2x2_seed=2/run_summary.json
