Running: /gpfs/home/tonshen/.conda/envs/MPS/bin/python /gpfs/home/tonshen/Seawulf_simulation/MPS_simulation/dist/10qubits/partition_compare/partition_compare_optimize.py --config /gpfs/home/tonshen/Seawulf_simulation/MPS_simulation/dist/10qubits/partition_compare/param.yaml --case partition_4x4 --out-dir /gpfs/home/tonshen/Seawulf_simulation/MPS_simulation/dist/10qubits/partition_compare/runs/20260319_partition_compare_laptoppath_uniformsmall_blocknorm_seed12_iter1000_r2/partition_4x4_seed=2 --iterations 1000 --report-every 2 --init-seed 2
Preparing partition-compare case `partition_4x4`.
Iteration    0 | cost=0.902195018081 | residual=0.0573403006038 | consensus=0.330871883959 | error=0.0732186441226
Iteration    2 | cost=0.292848293317 | residual=0.0619067365237 | consensus=0.13998321254 | error=0.08026278202
Iteration    4 | cost=0.17023286166 | residual=0.0929871767927 | consensus=0.0964278773214 | error=0.114361896337
Iteration    6 | cost=0.169983732905 | residual=0.138134021774 | consensus=0.071187260459 | error=0.158454841162
Iteration    8 | cost=0.141037822379 | residual=0.177024088861 | consensus=0.0591411988952 | error=0.194587444245
Iteration   10 | cost=0.101297889846 | residual=0.206987635739 | consensus=0.0589284325295 | error=0.221823988397
Iteration   12 | cost=0.0785346892581 | residual=0.229925047233 | consensus=0.0640150665086 | error=0.243085609336
Iteration   14 | cost=0.0561134078759 | residual=0.248077424965 | consensus=0.0704634012903 | error=0.2607743875
Iteration   16 | cost=0.0356839713265 | residual=0.262846839351 | consensus=0.0760731247093 | error=0.275944274574
Iteration   18 | cost=0.0289410444658 | residual=0.274622608763 | consensus=0.0790288149616 | error=0.288485026433
Iteration   20 | cost=0.0337177735997 | residual=0.283228470405 | consensus=0.0788902920233 | error=0.297834316869
Iteration   22 | cost=0.0412128929322 | residual=0.288287120058 | consensus=0.0760401345359 | error=0.303406670874
Iteration   24 | cost=0.0415747962374 | residual=0.289427804005 | consensus=0.0710704752217 | error=0.304735687191
Iteration   26 | cost=0.0341064744593 | residual=0.286341916664 | consensus=0.064764597915 | error=0.301435139579
Iteration   28 | cost=0.0274582825332 | residual=0.278796788398 | consensus=0.0579588133429 | error=0.293199326448
Iteration   30 | cost=0.0247498642138 | residual=0.266789938811 | consensus=0.0511391202658 | error=0.280041541951
Iteration   32 | cost=0.0225038431152 | residual=0.25071969911 | consensus=0.0447353605017 | error=0.262531683626
Iteration   34 | cost=0.0194132664443 | residual=0.231281219289 | consensus=0.0398171484122 | error=0.241654683031
Iteration   36 | cost=0.0160300486495 | residual=0.209194349832 | consensus=0.0377712355789 | error=0.218431330333
Iteration   38 | cost=0.0130559472567 | residual=0.185165102176 | consensus=0.0392209081842 | error=0.193789356432
Iteration   40 | cost=0.010328990868 | residual=0.160117991474 | consensus=0.0434815806328 | error=0.168735965729
Iteration   42 | cost=0.00784905464052 | residual=0.135393681725 | consensus=0.0491715915962 | error=0.144537161458
Iteration   44 | cost=0.00704454836049 | residual=0.112595234849 | consensus=0.0549361028169 | error=0.122577084804
Iteration   46 | cost=0.00753896403116 | residual=0.0930991790129 | consensus=0.0597220216532 | error=0.103917471433
Iteration   48 | cost=0.00749538186931 | residual=0.0775435093959 | consensus=0.0629206878754 | error=0.0889061942123
Iteration   50 | cost=0.00682615312817 | residual=0.0657374850411 | consensus=0.0641704102763 | error=0.0772229677461
Iteration   52 | cost=0.00607029070694 | residual=0.0571376159259 | consensus=0.0633761885949 | error=0.0683898841029
Iteration   54 | cost=0.00545599496101 | residual=0.0511400576769 | consensus=0.0609639722599 | error=0.0619405702546
Iteration   56 | cost=0.00489556782549 | residual=0.0469309844309 | consensus=0.0576002792255 | error=0.0571686282952
Iteration   58 | cost=0.00424264934548 | residual=0.0437024790677 | consensus=0.0536303078527 | error=0.0533464658487
Iteration   60 | cost=0.00349271146985 | residual=0.0411976375187 | consensus=0.0491021265874 | error=0.0503029625334
Iteration   62 | cost=0.00251937185879 | residual=0.0397300819755 | consensus=0.0441574254933 | error=0.0484750210248
Iteration   64 | cost=0.0016598977068 | residual=0.03969450751 | consensus=0.0393147440616 | error=0.0483549150223
Iteration   66 | cost=0.00123068229833 | residual=0.0410900132458 | consensus=0.0354191753759 | error=0.0499091298628
Iteration   68 | cost=0.00104633244882 | residual=0.0434000312723 | consensus=0.0330029938487 | error=0.0524757846513
Iteration   70 | cost=0.00090232727122 | residual=0.0458633297213 | consensus=0.0318177467622 | error=0.0551438791359
Iteration   72 | cost=0.000774195660497 | residual=0.0478120061225 | consensus=0.0311622059912 | error=0.0571401042528
Iteration   74 | cost=0.000733751969379 | residual=0.0488787672264 | consensus=0.0303992757597 | error=0.0580495361597
Iteration   76 | cost=0.00076017433097 | residual=0.0490098451336 | consensus=0.0292706529144 | error=0.0578451089183
Iteration   78 | cost=0.000801171345946 | residual=0.0483247260928 | consensus=0.0278676283123 | error=0.0567396440273
Iteration   80 | cost=0.000793948099017 | residual=0.0469718487482 | consensus=0.0264907545501 | error=0.0550028747859
Iteration   82 | cost=0.000707343246636 | residual=0.0451158345505 | consensus=0.025461122481 | error=0.0529034912346
Iteration   84 | cost=0.000596039790683 | residual=0.0429693640408 | consensus=0.0249426423544 | error=0.0507044006115
Iteration   86 | cost=0.000506575625452 | residual=0.0407396215348 | consensus=0.0249389313424 | error=0.0485934407158
Iteration   88 | cost=0.000434472105807 | residual=0.0385409908099 | consensus=0.0252491840891 | error=0.0466091641879
Iteration   90 | cost=0.000371252653999 | residual=0.0363967218981 | consensus=0.025500019686 | error=0.0446801406727
Iteration   92 | cost=0.000326685700748 | residual=0.03432376166 | consensus=0.0254113282537 | error=0.0427427992999
Iteration   94 | cost=0.000297945235469 | residual=0.0323754795837 | consensus=0.0249707806983 | error=0.0407888424289
Iteration   96 | cost=0.00028662547201 | residual=0.0306320352619 | consensus=0.0243251497985 | error=0.0388617918886
Iteration   98 | cost=0.000293792378945 | residual=0.0292265872824 | consensus=0.0236638017009 | error=0.0371077025704
Iteration  100 | cost=0.000301600104041 | residual=0.0283091034699 | consensus=0.0232533821572 | error=0.0357425556126
Iteration  102 | cost=0.000298145311268 | residual=0.0278948868079 | consensus=0.0233079227312 | error=0.0348709183897
Iteration  104 | cost=0.000290135649679 | residual=0.0277840759999 | consensus=0.0237293860127 | error=0.0343668309305
Iteration  106 | cost=0.000279631598177 | residual=0.0276250472341 | consensus=0.0241440573418 | error=0.0339062088921
Iteration  108 | cost=0.000262040816459 | residual=0.0270418412817 | consensus=0.0241337176911 | error=0.0330871723959
Iteration  110 | cost=0.000238223791696 | residual=0.0257797465821 | consensus=0.0233822634593 | error=0.0316005326092
Iteration  112 | cost=0.000212414022303 | residual=0.0238270868761 | consensus=0.0217987346066 | error=0.0293875012887
Iteration  114 | cost=0.000189790743637 | residual=0.0214843740998 | consensus=0.0196252797902 | error=0.0267345700037
Iteration  116 | cost=0.000174338632722 | residual=0.0193640346797 | consensus=0.0174514087547 | error=0.0242856230372
Iteration  118 | cost=0.000165745141993 | residual=0.0182197977135 | consensus=0.0160981892524 | error=0.0228666497094
Iteration  120 | cost=0.000162592780753 | residual=0.0184703265924 | consensus=0.0161506296478 | error=0.0229855741326
Iteration  122 | cost=0.000164589009137 | residual=0.0197849887651 | consensus=0.0173647479712 | error=0.0243557409418
Iteration  124 | cost=0.00016959439553 | residual=0.0213524741038 | consensus=0.0188837025516 | error=0.0261041768545
Iteration  126 | cost=0.000174008253002 | residual=0.0224201986692 | consensus=0.0198835447851 | error=0.0273542967859
Iteration  128 | cost=0.000174859034159 | residual=0.022536670541 | consensus=0.0198575602068 | error=0.0275462345893
Iteration  130 | cost=0.000170986185761 | residual=0.0215819200066 | consensus=0.0186528233368 | error=0.0265028903875
Iteration  132 | cost=0.000163557645107 | residual=0.0197612993267 | consensus=0.0164551480124 | error=0.0244308116483
Iteration  134 | cost=0.000154768910396 | residual=0.0176032326719 | consensus=0.0138098125046 | error=0.0219162906532
Iteration  136 | cost=0.000146601993928 | residual=0.0159000319414 | consensus=0.0116878643512 | error=0.0198572062183
Iteration  138 | cost=0.000140943899571 | residual=0.0153944039546 | consensus=0.0112169143565 | error=0.0191272873284
Iteration  140 | cost=0.000138761409852 | residual=0.0161811877796 | consensus=0.0125393552857 | error=0.01991544804
Iteration  142 | cost=0.000139401810618 | residual=0.0175987074999 | consensus=0.0145711777484 | error=0.0215268012766
Iteration  144 | cost=0.000141221561408 | residual=0.0188299118461 | consensus=0.0162223050551 | error=0.0230090345078
Iteration  146 | cost=0.000142439189626 | residual=0.0193320368386 | consensus=0.0168742705915 | error=0.0236861770162
Iteration  148 | cost=0.000142010882133 | residual=0.0189135778364 | consensus=0.0163124624769 | error=0.0232874781705
Iteration  150 | cost=0.000140000918844 | residual=0.0177120437148 | consensus=0.0146591347836 | error=0.0219324324794
Iteration  152 | cost=0.000137160126127 | residual=0.0161591315472 | consensus=0.0123722843343 | error=0.0200910747125
Iteration  154 | cost=0.000134513428916 | residual=0.014887655891 | consensus=0.01029738035 | error=0.0184850572856
Iteration  156 | cost=0.00013287171602 | residual=0.0144563534484 | consensus=0.00953181137102 | error=0.0177993021779
Iteration  158 | cost=0.000132401992325 | residual=0.0149353268907 | consensus=0.0104483549712 | error=0.0182070024569
Iteration  160 | cost=0.000132594060792 | residual=0.0158472824068 | consensus=0.0121399282038 | error=0.0192195873441
Iteration  162 | cost=0.000132615398121 | residual=0.0165777618547 | consensus=0.0135508646489 | error=0.0201119566305
Iteration  164 | cost=0.000131830323795 | residual=0.0167135773669 | consensus=0.0140823180121 | error=0.0203536128485
Iteration  166 | cost=0.000130162366578 | residual=0.0161389704743 | consensus=0.0135394498838 | error=0.0197579184141
Iteration  168 | cost=0.000128055602053 | residual=0.0150301354434 | consensus=0.01205568711 | error=0.0184875176199
Iteration  170 | cost=0.000126222706216 | residual=0.0138129337878 | consensus=0.0100874731116 | error=0.0170105422422
Iteration  172 | cost=0.000125287351195 | residual=0.0130313652471 | consensus=0.00846032417981 | error=0.0159653956004
Iteration  174 | cost=0.000125442055882 | residual=0.0130395003197 | consensus=0.00814249939049 | error=0.0158265064705
Iteration  176 | cost=0.000126338855073 | residual=0.0137080179644 | consensus=0.00921768959038 | error=0.0165278799856
Iteration  178 | cost=0.000127260427324 | residual=0.0145482933414 | consensus=0.0107385563421 | error=0.0175282562391
Iteration  180 | cost=0.000127488330162 | residual=0.0150770343223 | consensus=0.0118393767465 | error=0.0182315469016
Iteration  182 | cost=0.000126659127535 | residual=0.0150226828555 | consensus=0.0120768240144 | error=0.0182689167317
Iteration  184 | cost=0.000124920740388 | residual=0.0143691188535 | consensus=0.0113408272211 | error=0.017572767347
Iteration  186 | cost=0.000122849758886 | residual=0.0133431807486 | consensus=0.00979810837244 | error=0.0163700626918
Iteration  188 | cost=0.00012117548436 | residual=0.0123646529964 | consensus=0.00791203977039 | error=0.015134921343
Iteration  190 | cost=0.000120435442708 | residual=0.011892079267 | consensus=0.00653153523038 | error=0.014433396319
Iteration  192 | cost=0.000120735625245 | residual=0.0121298198984 | consensus=0.00658480209438 | error=0.0145886752673
Iteration  194 | cost=0.000121724359304 | residual=0.0128571916936 | consensus=0.00786166777524 | error=0.0154143308157
Iteration  196 | cost=0.000122779694989 | residual=0.0136286668739 | consensus=0.00932551316176 | error=0.0163875659409
Iteration  198 | cost=0.000123303867621 | residual=0.0140656431309 | consensus=0.0102620503495 | error=0.0170159832761
Iteration  200 | cost=0.000122979300718 | residual=0.0139853636018 | consensus=0.0103610298539 | error=0.0170284981892
Iteration  202 | cost=0.000121881400393 | residual=0.0134159593811 | consensus=0.00958603503917 | error=0.0164095804754
Iteration  204 | cost=0.000120411255981 | residual=0.0125717776058 | consensus=0.00812741470666 | error=0.0153785442528
Iteration  206 | cost=0.000119093026935 | residual=0.011792811848 | consensus=0.00642980529626 | error=0.01433323354
Iteration  208 | cost=0.000118337446401 | residual=0.011408764163 | consensus=0.00528464577449 | error=0.0137113788254
Iteration  210 | cost=0.000118279670353 | residual=0.0115409800729 | consensus=0.00547824256462 | error=0.0137462620155
Iteration  212 | cost=0.000118754720268 | residual=0.0120197258959 | consensus=0.00665865692973 | error=0.0142986244493
Iteration  214 | cost=0.000119402322791 | residual=0.0125293611235 | consensus=0.00789329773867 | error=0.0149840728851
Iteration  216 | cost=0.000119840876558 | residual=0.0128046826197 | consensus=0.00862471947418 | error=0.0154344521982
Iteration  218 | cost=0.000119828791649 | residual=0.0127260712257 | consensus=0.00863832128865 | error=0.0154482645485
Iteration  220 | cost=0.000119346316748 | residual=0.0123310407929 | consensus=0.00794044824473 | error=0.0150222039252
Iteration  222 | cost=0.000118572975836 | residual=0.0117850227656 | consensus=0.00672013428818 | error=0.0143276652684
Iteration  224 | cost=0.00011778394414 | residual=0.0113175759187 | consensus=0.00537066897785 | error=0.0136492119618
Iteration  226 | cost=0.000117222080543 | residual=0.0111183533826 | consensus=0.00453245983246 | error=0.0132688800096
Iteration  228 | cost=0.000117003523066 | residual=0.0112317575428 | consensus=0.00473502739743 | error=0.0133149833536
Iteration  230 | cost=0.000117090794482 | residual=0.0115399179397 | consensus=0.00563910745994 | error=0.013687776654
Iteration  232 | cost=0.000117333764216 | residual=0.0118529010319 | consensus=0.00654972094204 | error=0.0141443684011
Iteration  234 | cost=0.000117549806124 | residual=0.012015680204 | consensus=0.00705767395069 | error=0.0144499917563
Iteration  236 | cost=0.000117602482397 | residual=0.0119639398304 | consensus=0.00701515038875 | error=0.014474748
Iteration  238 | cost=0.000117445896805 | residual=0.0117297981561 | consensus=0.00644920635893 | error=0.014218749098
Iteration  240 | cost=0.0001171232366 | residual=0.0114157851934 | consensus=0.00553137455034 | error=0.0137924509619
Iteration  242 | cost=0.000116730362278 | residual=0.0111471351502 | consensus=0.00458204027524 | error=0.0133665769411
Iteration  244 | cost=0.00011636747928 | residual=0.0110141557864 | consensus=0.00404564791688 | error=0.0130978427974
Iteration  246 | cost=0.00011610128422 | residual=0.0110313491811 | consensus=0.00419589258635 | error=0.0130547751426
Iteration  248 | cost=0.000115950184587 | residual=0.0111408010959 | consensus=0.00478018306786 | error=0.0131906522327
Iteration  250 | cost=0.000115892114032 | residual=0.0112549280071 | consensus=0.00535661012661 | error=0.0133851478916
Iteration  252 | cost=0.00011588473261 | residual=0.0113043945586 | consensus=0.00565071204915 | error=0.0135172622721
Iteration  254 | cost=0.000115885581277 | residual=0.0112647347622 | consensus=0.00556680969807 | error=0.0135192791922
Iteration  256 | cost=0.000115864091769 | residual=0.0111573021944 | consensus=0.00514097655087 | error=0.013394005754
Iteration  258 | cost=0.000115804258265 | residual=0.0110313523422 | consensus=0.00451723973361 | error=0.0132011503708
Iteration  260 | cost=0.000115701775722 | residual=0.0109369615463 | consensus=0.00393189598247 | error=0.0130233932055
Iteration  262 | cost=0.000115560435165 | residual=0.0109007861454 | consensus=0.00364624154266 | error=0.0129252589759
Iteration  264 | cost=0.000115390493712 | residual=0.0109164708531 | consensus=0.00375495988896 | error=0.0129234598921
Iteration  266 | cost=0.000115208538707 | residual=0.010953585432 | consensus=0.00408302657689 | error=0.0129849426362
Iteration  268 | cost=0.000115036353356 | residual=0.0109773101599 | consensus=0.00437797710699 | error=0.0130515625685
Iteration  270 | cost=0.000114896668917 | residual=0.0109663264994 | consensus=0.00447795867902 | error=0.0130731984213
Iteration  272 | cost=0.000114805921339 | residual=0.0109206983323 | consensus=0.004334320742 | error=0.0130306054485
Iteration  274 | cost=0.000114766778012 | residual=0.0108583257942 | consensus=0.00399461129709 | error=0.0129398771107
Iteration  276 | cost=0.000114764371174 | residual=0.0108033466914 | consensus=0.00358593333233 | error=0.0128397933623
Iteration  278 | cost=0.000114769079853 | residual=0.0107726542397 | consensus=0.00328260718001 | error=0.0127692113292
Iteration  280 | cost=0.00011474601776 | residual=0.0107674424275 | consensus=0.00321590399997 | error=0.0127458830157
Iteration  282 | cost=0.000114668277035 | residual=0.010774031555 | consensus=0.00336110654531 | error=0.0127582789296
Iteration  284 | cost=0.000114528767857 | residual=0.0107728053354 | consensus=0.00356400501976 | error=0.0127746809691
Iteration  286 | cost=0.000114345253108 | residual=0.0107496905475 | consensus=0.00367121633865 | error=0.0127630215796
Iteration  288 | cost=0.000114155382139 | residual=0.0107040657435 | consensus=0.00360098149065 | error=0.0127095432727
Iteration  290 | cost=0.00011400265763 | residual=0.0106494628068 | consensus=0.0033537105427 | error=0.0126268075062
Iteration  292 | cost=0.000113918557578 | residual=0.0106068204716 | consensus=0.00300822038465 | error=0.0125475277697
Iteration  294 | cost=0.000113908390592 | residual=0.0105933947023 | consensus=0.00270956533043 | error=0.0125069664411
Iteration  296 | cost=0.000113947553859 | residual=0.0106129715267 | consensus=0.00260975113567 | error=0.0125226365221
Iteration  298 | cost=0.000113990693014 | residual=0.01065294628 | consensus=0.00274019861226 | error=0.0125830378795
Iteration  300 | cost=0.000113990475242 | residual=0.0106900953257 | consensus=0.0029737721284 | error=0.0126526474397
Iteration  302 | cost=0.000113917951875 | residual=0.0107018021933 | consensus=0.00314664662704 | error=0.0126900394
Iteration  304 | cost=0.000113775284316 | residual=0.010676884594 | consensus=0.00315096651729 | error=0.0126685763439
Iteration  306 | cost=0.000113594840285 | residual=0.0106210392737 | consensus=0.00295279195377 | error=0.0125894667662
Iteration  308 | cost=0.000113424900876 | residual=0.010554586605 | consensus=0.00259157798617 | error=0.0124817852761
Iteration  310 | cost=0.000113308437964 | residual=0.0105032509593 | consensus=0.00218621820874 | error=0.012389258033
Iteration  312 | cost=0.000113264601246 | residual=0.0104858359957 | consensus=0.00193360032722 | error=0.0123489601726
Iteration  314 | cost=0.000113281184596 | residual=0.0105048719879 | consensus=0.00199308093718 | error=0.0123722426075
Iteration  316 | cost=0.000113321150911 | residual=0.0105454468835 | consensus=0.00228496636071 | error=0.0124389141021
Iteration  318 | cost=0.00011333980482 | residual=0.0105828845062 | consensus=0.0025937580629 | error=0.0125082604891
Iteration  320 | cost=0.000113304505923 | residual=0.0105948749787 | consensus=0.00276095197513 | error=0.0125399026835
Iteration  322 | cost=0.000113208049767 | residual=0.010571860802 | consensus=0.00271302001083 | error=0.012512973027
Iteration  324 | cost=0.00011307015604 | residual=0.0105211680426 | consensus=0.00244551428111 | error=0.0124351472524
Iteration  326 | cost=0.000112927135823 | residual=0.0104633978752 | consensus=0.00201864570524 | error=0.0123385540477
Iteration  328 | cost=0.000112815056019 | residual=0.0104226420455 | consensus=0.00157453601188 | error=0.0122644357507
Iteration  330 | cost=0.000112754280751 | residual=0.0104148633619 | consensus=0.00136136789353 | error=0.0122430595979
Iteration  332 | cost=0.000112742382085 | residual=0.0104402349531 | consensus=0.00153794328214 | error=0.012278866474
Iteration  334 | cost=0.000112760115144 | residual=0.0104835605948 | consensus=0.00190543084101 | error=0.0123492087727
Iteration  336 | cost=0.000112803092457 | residual=0.0105223041831 | consensus=0.00222188916843 | error=0.0124169932087
Iteration  338 | cost=0.000113045108102 | residual=0.0105375529538 | consensus=0.00238511725069 | error=0.0124492511038
Iteration  340 | cost=0.000114929059384 | residual=0.0105223702971 | consensus=0.00251226917895 | error=0.012431801385
Iteration  342 | cost=0.000126298718244 | residual=0.0104840450515 | consensus=0.00346133127756 | error=0.0123739754679
Iteration  344 | cost=0.000141826037859 | residual=0.0104396572644 | consensus=0.0060193758743 | error=0.0123020819874
Iteration  346 | cost=0.000118784012457 | residual=0.0104078814834 | consensus=0.00597776703401 | error=0.0122472907796
Iteration  348 | cost=0.000114832876264 | residual=0.0103997495033 | consensus=0.00278892717671 | error=0.0122301982284
Iteration  350 | cost=0.000113183637377 | residual=0.0104138856556 | consensus=0.00219188217444 | error=0.0122495146739
Iteration  352 | cost=0.000113056543973 | residual=0.0104391177741 | consensus=0.00182863481115 | error=0.0122894118387
Iteration  354 | cost=0.000117073337172 | residual=0.0104599283627 | consensus=0.00202414605249 | error=0.0123245103046
Iteration  356 | cost=0.000122939824108 | residual=0.0104652051715 | consensus=0.00246555282356 | error=0.0123362543808
Iteration  358 | cost=0.000112327166316 | residual=0.0104520226687 | consensus=0.00238457205266 | error=0.0123186122811
Iteration  360 | cost=0.000113383778031 | residual=0.0104277237397 | consensus=0.00160873187271 | error=0.0122817211443
Iteration  362 | cost=0.000112228336907 | residual=0.0104033930882 | consensus=0.00131655269809 | error=0.0122428339517
Iteration  364 | cost=0.000112069459783 | residual=0.0103892893968 | consensus=0.00104906922041 | error=0.0122184472719
Iteration  366 | cost=0.000112024882066 | residual=0.0103897299429 | consensus=0.00101512743501 | error=0.0122163997327
Iteration  368 | cost=0.000111862501747 | residual=0.0104015502099 | consensus=0.00120502441643 | error=0.0122328420439
Iteration  370 | cost=0.000111843973322 | residual=0.0104168023329 | consensus=0.00140492316483 | error=0.0122559666511
Iteration  372 | cost=0.000111792043731 | residual=0.0104270644127 | consensus=0.0015241541519 | error=0.0122727565422
Iteration  374 | cost=0.000111752990999 | residual=0.0104275536344 | consensus=0.00151704168323 | error=0.0122754334942
Iteration  376 | cost=0.00011171304614 | residual=0.0104188429263 | consensus=0.00139281423466 | error=0.0122642482495
Iteration  378 | cost=0.000111665157405 | residual=0.0104057302683 | consensus=0.00119876702733 | error=0.0122459629652
Iteration  380 | cost=0.000111615277312 | residual=0.0103942713481 | consensus=0.00101662457811 | error=0.0122294432063
Iteration  382 | cost=0.000111562721234 | residual=0.010388616512 | consensus=0.000943245382315 | error=0.0122208551314
Iteration  384 | cost=0.000111511041047 | residual=0.0103892639912 | consensus=0.00100602331299 | error=0.0122210096155
Iteration  386 | cost=0.000111462007759 | residual=0.0103934197274 | consensus=0.00112755479658 | error=0.0122258991402
Iteration  388 | cost=0.00011141684403 | residual=0.0103969852422 | consensus=0.00121935915791 | error=0.012229687282
Iteration  390 | cost=0.000111375677782 | residual=0.0103969087509 | consensus=0.00123550475438 | error=0.0122282015305
Iteration  392 | cost=0.000111337637517 | residual=0.0103926383598 | consensus=0.00117016155471 | error=0.0122210066611
Iteration  394 | cost=0.000111301131892 | residual=0.010386067906 | consensus=0.00104970749053 | error=0.012211172592
Iteration  396 | cost=0.000111264174738 | residual=0.0103802153191 | consensus=0.000927060822224 | error=0.0122031673079
Iteration  398 | cost=0.00011122497265 | residual=0.0103774847102 | consensus=0.000865043044801 | error=0.0122002293331
Iteration  400 | cost=0.000111182497251 | residual=0.010378467317 | consensus=0.000890613672365 | error=0.0122026924983
Iteration  402 | cost=0.000111136886679 | residual=0.0103818365839 | consensus=0.000966228080028 | error=0.0122080639778
Iteration  404 | cost=0.000111089449745 | residual=0.0103852467109 | consensus=0.00103213786483 | error=0.0122126141404
Iteration  406 | cost=0.000111042198538 | residual=0.0103866302589 | consensus=0.00104888714288 | error=0.0122134466807
Iteration  408 | cost=0.00011099705985 | residual=0.0103851745509 | consensus=0.00100527617841 | error=0.0122098967728
Iteration  410 | cost=0.000110955109442 | residual=0.0103815370562 | consensus=0.000915171128255 | error=0.012203616542
Iteration  412 | cost=0.000110916188542 | residual=0.0103773113992 | consensus=0.000813779461369 | error=0.0121974659821
Iteration  414 | cost=0.000110879079654 | residual=0.0103741217082 | consensus=0.000748526807702 | error=0.0121939164287
Iteration  416 | cost=0.000110842133818 | residual=0.0103728437023 | consensus=0.000750975328217 | error=0.012193833866
Iteration  418 | cost=0.000110804024797 | residual=0.0103733068258 | consensus=0.000806563053698 | error=0.01219621043
Iteration  420 | cost=0.00011076426509 | residual=0.0103745378847 | consensus=0.000871476013815 | error=0.0121988600555
Iteration  422 | cost=0.000110723276107 | residual=0.0103753367426 | consensus=0.000908853146934 | error=0.0121996100923
Iteration  424 | cost=0.000110682045322 | residual=0.0103748589878 | consensus=0.00090155832284 | error=0.0121973465252
Iteration  426 | cost=0.000110641594937 | residual=0.0103729438339 | consensus=0.000851000034722 | error=0.0121924409738
Iteration  428 | cost=0.000110602535924 | residual=0.0103700947085 | consensus=0.000773934952508 | error=0.0121864512753
