Running: /gpfs/home/tonshen/.conda/envs/MPS/bin/python /gpfs/home/tonshen/Seawulf_simulation/MPS_simulation/dist/10qubits/partition_compare/partition_compare_optimize.py --config /gpfs/home/tonshen/Seawulf_simulation/MPS_simulation/dist/10qubits/partition_compare/param.yaml --case partition_2x2 --out-dir /gpfs/home/tonshen/Seawulf_simulation/MPS_simulation/dist/10qubits/partition_compare/runs/20260319_partition_compare_laptoppath_blocknorm_seed12_iter1000_r10/partition_2x2_seed=2 --iterations 1000 --report-every 10 --init-seed 2
Preparing partition-compare case `partition_2x2`.
Iteration    0 | cost=4.87767199064 | residual=1.04330358022 | consensus=1.44167972441 | error=1.17662665345
Iteration   10 | cost=2.60139801604 | residual=0.994406344534 | consensus=0.00926699146909 | error=1.13015565225
Iteration   20 | cost=1.1508315692 | residual=0.93205149832 | consensus=0.00631594660169 | error=1.00168479547
Iteration   30 | cost=0.585530705142 | residual=0.898804429634 | consensus=0.0047338350843 | error=0.92867801844
Iteration   40 | cost=0.431841719489 | residual=0.865591648057 | consensus=0.00326732367334 | error=0.881002901381
Iteration   50 | cost=0.369851487301 | residual=0.803035376254 | consensus=0.00269647817578 | error=0.816369870014
Iteration   60 | cost=0.322793186909 | residual=0.71129743825 | consensus=0.00284680044961 | error=0.726551761792
Iteration   70 | cost=0.277288456964 | residual=0.600102884233 | consensus=0.00297933575892 | error=0.615795872561
Iteration   80 | cost=0.240827114932 | residual=0.493418598391 | consensus=0.00355313834758 | error=0.503026716393
Iteration   90 | cost=0.226629970713 | residual=0.448230338167 | consensus=0.0029282323535 | error=0.451348129619
Iteration  100 | cost=0.220455060037 | residual=0.450216860619 | consensus=0.00167048494524 | error=0.451797946373
Iteration  110 | cost=0.211565997219 | residual=0.45147589253 | consensus=0.000981645125098 | error=0.453292551279
Iteration  120 | cost=0.195434994175 | residual=0.438316399482 | consensus=0.000805434505747 | error=0.44128463195
Iteration  130 | cost=0.169796484615 | residual=0.414020714849 | consensus=0.000838040441887 | error=0.418999661007
Iteration  140 | cost=0.14515447378 | residual=0.379391130504 | consensus=0.00139508257385 | error=0.385856853536
Iteration  150 | cost=0.120272067417 | residual=0.346893133727 | consensus=0.00243811416946 | error=0.354612625237
Iteration  160 | cost=0.111283053612 | residual=0.332132276631 | consensus=0.0016481448332 | error=0.342787199419
Iteration  170 | cost=0.107633730318 | residual=0.32771340004 | consensus=0.0009990545922 | error=0.341031973998
Iteration  180 | cost=0.106761006338 | residual=0.326564159115 | consensus=0.000851710999499 | error=0.341481099689
Iteration  190 | cost=0.106466185294 | residual=0.32693526188 | consensus=0.00050201315356 | error=0.342694743881
Iteration  200 | cost=0.106387850251 | residual=0.327338695927 | consensus=0.000289303029766 | error=0.343376434128
Iteration  210 | cost=0.106316853486 | residual=0.327071010662 | consensus=0.000131769149616 | error=0.343064716519
Iteration  220 | cost=0.106237312304 | residual=0.326538429116 | consensus=0.00014005694144 | error=0.342393764267
Iteration  230 | cost=0.106168004635 | residual=0.326183710377 | consensus=7.02110465596e-05 | error=0.341916029248
Iteration  240 | cost=0.106103641364 | residual=0.325936075139 | consensus=6.11937995329e-05 | error=0.341575617706
Iteration  250 | cost=0.106041701622 | residual=0.325665651479 | consensus=4.26879164197e-05 | error=0.341249893807
Iteration  260 | cost=0.105980768795 | residual=0.325407149691 | consensus=3.21560947115e-05 | error=0.340968255771
Iteration  270 | cost=0.105920209611 | residual=0.325196356242 | consensus=2.37725233796e-05 | error=0.34075003383
Iteration  280 | cost=0.105859759791 | residual=0.325007005758 | consensus=2.1446599792e-05 | error=0.340559365515
Iteration  290 | cost=0.105799328848 | residual=0.324813897654 | consensus=2.05744492998e-05 | error=0.340365603145
Iteration  300 | cost=0.105738981827 | residual=0.32462361238 | consensus=1.88098019873e-05 | error=0.340172563698
Iteration  310 | cost=0.105678820771 | residual=0.324441843409 | consensus=1.8204443694e-05 | error=0.339986100513
Iteration  320 | cost=0.105618983145 | residual=0.324262544802 | consensus=1.67319160813e-05 | error=0.339800877938
Iteration  330 | cost=0.105559606831 | residual=0.32408451635 | consensus=1.74984978878e-05 | error=0.339616533037
Iteration  340 | cost=0.105500782384 | residual=0.323909372147 | consensus=1.79274150568e-05 | error=0.339435026583
Iteration  350 | cost=0.105442529578 | residual=0.32373747454 | consensus=1.71088236402e-05 | error=0.339257084241
Iteration  360 | cost=0.105384785892 | residual=0.323567850021 | consensus=1.7265690827e-05 | error=0.339081666278
Iteration  370 | cost=0.105327390665 | residual=0.323400576544 | consensus=1.71058035169e-05 | error=0.338908813595
Iteration  380 | cost=0.105270072852 | residual=0.323235211078 | consensus=1.72544662662e-05 | error=0.338738035018
Iteration  390 | cost=0.105212440674 | residual=0.323070787356 | consensus=1.74091166623e-05 | error=0.338568306781
Iteration  400 | cost=0.10515396494 | residual=0.322906011918 | consensus=1.74811682366e-05 | error=0.338398293674
Iteration  410 | cost=0.105093957446 | residual=0.322739209439 | consensus=1.77448771899e-05 | error=0.338226293189
Iteration  420 | cost=0.105031539549 | residual=0.322568179143 | consensus=1.84184546546e-05 | error=0.338050075258
Iteration  430 | cost=0.104965596642 | residual=0.322390157731 | consensus=1.91992354166e-05 | error=0.337866835316
Iteration  440 | cost=0.104894713117 | residual=0.322201680317 | consensus=2.04022956923e-05 | error=0.337673053978
Iteration  450 | cost=0.104817077555 | residual=0.321998361902 | consensus=2.21273136908e-05 | error=0.337464277846
Iteration  460 | cost=0.104730345421 | residual=0.321774628582 | consensus=2.44064072218e-05 | error=0.337234854071
Iteration  470 | cost=0.104631436487 | residual=0.321523264635 | consensus=2.73624808288e-05 | error=0.336977475028
Iteration  480 | cost=0.104516228915 | residual=0.321234788479 | consensus=3.13078089561e-05 | error=0.336682557057
Iteration  490 | cost=0.104379082858 | residual=0.320896498397 | consensus=3.65080050907e-05 | error=0.336337289893
Iteration  500 | cost=0.104212066288 | residual=0.320490987567 | consensus=4.33756683243e-05 | error=0.335924162877
Iteration  510 | cost=0.104003626905 | residual=0.319993730012 | consensus=5.25963569241e-05 | error=0.335418576679
Iteration  520 | cost=0.103736154637 | residual=0.319368925008 | consensus=6.53071055419e-05 | error=0.334784750677
Iteration  530 | cost=0.103381121165 | residual=0.318561837792 | consensus=8.34311525672e-05 | error=0.333968218366
Iteration  540 | cost=0.102888342222 | residual=0.317483414802 | consensus=0.000110605335973 | error=0.332880845532
Iteration  550 | cost=0.102159002409 | residual=0.315975983319 | consensus=0.000154314395215 | error=0.331367694281
Iteration  560 | cost=0.100966221063 | residual=0.313726214232 | consensus=0.000231389270944 | error=0.32912383809
Iteration  570 | cost=0.0986760723134 | residual=0.310008149042 | consensus=0.000382207372242 | error=0.325452596524
Iteration  580 | cost=0.0931479417523 | residual=0.302797607431 | consensus=0.000700524182648 | error=0.318451199871
Iteration  590 | cost=0.0775957987854 | residual=0.28522681755 | consensus=0.00143234135505 | error=0.301751352411
Iteration  600 | cost=0.0446433688299 | residual=0.23216757961 | consensus=0.00283662807235 | error=0.250461644412
Iteration  610 | cost=0.0106385671079 | residual=0.122049145589 | consensus=0.00595976857966 | error=0.137722873551
Iteration  620 | cost=0.00159408113995 | residual=0.0449209258303 | consensus=0.00630419679187 | error=0.0531856658788
Iteration  630 | cost=0.00129952199108 | residual=0.0405785037409 | consensus=0.00336311295025 | error=0.047190822972
Iteration  640 | cost=0.000618183383868 | residual=0.0291398729997 | consensus=0.00186143769266 | error=0.0335191853062
Iteration  650 | cost=0.000247853616264 | residual=0.0174208110597 | consensus=0.00253792847971 | error=0.0200627775037
Iteration  660 | cost=0.00016531842949 | residual=0.014273343105 | consensus=0.00306442088735 | error=0.0168416043011
Iteration  670 | cost=0.000158336085168 | residual=0.0130980438816 | consensus=0.0051040318228 | error=0.0152612927697
Iteration  680 | cost=0.000166596628549 | residual=0.0136888798076 | consensus=0.00686509115522 | error=0.0158285984702
Iteration  690 | cost=0.000170867635636 | residual=0.0147722756834 | consensus=0.00724421056311 | error=0.0170138143645
Iteration  700 | cost=0.000144768451093 | residual=0.0129775322828 | consensus=0.00474997756497 | error=0.0150536746848
Iteration  710 | cost=0.000121054750284 | residual=0.0109667491176 | consensus=0.000403572864202 | error=0.0128679088645
Iteration  720 | cost=0.000136788040462 | residual=0.012128228882 | consensus=0.00308418128887 | error=0.0141102595688
Iteration  730 | cost=0.000133446732002 | residual=0.0119249794341 | consensus=0.00295936152695 | error=0.0138968110449
Iteration  740 | cost=0.000120042013427 | residual=0.0109650885483 | consensus=0.000477009889011 | error=0.0128709196301
Iteration  750 | cost=0.00012392178866 | residual=0.0112423473163 | consensus=0.00149517592308 | error=0.0131656204526
Iteration  760 | cost=0.00012339881971 | residual=0.0112026347764 | consensus=0.00149255199104 | error=0.0131228890602
Iteration  770 | cost=0.000119894228715 | residual=0.0109535125251 | consensus=0.000256038682364 | error=0.0128567653445
Iteration  780 | cost=0.000120754586892 | residual=0.0110153362771 | consensus=0.00072451717201 | error=0.012922871686
Iteration  790 | cost=0.000120723141414 | residual=0.0110132902705 | consensus=0.00075567408032 | error=0.0129208793242
Iteration  800 | cost=0.000119869799732 | residual=0.0109524115578 | consensus=0.000190386708154 | error=0.0128559280452
Iteration  810 | cost=0.000119980317684 | residual=0.0109603740428 | consensus=0.000304802588617 | error=0.0128643373319
Iteration  820 | cost=0.000120049750802 | residual=0.010965525652 | consensus=0.000385113309017 | error=0.0128697920665
Iteration  830 | cost=0.000119860697178 | residual=0.0109518075378 | consensus=0.00016358152003 | error=0.0128551893911
Iteration  840 | cost=0.000119835403655 | residual=0.0109500101532 | consensus=8.76957873812e-05 | error=0.0128532614205
Iteration  850 | cost=0.000119871158449 | residual=0.0109526678272 | consensus=0.000180864915755 | error=0.0128560999674
Iteration  860 | cost=0.000119844599047 | residual=0.0109506893792 | consensus=0.000123907744771 | error=0.0128540006602
Iteration  870 | cost=0.000119822910882 | residual=0.0109491123684 | consensus=1.55570921184e-05 | error=0.0128523066255
Iteration  880 | cost=0.000119828472666 | residual=0.0109495337117 | consensus=6.37295570735e-05 | error=0.012852754669
Iteration  890 | cost=0.000119830073204 | residual=0.0109496436681 | consensus=7.32516018885e-05 | error=0.0128528753537
Iteration  900 | cost=0.000119824507915 | residual=0.0109492373212 | consensus=3.79541476326e-05 | error=0.0128524374688
Iteration  910 | cost=0.00011982273978 | residual=0.0109491045159 | consensus=9.55663606962e-06 | error=0.0128522971685
Iteration  920 | cost=0.000119824119925 | residual=0.0109491770042 | consensus=4.37337948149e-05 | error=0.0128523759069
Iteration  930 | cost=0.000119839558221 | residual=0.0109492022142 | consensus=0.000207157684978 | error=0.0128524000183
Iteration  940 | cost=0.000120504738809 | residual=0.0109504431756 | consensus=0.00134408295858 | error=0.0128537376651
Iteration  950 | cost=0.000123058851291 | residual=0.0109523117757 | consensus=0.00313963962753 | error=0.0128557861544
Iteration  960 | cost=0.000121113043269 | residual=0.0109503263494 | consensus=0.00167393919635 | error=0.0128536364614
Iteration  970 | cost=0.000121085861927 | residual=0.0109500974487 | consensus=0.00163518535555 | error=0.0128533898072
Iteration  980 | cost=0.000120149359352 | residual=0.0109493400646 | consensus=0.000850151313461 | error=0.0128525629104
Iteration  990 | cost=0.000119885345675 | residual=0.0109491442845 | consensus=0.00037321430163 | error=0.0128523355446
Iteration 1000 | cost=0.000119836325674 | residual=0.0109491033703 | consensus=0.000174503459657 | error=0.0128522831911
Wrote JSON report to /gpfs/home/tonshen/Seawulf_simulation/MPS_simulation/dist/10qubits/partition_compare/runs/20260319_partition_compare_laptoppath_blocknorm_seed12_iter1000_r10/partition_2x2_seed=2/optimize.json
Wrote markdown report to /gpfs/home/tonshen/Seawulf_simulation/MPS_simulation/dist/10qubits/partition_compare/runs/20260319_partition_compare_laptoppath_blocknorm_seed12_iter1000_r10/partition_2x2_seed=2/optimize_report.md
Wrote run summary to /gpfs/home/tonshen/Seawulf_simulation/MPS_simulation/dist/10qubits/partition_compare/runs/20260319_partition_compare_laptoppath_blocknorm_seed12_iter1000_r10/partition_2x2_seed=2/run_summary.json
