[2026-03-11 04:01:12] System variant: cluster12_stabilizer_2x2_q2_index_qiskit
[2026-03-11 04:01:12] static_ops module: Qiskit_simulation.static_ops_2x2_cluster12_stabilizer_qiskit
[2026-03-11 04:01:12] local data qubits per agent: 11
[2026-03-11 04:01:12] epochs=20000, log_every=50, lr=0.01, spsa_c=0.05
[2026-03-11 04:01:12] Aer method=matrix_product_state, precision=single, max_bond_dim=8
[2026-03-11 04:01:12] Metropolis weight matrix Wm =
[[0.6666667  0.33333334]
 [0.33333334 0.6666667 ]]
[2026-03-11 04:01:12] Analytic spectrum: lambda_min=0.02000000, lambda_max=1.00000000, cond(A)=50.00000000
[2026-03-11 04:01:14] [Init] Initial Loss = 3.979990e+00
[2026-03-11 04:01:15] [Init] Residual = 1.209056e+00 | Variance(mean) = 5.891686e-01
[2026-03-11 04:02:46] [Epoch 00050] Loss = 2.072399e+00 | Residual = 1.203778e+00 | Variance(mean) = 8.702868e-07
[2026-03-11 04:04:15] [Epoch 00100] Loss = 1.235311e+00 | Residual = 1.198131e+00 | Variance(mean) = 1.303322e-06
[2026-03-11 04:05:44] [Epoch 00150] Loss = 9.690438e-01 | Residual = 1.186606e+00 | Variance(mean) = 3.354071e-07
[2026-03-11 04:07:13] [Epoch 00200] Loss = 8.846529e-01 | Residual = 1.169079e+00 | Variance(mean) = 1.151815e-07
[2026-03-11 04:08:42] [Epoch 00250] Loss = 8.292894e-01 | Residual = 1.147875e+00 | Variance(mean) = 1.728276e-07
[2026-03-11 04:10:11] [Epoch 00300] Loss = 7.938603e-01 | Residual = 1.132219e+00 | Variance(mean) = 1.014890e-07
[2026-03-11 04:11:40] [Epoch 00350] Loss = 7.595462e-01 | Residual = 1.116840e+00 | Variance(mean) = 7.437591e-08
[2026-03-11 04:13:09] [Epoch 00400] Loss = 7.183854e-01 | Residual = 1.098326e+00 | Variance(mean) = 1.881747e-07
[2026-03-11 04:14:37] [Epoch 00450] Loss = 6.781047e-01 | Residual = 1.080813e+00 | Variance(mean) = 2.540268e-08
[2026-03-11 04:16:06] [Epoch 00500] Loss = 6.496966e-01 | Residual = 1.068672e+00 | Variance(mean) = 6.251030e-08
[2026-03-11 04:17:35] [Epoch 00550] Loss = 6.239091e-01 | Residual = 1.057024e+00 | Variance(mean) = 9.301603e-09
[2026-03-11 04:19:04] [Epoch 00600] Loss = 6.005824e-01 | Residual = 1.046130e+00 | Variance(mean) = 3.412497e-08
[2026-03-11 04:20:32] [Epoch 00650] Loss = 5.825130e-01 | Residual = 1.037412e+00 | Variance(mean) = 5.611863e-08
[2026-03-11 04:22:01] [Epoch 00700] Loss = 5.696611e-01 | Residual = 1.031403e+00 | Variance(mean) = 8.165746e-09
[2026-03-11 04:23:30] [Epoch 00750] Loss = 5.572364e-01 | Residual = 1.026050e+00 | Variance(mean) = 3.743657e-08
[2026-03-11 04:24:59] [Epoch 00800] Loss = 5.419123e-01 | Residual = 1.018402e+00 | Variance(mean) = 2.246427e-09
[2026-03-11 04:26:28] [Epoch 00850] Loss = 5.311340e-01 | Residual = 1.013780e+00 | Variance(mean) = 4.996390e-08
[2026-03-11 04:27:57] [Epoch 00900] Loss = 5.222888e-01 | Residual = 1.009825e+00 | Variance(mean) = 2.088432e-08
[2026-03-11 04:29:26] [Epoch 00950] Loss = 5.182134e-01 | Residual = 1.007801e+00 | Variance(mean) = 7.730275e-09
[2026-03-11 04:30:54] [Epoch 01000] Loss = 5.133937e-01 | Residual = 1.005483e+00 | Variance(mean) = 4.663882e-10
[2026-03-11 04:32:23] [Epoch 01050] Loss = 5.101262e-01 | Residual = 1.004025e+00 | Variance(mean) = 8.515783e-09
[2026-03-11 04:33:52] [Epoch 01100] Loss = 5.071959e-01 | Residual = 1.002784e+00 | Variance(mean) = 4.124446e-10
[2026-03-11 04:35:21] [Epoch 01150] Loss = 5.049746e-01 | Residual = 1.001808e+00 | Variance(mean) = 2.152245e-09
[2026-03-11 04:36:50] [Epoch 01200] Loss = 5.035671e-01 | Residual = 1.001201e+00 | Variance(mean) = 5.875593e-09
[2026-03-11 04:38:19] [Epoch 01250] Loss = 5.023715e-01 | Residual = 1.000587e+00 | Variance(mean) = 1.872893e-09
[2026-03-11 04:39:47] [Epoch 01300] Loss = 5.014935e-01 | Residual = 1.000173e+00 | Variance(mean) = 2.711329e-10
[2026-03-11 04:41:16] [Epoch 01350] Loss = 5.009106e-01 | Residual = 9.998597e-01 | Variance(mean) = 3.900439e-09
[2026-03-11 04:42:45] [Epoch 01400] Loss = 5.005528e-01 | Residual = 9.996838e-01 | Variance(mean) = 6.402102e-11
[2026-03-11 04:44:14] [Epoch 01450] Loss = 5.002166e-01 | Residual = 9.995668e-01 | Variance(mean) = 1.571829e-10
[2026-03-11 04:45:43] [Epoch 01500] Loss = 4.999736e-01 | Residual = 9.994479e-01 | Variance(mean) = 1.178102e-09
[2026-03-11 04:47:11] [Epoch 01550] Loss = 4.997783e-01 | Residual = 9.993540e-01 | Variance(mean) = 4.988214e-10
[2026-03-11 04:48:40] [Epoch 01600] Loss = 4.996792e-01 | Residual = 9.993084e-01 | Variance(mean) = 1.908552e-10
[2026-03-11 04:50:09] [Epoch 01650] Loss = 4.995895e-01 | Residual = 9.992538e-01 | Variance(mean) = 6.040116e-10
[2026-03-11 04:51:38] [Epoch 01700] Loss = 4.995283e-01 | Residual = 9.992138e-01 | Variance(mean) = 1.633425e-10
[2026-03-11 04:53:07] [Epoch 01750] Loss = 4.994950e-01 | Residual = 9.991816e-01 | Variance(mean) = 2.097890e-10
[2026-03-11 04:54:35] [Epoch 01800] Loss = 4.994741e-01 | Residual = 9.991781e-01 | Variance(mean) = 4.526619e-12
[2026-03-11 04:56:04] [Epoch 01850] Loss = 4.994584e-01 | Residual = 9.991674e-01 | Variance(mean) = 1.620668e-10
[2026-03-11 04:57:33] [Epoch 01900] Loss = 4.994471e-01 | Residual = 9.991602e-01 | Variance(mean) = 4.801871e-10
[2026-03-11 04:59:02] [Epoch 01950] Loss = 4.994407e-01 | Residual = 9.991530e-01 | Variance(mean) = 5.071152e-14
[2026-03-11 05:00:31] [Epoch 02000] Loss = 4.994389e-01 | Residual = 9.991550e-01 | Variance(mean) = 1.464367e-10
[2026-03-11 05:02:00] [Epoch 02050] Loss = 4.994357e-01 | Residual = 9.991578e-01 | Variance(mean) = 5.683957e-11
[2026-03-11 05:03:28] [Epoch 02100] Loss = 4.994340e-01 | Residual = 9.991592e-01 | Variance(mean) = 1.544059e-11
[2026-03-11 05:04:57] [Epoch 02150] Loss = 4.994306e-01 | Residual = 9.991547e-01 | Variance(mean) = 1.426811e-12
[2026-03-11 05:06:26] [Epoch 02200] Loss = 4.994300e-01 | Residual = 9.991546e-01 | Variance(mean) = 3.572405e-11
[2026-03-11 05:07:55] [Epoch 02250] Loss = 4.994293e-01 | Residual = 9.991551e-01 | Variance(mean) = 1.401274e-12
[2026-03-11 05:09:24] [Epoch 02300] Loss = 4.994284e-01 | Residual = 9.991561e-01 | Variance(mean) = 1.944878e-11
[2026-03-11 05:10:53] [Epoch 02350] Loss = 4.994270e-01 | Residual = 9.991464e-01 | Variance(mean) = 7.224731e-11
[2026-03-11 05:12:22] [Epoch 02400] Loss = 4.994260e-01 | Residual = 9.991415e-01 | Variance(mean) = 1.496939e-10
[2026-03-11 05:13:50] [Epoch 02450] Loss = 4.994235e-01 | Residual = 9.991390e-01 | Variance(mean) = 1.625300e-10
[2026-03-11 05:15:19] [Epoch 02500] Loss = 4.994233e-01 | Residual = 9.991386e-01 | Variance(mean) = 1.540116e-10
[2026-03-11 05:16:48] [Epoch 02550] Loss = 4.994206e-01 | Residual = 9.991413e-01 | Variance(mean) = 5.689556e-11
[2026-03-11 05:18:17] [Epoch 02600] Loss = 4.994186e-01 | Residual = 9.991313e-01 | Variance(mean) = 4.095197e-11
[2026-03-11 05:19:46] [Epoch 02650] Loss = 4.994182e-01 | Residual = 9.991321e-01 | Variance(mean) = 8.477918e-13
[2026-03-11 05:21:15] [Epoch 02700] Loss = 4.994153e-01 | Residual = 9.991229e-01 | Variance(mean) = 3.444492e-11
[2026-03-11 05:22:44] [Epoch 02750] Loss = 4.994134e-01 | Residual = 9.991240e-01 | Variance(mean) = 1.191658e-10
[2026-03-11 05:24:13] [Epoch 02800] Loss = 4.994102e-01 | Residual = 9.991162e-01 | Variance(mean) = 1.339345e-10
[2026-03-11 05:25:42] [Epoch 02850] Loss = 4.994086e-01 | Residual = 9.991171e-01 | Variance(mean) = 3.473800e-10
[2026-03-11 05:27:11] [Epoch 02900] Loss = 4.994077e-01 | Residual = 9.991182e-01 | Variance(mean) = 3.052403e-12
[2026-03-11 05:28:40] [Epoch 02950] Loss = 4.994075e-01 | Residual = 9.991073e-01 | Variance(mean) = 6.353243e-11
[2026-03-11 05:30:09] [Epoch 03000] Loss = 4.994063e-01 | Residual = 9.991112e-01 | Variance(mean) = 2.369345e-11
[2026-03-11 05:31:38] [Epoch 03050] Loss = 4.994051e-01 | Residual = 9.991122e-01 | Variance(mean) = 1.638063e-10
[2026-03-11 05:33:06] [Epoch 03100] Loss = 4.994028e-01 | Residual = 9.991032e-01 | Variance(mean) = 6.581505e-11
[2026-03-11 05:34:35] [Epoch 03150] Loss = 4.993997e-01 | Residual = 9.990953e-01 | Variance(mean) = 3.026929e-12
[2026-03-11 05:36:04] [Epoch 03200] Loss = 4.994006e-01 | Residual = 9.990934e-01 | Variance(mean) = 5.393932e-11
[2026-03-11 05:37:33] [Epoch 03250] Loss = 4.993981e-01 | Residual = 9.990867e-01 | Variance(mean) = 2.447571e-11
[2026-03-11 05:39:02] [Epoch 03300] Loss = 4.993986e-01 | Residual = 9.990892e-01 | Variance(mean) = 3.508917e-11
[2026-03-11 05:40:30] [Epoch 03350] Loss = 4.993958e-01 | Residual = 9.990826e-01 | Variance(mean) = 1.803507e-10
[2026-03-11 05:41:59] [Epoch 03400] Loss = 4.993939e-01 | Residual = 9.991052e-01 | Variance(mean) = 1.740156e-10
[2026-03-11 05:43:27] [Epoch 03450] Loss = 4.993906e-01 | Residual = 9.990968e-01 | Variance(mean) = 3.154695e-10
[2026-03-11 05:44:55] [Epoch 03500] Loss = 4.993882e-01 | Residual = 9.990758e-01 | Variance(mean) = 1.903631e-09
[2026-03-11 05:46:23] [Epoch 03550] Loss = 4.993881e-01 | Residual = 9.991043e-01 | Variance(mean) = 1.351697e-10
[2026-03-11 05:47:51] [Epoch 03600] Loss = 4.993836e-01 | Residual = 9.990749e-01 | Variance(mean) = 2.950381e-10
[2026-03-11 05:49:19] [Epoch 03650] Loss = 4.993769e-01 | Residual = 9.990655e-01 | Variance(mean) = 1.786654e-10
[2026-03-11 05:50:48] [Epoch 03700] Loss = 4.993704e-01 | Residual = 9.990580e-01 | Variance(mean) = 1.681948e-10
[2026-03-11 05:52:16] [Epoch 03750] Loss = 4.993643e-01 | Residual = 9.990589e-01 | Variance(mean) = 3.136040e-10
[2026-03-11 05:53:44] [Epoch 03800] Loss = 4.993639e-01 | Residual = 9.990590e-01 | Variance(mean) = 1.839435e-10
[2026-03-11 05:55:12] [Epoch 03850] Loss = 4.993604e-01 | Residual = 9.990418e-01 | Variance(mean) = 2.300699e-09
[2026-03-11 05:56:40] [Epoch 03900] Loss = 4.993579e-01 | Residual = 9.990409e-01 | Variance(mean) = 2.889988e-10
[2026-03-11 05:58:08] [Epoch 03950] Loss = 4.993565e-01 | Residual = 9.990246e-01 | Variance(mean) = 1.010231e-09
[2026-03-11 05:59:36] [Epoch 04000] Loss = 4.993501e-01 | Residual = 9.990264e-01 | Variance(mean) = 7.634425e-12
[2026-03-11 06:01:04] [Epoch 04050] Loss = 4.993454e-01 | Residual = 9.990260e-01 | Variance(mean) = 4.348608e-10
[2026-03-11 06:02:33] [Epoch 04100] Loss = 4.993457e-01 | Residual = 9.990323e-01 | Variance(mean) = 1.412081e-10
[2026-03-11 06:04:01] [Epoch 04150] Loss = 4.993417e-01 | Residual = 9.990131e-01 | Variance(mean) = 1.445958e-10
[2026-03-11 06:05:29] [Epoch 04200] Loss = 4.993430e-01 | Residual = 9.990382e-01 | Variance(mean) = 2.057283e-09
[2026-03-11 06:06:57] [Epoch 04250] Loss = 4.993361e-01 | Residual = 9.990106e-01 | Variance(mean) = 2.553871e-10
[2026-03-11 06:08:25] [Epoch 04300] Loss = 4.993308e-01 | Residual = 9.990019e-01 | Variance(mean) = 1.713721e-09
[2026-03-11 06:09:53] [Epoch 04350] Loss = 4.993293e-01 | Residual = 9.989987e-01 | Variance(mean) = 4.849448e-11
[2026-03-11 06:11:21] [Epoch 04400] Loss = 4.993289e-01 | Residual = 9.989638e-01 | Variance(mean) = 1.851247e-10
[2026-03-11 06:12:49] [Epoch 04450] Loss = 4.993179e-01 | Residual = 9.990168e-01 | Variance(mean) = 6.048336e-10
[2026-03-11 06:14:17] [Epoch 04500] Loss = 4.993104e-01 | Residual = 9.989575e-01 | Variance(mean) = 1.152878e-08
[2026-03-11 06:15:45] [Epoch 04550] Loss = 4.993167e-01 | Residual = 9.989402e-01 | Variance(mean) = 2.310614e-09
[2026-03-11 06:17:13] [Epoch 04600] Loss = 4.993166e-01 | Residual = 9.989985e-01 | Variance(mean) = 6.665006e-10
[2026-03-11 06:18:41] [Epoch 04650] Loss = 4.993231e-01 | Residual = 9.989465e-01 | Variance(mean) = 2.936893e-09
[2026-03-11 06:20:09] [Epoch 04700] Loss = 4.993275e-01 | Residual = 9.989494e-01 | Variance(mean) = 2.747197e-09
[2026-03-11 06:21:37] [Epoch 04750] Loss = 4.993107e-01 | Residual = 9.989705e-01 | Variance(mean) = 2.788618e-09
[2026-03-11 06:23:05] [Epoch 04800] Loss = 4.993063e-01 | Residual = 9.989188e-01 | Variance(mean) = 9.580610e-10
[2026-03-11 06:24:33] [Epoch 04850] Loss = 4.993009e-01 | Residual = 9.989511e-01 | Variance(mean) = 7.349012e-10
[2026-03-11 06:26:01] [Epoch 04900] Loss = 4.992943e-01 | Residual = 9.989256e-01 | Variance(mean) = 1.894316e-08
[2026-03-11 06:27:29] [Epoch 04950] Loss = 4.992748e-01 | Residual = 9.988865e-01 | Variance(mean) = 8.928192e-10
[2026-03-11 06:28:57] [Epoch 05000] Loss = 4.992742e-01 | Residual = 9.989114e-01 | Variance(mean) = 9.955537e-09
[2026-03-11 06:30:25] [Epoch 05050] Loss = 4.992689e-01 | Residual = 9.989015e-01 | Variance(mean) = 2.461221e-09
[2026-03-11 06:31:53] [Epoch 05100] Loss = 4.992707e-01 | Residual = 9.989221e-01 | Variance(mean) = 3.779183e-09
[2026-03-11 06:33:21] [Epoch 05150] Loss = 4.992625e-01 | Residual = 9.988817e-01 | Variance(mean) = 2.777150e-09
[2026-03-11 06:34:49] [Epoch 05200] Loss = 4.992622e-01 | Residual = 9.988584e-01 | Variance(mean) = 4.417862e-09
[2026-03-11 06:36:17] [Epoch 05250] Loss = 4.992382e-01 | Residual = 9.988777e-01 | Variance(mean) = 3.715047e-10
[2026-03-11 06:37:45] [Epoch 05300] Loss = 4.992244e-01 | Residual = 9.988453e-01 | Variance(mean) = 2.980468e-09
[2026-03-11 06:39:13] [Epoch 05350] Loss = 4.992278e-01 | Residual = 9.987215e-01 | Variance(mean) = 3.734219e-09
[2026-03-11 06:40:42] [Epoch 05400] Loss = 4.992065e-01 | Residual = 9.987961e-01 | Variance(mean) = 4.051295e-09
[2026-03-11 06:42:10] [Epoch 05450] Loss = 4.991804e-01 | Residual = 9.987811e-01 | Variance(mean) = 1.688464e-09
[2026-03-11 06:43:38] [Epoch 05500] Loss = 4.991791e-01 | Residual = 9.987813e-01 | Variance(mean) = 5.044351e-10
[2026-03-11 06:45:06] [Epoch 05550] Loss = 4.991981e-01 | Residual = 9.987970e-01 | Variance(mean) = 2.422893e-08
[2026-03-11 06:46:34] [Epoch 05600] Loss = 4.991829e-01 | Residual = 9.987255e-01 | Variance(mean) = 1.366009e-08
[2026-03-11 06:48:02] [Epoch 05650] Loss = 4.991606e-01 | Residual = 9.987478e-01 | Variance(mean) = 2.796754e-09
[2026-03-11 06:49:30] [Epoch 05700] Loss = 4.991452e-01 | Residual = 9.986957e-01 | Variance(mean) = 9.071262e-11
[2026-03-11 06:50:59] [Epoch 05750] Loss = 4.991226e-01 | Residual = 9.987038e-01 | Variance(mean) = 8.995496e-09
[2026-03-11 06:52:27] [Epoch 05800] Loss = 4.991732e-01 | Residual = 9.984951e-01 | Variance(mean) = 5.087577e-09
[2026-03-11 06:53:55] [Epoch 05850] Loss = 4.991130e-01 | Residual = 9.987178e-01 | Variance(mean) = 3.296367e-08
[2026-03-11 06:55:23] [Epoch 05900] Loss = 4.990721e-01 | Residual = 9.985094e-01 | Variance(mean) = 2.375870e-08
[2026-03-11 06:56:51] [Epoch 05950] Loss = 4.990752e-01 | Residual = 9.985153e-01 | Variance(mean) = 2.877758e-08
[2026-03-11 06:58:19] [Epoch 06000] Loss = 4.990451e-01 | Residual = 9.985133e-01 | Variance(mean) = 2.460042e-08
[2026-03-11 06:59:47] [Epoch 06050] Loss = 4.991935e-01 | Residual = 9.986419e-01 | Variance(mean) = 1.328866e-07
[2026-03-11 07:01:15] [Epoch 06100] Loss = 4.991027e-01 | Residual = 9.985432e-01 | Variance(mean) = 3.722698e-08
[2026-03-11 07:02:43] [Epoch 06150] Loss = 4.991270e-01 | Residual = 9.987272e-01 | Variance(mean) = 1.713107e-07
[2026-03-11 07:04:12] [Epoch 06200] Loss = 4.990902e-01 | Residual = 9.985479e-01 | Variance(mean) = 6.214759e-08
[2026-03-11 07:05:40] [Epoch 06250] Loss = 4.991077e-01 | Residual = 9.985507e-01 | Variance(mean) = 1.030203e-07
[2026-03-11 07:07:08] [Epoch 06300] Loss = 4.990497e-01 | Residual = 9.984375e-01 | Variance(mean) = 4.900098e-07
[2026-03-11 07:08:36] [Epoch 06350] Loss = 4.997280e-01 | Residual = 9.984959e-01 | Variance(mean) = 5.259143e-08
[2026-03-11 07:10:04] [Epoch 06400] Loss = 5.004892e-01 | Residual = 9.993982e-01 | Variance(mean) = 3.609213e-07
[2026-03-11 07:11:32] [Epoch 06450] Loss = 5.022628e-01 | Residual = 1.000702e+00 | Variance(mean) = 2.158224e-06
[2026-03-11 07:13:00] [Epoch 06500] Loss = 4.989771e-01 | Residual = 9.983618e-01 | Variance(mean) = 4.199776e-07
[2026-03-11 07:14:28] [Epoch 06550] Loss = 4.992619e-01 | Residual = 9.990010e-01 | Variance(mean) = 2.467926e-07
[2026-03-11 07:15:57] [Epoch 06600] Loss = 5.002266e-01 | Residual = 9.987025e-01 | Variance(mean) = 2.118170e-06
[2026-03-11 07:17:25] [Epoch 06650] Loss = 5.000344e-01 | Residual = 9.976017e-01 | Variance(mean) = 1.979324e-08
[2026-03-11 07:18:54] [Epoch 06700] Loss = 4.997713e-01 | Residual = 9.974437e-01 | Variance(mean) = 1.143497e-07
[2026-03-11 07:20:22] [Epoch 06750] Loss = 5.002727e-01 | Residual = 9.981044e-01 | Variance(mean) = 3.812474e-08
[2026-03-11 07:21:50] [Epoch 06800] Loss = 4.987219e-01 | Residual = 9.969636e-01 | Variance(mean) = 3.143903e-08
[2026-03-11 07:23:18] [Epoch 06850] Loss = 4.985167e-01 | Residual = 9.977622e-01 | Variance(mean) = 1.138652e-06
[2026-03-11 07:24:47] [Epoch 06900] Loss = 4.984069e-01 | Residual = 9.970534e-01 | Variance(mean) = 4.544758e-09
[2026-03-11 07:26:15] [Epoch 06950] Loss = 4.980486e-01 | Residual = 9.970349e-01 | Variance(mean) = 1.831293e-07
[2026-03-11 07:27:43] [Epoch 07000] Loss = 4.979305e-01 | Residual = 9.972131e-01 | Variance(mean) = 1.120795e-07
[2026-03-11 07:29:12] [Epoch 07050] Loss = 4.984488e-01 | Residual = 9.973318e-01 | Variance(mean) = 4.449268e-07
[2026-03-11 07:30:40] [Epoch 07100] Loss = 4.979617e-01 | Residual = 9.968557e-01 | Variance(mean) = 2.681481e-07
[2026-03-11 07:32:08] [Epoch 07150] Loss = 4.977280e-01 | Residual = 9.966503e-01 | Variance(mean) = 4.330866e-07
[2026-03-11 07:33:37] [Epoch 07200] Loss = 4.977212e-01 | Residual = 9.961270e-01 | Variance(mean) = 1.780743e-07
[2026-03-11 07:35:05] [Epoch 07250] Loss = 4.976899e-01 | Residual = 9.967392e-01 | Variance(mean) = 1.289222e-07
[2026-03-11 07:36:34] [Epoch 07300] Loss = 4.997726e-01 | Residual = 9.957939e-01 | Variance(mean) = 4.177987e-08
[2026-03-11 07:38:02] [Epoch 07350] Loss = 4.986434e-01 | Residual = 9.971092e-01 | Variance(mean) = 7.173608e-07
[2026-03-11 07:39:31] [Epoch 07400] Loss = 4.986445e-01 | Residual = 9.976759e-01 | Variance(mean) = 3.255797e-07
[2026-03-11 07:41:00] [Epoch 07450] Loss = 4.999275e-01 | Residual = 9.981146e-01 | Variance(mean) = 1.146260e-06
[2026-03-11 07:42:29] [Epoch 07500] Loss = 4.997536e-01 | Residual = 9.969231e-01 | Variance(mean) = 1.606111e-06
[2026-03-11 07:43:58] [Epoch 07550] Loss = 4.982269e-01 | Residual = 9.970559e-01 | Variance(mean) = 3.024776e-08
[2026-03-11 07:45:27] [Epoch 07600] Loss = 4.993030e-01 | Residual = 9.972088e-01 | Variance(mean) = 1.355224e-08
[2026-03-11 07:46:56] [Epoch 07650] Loss = 4.985312e-01 | Residual = 9.965616e-01 | Variance(mean) = 4.278256e-07
[2026-03-11 07:48:25] [Epoch 07700] Loss = 4.979563e-01 | Residual = 9.970551e-01 | Variance(mean) = 2.340136e-08
[2026-03-11 07:49:54] [Epoch 07750] Loss = 4.980129e-01 | Residual = 9.969745e-01 | Variance(mean) = 2.482930e-07
[2026-03-11 07:51:23] [Epoch 07800] Loss = 4.980116e-01 | Residual = 9.969903e-01 | Variance(mean) = 7.721654e-08
[2026-03-11 07:52:52] [Epoch 07850] Loss = 4.979112e-01 | Residual = 9.965441e-01 | Variance(mean) = 3.899547e-08
[2026-03-11 07:54:21] [Epoch 07900] Loss = 4.980629e-01 | Residual = 9.965761e-01 | Variance(mean) = 1.698435e-06
[2026-03-11 07:55:50] [Epoch 07950] Loss = 4.991473e-01 | Residual = 9.976156e-01 | Variance(mean) = 1.146957e-07
[2026-03-11 07:57:20] [Epoch 08000] Loss = 4.999911e-01 | Residual = 9.969505e-01 | Variance(mean) = 2.103558e-06
[2026-03-11 07:58:49] [Epoch 08050] Loss = 5.003804e-01 | Residual = 9.972980e-01 | Variance(mean) = 5.594713e-07
[2026-03-11 08:00:18] [Epoch 08100] Loss = 5.113170e-01 | Residual = 9.980818e-01 | Variance(mean) = 4.680305e-06
[2026-03-11 08:01:47] [Epoch 08150] Loss = 4.986202e-01 | Residual = 9.975250e-01 | Variance(mean) = 1.108127e-07
[2026-03-11 08:03:17] [Epoch 08200] Loss = 4.974785e-01 | Residual = 9.960896e-01 | Variance(mean) = 2.196171e-07
[2026-03-11 08:04:46] [Epoch 08250] Loss = 4.973864e-01 | Residual = 9.960255e-01 | Variance(mean) = 2.258336e-08
[2026-03-11 08:06:15] [Epoch 08300] Loss = 4.973526e-01 | Residual = 9.961860e-01 | Variance(mean) = 3.500202e-08
[2026-03-11 08:07:44] [Epoch 08350] Loss = 4.972593e-01 | Residual = 9.960202e-01 | Variance(mean) = 2.651947e-09
[2026-03-11 08:09:13] [Epoch 08400] Loss = 4.971783e-01 | Residual = 9.957151e-01 | Variance(mean) = 6.789073e-08
[2026-03-11 08:10:43] [Epoch 08450] Loss = 4.971275e-01 | Residual = 9.959529e-01 | Variance(mean) = 1.315017e-08
[2026-03-11 08:12:12] [Epoch 08500] Loss = 4.971184e-01 | Residual = 9.958874e-01 | Variance(mean) = 1.485125e-08
[2026-03-11 08:13:41] [Epoch 08550] Loss = 4.970324e-01 | Residual = 9.955138e-01 | Variance(mean) = 1.438509e-08
[2026-03-11 08:15:10] [Epoch 08600] Loss = 4.969028e-01 | Residual = 9.953968e-01 | Variance(mean) = 1.347463e-07
[2026-03-11 08:16:39] [Epoch 08650] Loss = 4.967814e-01 | Residual = 9.950517e-01 | Variance(mean) = 2.127033e-09
[2026-03-11 08:18:09] [Epoch 08700] Loss = 4.967163e-01 | Residual = 9.952003e-01 | Variance(mean) = 1.359766e-08
[2026-03-11 08:19:38] [Epoch 08750] Loss = 4.965294e-01 | Residual = 9.947736e-01 | Variance(mean) = 1.923111e-07
[2026-03-11 08:21:07] [Epoch 08800] Loss = 4.963504e-01 | Residual = 9.945526e-01 | Variance(mean) = 1.247009e-07
[2026-03-11 08:22:37] [Epoch 08850] Loss = 4.962838e-01 | Residual = 9.940917e-01 | Variance(mean) = 8.614747e-08
[2026-03-11 08:24:06] [Epoch 08900] Loss = 4.961585e-01 | Residual = 9.941731e-01 | Variance(mean) = 2.681098e-08
[2026-03-11 08:25:35] [Epoch 08950] Loss = 4.958255e-01 | Residual = 9.939081e-01 | Variance(mean) = 2.490371e-08
[2026-03-11 08:27:05] [Epoch 09000] Loss = 4.956352e-01 | Residual = 9.937122e-01 | Variance(mean) = 2.155391e-08
[2026-03-11 08:28:34] [Epoch 09050] Loss = 4.955925e-01 | Residual = 9.934759e-01 | Variance(mean) = 2.159486e-08
[2026-03-11 08:30:03] [Epoch 09100] Loss = 4.955059e-01 | Residual = 9.937222e-01 | Variance(mean) = 2.716641e-07
[2026-03-11 08:31:33] [Epoch 09150] Loss = 4.952262e-01 | Residual = 9.921445e-01 | Variance(mean) = 6.586444e-08
[2026-03-11 08:33:02] [Epoch 09200] Loss = 4.955110e-01 | Residual = 9.923808e-01 | Variance(mean) = 6.649455e-07
[2026-03-11 08:34:31] [Epoch 09250] Loss = 4.953462e-01 | Residual = 9.921833e-01 | Variance(mean) = 3.959876e-08
[2026-03-11 08:36:00] [Epoch 09300] Loss = 4.972441e-01 | Residual = 9.917955e-01 | Variance(mean) = 3.304414e-06
[2026-03-11 08:37:29] [Epoch 09350] Loss = 5.002214e-01 | Residual = 9.949021e-01 | Variance(mean) = 4.564673e-07
[2026-03-11 08:38:58] [Epoch 09400] Loss = 4.976378e-01 | Residual = 9.889791e-01 | Variance(mean) = 1.582521e-06
[2026-03-11 08:40:28] [Epoch 09450] Loss = 4.953466e-01 | Residual = 9.887293e-01 | Variance(mean) = 1.391723e-08
[2026-03-11 08:41:57] [Epoch 09500] Loss = 4.949535e-01 | Residual = 9.899924e-01 | Variance(mean) = 3.823870e-07
[2026-03-11 08:43:26] [Epoch 09550] Loss = 4.930047e-01 | Residual = 9.892123e-01 | Variance(mean) = 1.084295e-07
[2026-03-11 08:44:55] [Epoch 09600] Loss = 4.924888e-01 | Residual = 9.888493e-01 | Variance(mean) = 4.526674e-08
[2026-03-11 08:46:24] [Epoch 09650] Loss = 4.925075e-01 | Residual = 9.889012e-01 | Variance(mean) = 8.859040e-08
[2026-03-11 08:47:54] [Epoch 09700] Loss = 4.919671e-01 | Residual = 9.882263e-01 | Variance(mean) = 1.088651e-07
[2026-03-11 08:49:23] [Epoch 09750] Loss = 4.922010e-01 | Residual = 9.877138e-01 | Variance(mean) = 1.563942e-07
[2026-03-11 08:50:53] [Epoch 09800] Loss = 4.910544e-01 | Residual = 9.851203e-01 | Variance(mean) = 2.281589e-07
[2026-03-11 08:52:22] [Epoch 09850] Loss = 4.912732e-01 | Residual = 9.863438e-01 | Variance(mean) = 4.926140e-07
[2026-03-11 08:53:52] [Epoch 09900] Loss = 4.921219e-01 | Residual = 9.847988e-01 | Variance(mean) = 6.503329e-08
[2026-03-11 08:55:22] [Epoch 09950] Loss = 4.914439e-01 | Residual = 9.874240e-01 | Variance(mean) = 2.886290e-07
[2026-03-11 08:56:52] [Epoch 10000] Loss = 4.902981e-01 | Residual = 9.853933e-01 | Variance(mean) = 1.494180e-07
[2026-03-11 08:58:21] [Epoch 10050] Loss = 4.899666e-01 | Residual = 9.860934e-01 | Variance(mean) = 4.785783e-07
[2026-03-11 08:59:51] [Epoch 10100] Loss = 4.888432e-01 | Residual = 9.832529e-01 | Variance(mean) = 7.048757e-07
[2026-03-11 09:01:20] [Epoch 10150] Loss = 4.888914e-01 | Residual = 9.811195e-01 | Variance(mean) = 2.432829e-07
[2026-03-11 09:02:50] [Epoch 10200] Loss = 4.891007e-01 | Residual = 9.802303e-01 | Variance(mean) = 9.870514e-07
[2026-03-11 09:04:19] [Epoch 10250] Loss = 4.844176e-01 | Residual = 9.771058e-01 | Variance(mean) = 5.253970e-07
[2026-03-11 09:05:49] [Epoch 10300] Loss = 4.836433e-01 | Residual = 9.760998e-01 | Variance(mean) = 4.763094e-08
[2026-03-11 09:07:19] [Epoch 10350] Loss = 4.833107e-01 | Residual = 9.735606e-01 | Variance(mean) = 5.428740e-07
[2026-03-11 09:08:48] [Epoch 10400] Loss = 4.812394e-01 | Residual = 9.714779e-01 | Variance(mean) = 4.697766e-07
[2026-03-11 09:10:18] [Epoch 10450] Loss = 4.815461e-01 | Residual = 9.704880e-01 | Variance(mean) = 6.916278e-06
[2026-03-11 09:11:48] [Epoch 10500] Loss = 4.937599e-01 | Residual = 9.713666e-01 | Variance(mean) = 2.912962e-07
[2026-03-11 09:13:18] [Epoch 10550] Loss = 4.847863e-01 | Residual = 9.715434e-01 | Variance(mean) = 9.975439e-07
[2026-03-11 09:14:47] [Epoch 10600] Loss = 4.781735e-01 | Residual = 9.683265e-01 | Variance(mean) = 2.683025e-07
[2026-03-11 09:16:17] [Epoch 10650] Loss = 4.772950e-01 | Residual = 9.655681e-01 | Variance(mean) = 1.242634e-07
[2026-03-11 09:17:46] [Epoch 10700] Loss = 4.748775e-01 | Residual = 9.625831e-01 | Variance(mean) = 2.187958e-07
[2026-03-11 09:19:15] [Epoch 10750] Loss = 4.735542e-01 | Residual = 9.593219e-01 | Variance(mean) = 3.130130e-07
[2026-03-11 09:20:45] [Epoch 10800] Loss = 4.729991e-01 | Residual = 9.626843e-01 | Variance(mean) = 2.422100e-07
[2026-03-11 09:22:14] [Epoch 10850] Loss = 4.697947e-01 | Residual = 9.525841e-01 | Variance(mean) = 1.016405e-07
[2026-03-11 09:23:44] [Epoch 10900] Loss = 4.694873e-01 | Residual = 9.559403e-01 | Variance(mean) = 5.125923e-07
[2026-03-11 09:25:13] [Epoch 10950] Loss = 4.675060e-01 | Residual = 9.522281e-01 | Variance(mean) = 2.331601e-07
[2026-03-11 09:26:43] [Epoch 11000] Loss = 4.676954e-01 | Residual = 9.532775e-01 | Variance(mean) = 2.916185e-07
[2026-03-11 09:28:12] [Epoch 11050] Loss = 4.657570e-01 | Residual = 9.476630e-01 | Variance(mean) = 1.047439e-06
[2026-03-11 09:29:42] [Epoch 11100] Loss = 4.653653e-01 | Residual = 9.433438e-01 | Variance(mean) = 9.168127e-07
[2026-03-11 09:31:11] [Epoch 11150] Loss = 4.618588e-01 | Residual = 9.430115e-01 | Variance(mean) = 2.686788e-07
[2026-03-11 09:32:40] [Epoch 11200] Loss = 4.592811e-01 | Residual = 9.414355e-01 | Variance(mean) = 6.904563e-08
[2026-03-11 09:34:10] [Epoch 11250] Loss = 4.575576e-01 | Residual = 9.395481e-01 | Variance(mean) = 9.722734e-07
[2026-03-11 09:35:39] [Epoch 11300] Loss = 4.558723e-01 | Residual = 9.339066e-01 | Variance(mean) = 7.020120e-07
[2026-03-11 09:37:08] [Epoch 11350] Loss = 4.544605e-01 | Residual = 9.346727e-01 | Variance(mean) = 1.502065e-08
[2026-03-11 09:38:38] [Epoch 11400] Loss = 4.529152e-01 | Residual = 9.279716e-01 | Variance(mean) = 6.592279e-08
[2026-03-11 09:40:08] [Epoch 11450] Loss = 4.507309e-01 | Residual = 9.241760e-01 | Variance(mean) = 2.343846e-06
[2026-03-11 09:41:37] [Epoch 11500] Loss = 4.506390e-01 | Residual = 9.240838e-01 | Variance(mean) = 3.685412e-07
[2026-03-11 09:43:06] [Epoch 11550] Loss = 4.512032e-01 | Residual = 9.226964e-01 | Variance(mean) = 5.147261e-06
[2026-03-11 09:44:36] [Epoch 11600] Loss = 4.488094e-01 | Residual = 9.202545e-01 | Variance(mean) = 1.052713e-06
[2026-03-11 09:46:05] [Epoch 11650] Loss = 4.473909e-01 | Residual = 9.137326e-01 | Variance(mean) = 1.135783e-07
[2026-03-11 09:47:34] [Epoch 11700] Loss = 4.459678e-01 | Residual = 9.206173e-01 | Variance(mean) = 1.691853e-07
[2026-03-11 09:49:04] [Epoch 11750] Loss = 4.447517e-01 | Residual = 9.224575e-01 | Variance(mean) = 3.038286e-07
[2026-03-11 09:50:33] [Epoch 11800] Loss = 4.443824e-01 | Residual = 9.195903e-01 | Variance(mean) = 1.208186e-07
[2026-03-11 09:52:02] [Epoch 11850] Loss = 4.436296e-01 | Residual = 9.176269e-01 | Variance(mean) = 1.737530e-06
[2026-03-11 09:53:31] [Epoch 11900] Loss = 4.425269e-01 | Residual = 9.175506e-01 | Variance(mean) = 4.087657e-07
[2026-03-11 09:55:00] [Epoch 11950] Loss = 4.392602e-01 | Residual = 9.149182e-01 | Variance(mean) = 3.289141e-08
[2026-03-11 09:56:29] [Epoch 12000] Loss = 4.393324e-01 | Residual = 9.077278e-01 | Variance(mean) = 1.137394e-06
[2026-03-11 09:57:59] [Epoch 12050] Loss = 4.395109e-01 | Residual = 9.011781e-01 | Variance(mean) = 5.039714e-06
[2026-03-11 09:59:28] [Epoch 12100] Loss = 4.378562e-01 | Residual = 9.078789e-01 | Variance(mean) = 9.514251e-06
[2026-03-11 10:00:57] [Epoch 12150] Loss = 4.391797e-01 | Residual = 9.125479e-01 | Variance(mean) = 8.800971e-07
[2026-03-11 10:02:26] [Epoch 12200] Loss = 4.371310e-01 | Residual = 9.124878e-01 | Variance(mean) = 6.341193e-08
[2026-03-11 10:03:56] [Epoch 12250] Loss = 4.351408e-01 | Residual = 9.058218e-01 | Variance(mean) = 3.096588e-07
[2026-03-11 10:05:25] [Epoch 12300] Loss = 4.345353e-01 | Residual = 9.018842e-01 | Variance(mean) = 4.125076e-07
[2026-03-11 10:06:54] [Epoch 12350] Loss = 4.376696e-01 | Residual = 8.993024e-01 | Variance(mean) = 5.829360e-07
[2026-03-11 10:08:24] [Epoch 12400] Loss = 4.401252e-01 | Residual = 9.154131e-01 | Variance(mean) = 1.731364e-07
[2026-03-11 10:09:53] [Epoch 12450] Loss = 4.373900e-01 | Residual = 9.081578e-01 | Variance(mean) = 1.794246e-07
[2026-03-11 10:11:22] [Epoch 12500] Loss = 4.404474e-01 | Residual = 9.077337e-01 | Variance(mean) = 4.903526e-07
[2026-03-11 10:12:51] [Epoch 12550] Loss = 4.349087e-01 | Residual = 9.076240e-01 | Variance(mean) = 5.623020e-07
[2026-03-11 10:14:20] [Epoch 12600] Loss = 4.334283e-01 | Residual = 9.098899e-01 | Variance(mean) = 1.788650e-06
[2026-03-11 10:15:50] [Epoch 12650] Loss = 4.326957e-01 | Residual = 9.077855e-01 | Variance(mean) = 1.325197e-07
[2026-03-11 10:17:19] [Epoch 12700] Loss = 4.291195e-01 | Residual = 9.074998e-01 | Variance(mean) = 5.910048e-08
[2026-03-11 10:18:48] [Epoch 12750] Loss = 4.270733e-01 | Residual = 9.012021e-01 | Variance(mean) = 7.291552e-08
[2026-03-11 10:20:18] [Epoch 12800] Loss = 4.253501e-01 | Residual = 9.013255e-01 | Variance(mean) = 4.111668e-08
[2026-03-11 10:21:47] [Epoch 12850] Loss = 4.240753e-01 | Residual = 9.025597e-01 | Variance(mean) = 3.738584e-07
[2026-03-11 10:23:17] [Epoch 12900] Loss = 4.198265e-01 | Residual = 8.971473e-01 | Variance(mean) = 3.075403e-07
[2026-03-11 10:24:46] [Epoch 12950] Loss = 4.183816e-01 | Residual = 8.943530e-01 | Variance(mean) = 4.768010e-07
[2026-03-11 10:26:16] [Epoch 13000] Loss = 4.167841e-01 | Residual = 8.940704e-01 | Variance(mean) = 1.124667e-07
[2026-03-11 10:27:45] [Epoch 13050] Loss = 4.137013e-01 | Residual = 8.880822e-01 | Variance(mean) = 6.490766e-07
[2026-03-11 10:29:15] [Epoch 13100] Loss = 4.103988e-01 | Residual = 8.877991e-01 | Variance(mean) = 2.910980e-07
[2026-03-11 10:30:45] [Epoch 13150] Loss = 4.061177e-01 | Residual = 8.853362e-01 | Variance(mean) = 2.587033e-06
[2026-03-11 10:32:15] [Epoch 13200] Loss = 4.056195e-01 | Residual = 8.779804e-01 | Variance(mean) = 2.743304e-06
[2026-03-11 10:33:45] [Epoch 13250] Loss = 4.028253e-01 | Residual = 8.828459e-01 | Variance(mean) = 5.921747e-07
[2026-03-11 10:35:14] [Epoch 13300] Loss = 3.985005e-01 | Residual = 8.781562e-01 | Variance(mean) = 2.599994e-07
[2026-03-11 10:36:44] [Epoch 13350] Loss = 3.947027e-01 | Residual = 8.752804e-01 | Variance(mean) = 1.082913e-07
[2026-03-11 10:38:14] [Epoch 13400] Loss = 3.922526e-01 | Residual = 8.722935e-01 | Variance(mean) = 2.325290e-07
[2026-03-11 10:39:43] [Epoch 13450] Loss = 3.922970e-01 | Residual = 8.754204e-01 | Variance(mean) = 5.898799e-08
[2026-03-11 10:41:13] [Epoch 13500] Loss = 3.886751e-01 | Residual = 8.660006e-01 | Variance(mean) = 3.645992e-07
[2026-03-11 10:42:42] [Epoch 13550] Loss = 3.868629e-01 | Residual = 8.648966e-01 | Variance(mean) = 8.981676e-07
[2026-03-11 10:44:12] [Epoch 13600] Loss = 3.887963e-01 | Residual = 8.632514e-01 | Variance(mean) = 3.110269e-06
[2026-03-11 10:45:41] [Epoch 13650] Loss = 3.898423e-01 | Residual = 8.622719e-01 | Variance(mean) = 5.830328e-06
[2026-03-11 10:47:11] [Epoch 13700] Loss = 3.875339e-01 | Residual = 8.633708e-01 | Variance(mean) = 1.792183e-07
[2026-03-11 10:48:40] [Epoch 13750] Loss = 3.889712e-01 | Residual = 8.653284e-01 | Variance(mean) = 3.357203e-06
[2026-03-11 10:50:09] [Epoch 13800] Loss = 3.844280e-01 | Residual = 8.626608e-01 | Variance(mean) = 2.334041e-07
[2026-03-11 10:51:39] [Epoch 13850] Loss = 3.832380e-01 | Residual = 8.626394e-01 | Variance(mean) = 3.696676e-08
[2026-03-11 10:53:08] [Epoch 13900] Loss = 3.837893e-01 | Residual = 8.614359e-01 | Variance(mean) = 8.716005e-07
[2026-03-11 10:54:38] [Epoch 13950] Loss = 3.820223e-01 | Residual = 8.622243e-01 | Variance(mean) = 8.258089e-08
[2026-03-11 10:56:07] [Epoch 14000] Loss = 3.820842e-01 | Residual = 8.606364e-01 | Variance(mean) = 2.498592e-07
[2026-03-11 10:57:37] [Epoch 14050] Loss = 3.804743e-01 | Residual = 8.584664e-01 | Variance(mean) = 8.395830e-07
[2026-03-11 10:59:07] [Epoch 14100] Loss = 3.820284e-01 | Residual = 8.589167e-01 | Variance(mean) = 4.954263e-07
[2026-03-11 11:00:36] [Epoch 14150] Loss = 3.797905e-01 | Residual = 8.560490e-01 | Variance(mean) = 1.338977e-07
[2026-03-11 11:02:06] [Epoch 14200] Loss = 3.820659e-01 | Residual = 8.569797e-01 | Variance(mean) = 1.738808e-06
[2026-03-11 11:03:36] [Epoch 14250] Loss = 3.799806e-01 | Residual = 8.566469e-01 | Variance(mean) = 2.294959e-07
[2026-03-11 11:05:06] [Epoch 14300] Loss = 3.820168e-01 | Residual = 8.566298e-01 | Variance(mean) = 1.147271e-06
[2026-03-11 11:06:36] [Epoch 14350] Loss = 3.809032e-01 | Residual = 8.594808e-01 | Variance(mean) = 7.901670e-07
[2026-03-11 11:08:06] [Epoch 14400] Loss = 3.808105e-01 | Residual = 8.586531e-01 | Variance(mean) = 3.621273e-07
[2026-03-11 11:09:36] [Epoch 14450] Loss = 3.830387e-01 | Residual = 8.569159e-01 | Variance(mean) = 1.041518e-06
[2026-03-11 11:11:05] [Epoch 14500] Loss = 3.813418e-01 | Residual = 8.572321e-01 | Variance(mean) = 8.302721e-07
[2026-03-11 11:12:35] [Epoch 14550] Loss = 3.855534e-01 | Residual = 8.632230e-01 | Variance(mean) = 2.315630e-06
[2026-03-11 11:14:05] [Epoch 14600] Loss = 3.857526e-01 | Residual = 8.622096e-01 | Variance(mean) = 3.837903e-07
[2026-03-11 11:15:34] [Epoch 14650] Loss = 3.866354e-01 | Residual = 8.615536e-01 | Variance(mean) = 1.178701e-06
[2026-03-11 11:17:04] [Epoch 14700] Loss = 3.855423e-01 | Residual = 8.618500e-01 | Variance(mean) = 4.054559e-07
[2026-03-11 11:18:33] [Epoch 14750] Loss = 3.834994e-01 | Residual = 8.622408e-01 | Variance(mean) = 1.157874e-07
[2026-03-11 11:20:03] [Epoch 14800] Loss = 3.842012e-01 | Residual = 8.598567e-01 | Variance(mean) = 3.430269e-07
[2026-03-11 11:21:33] [Epoch 14850] Loss = 3.837874e-01 | Residual = 8.595685e-01 | Variance(mean) = 4.365102e-07
[2026-03-11 11:23:02] [Epoch 14900] Loss = 3.838149e-01 | Residual = 8.603901e-01 | Variance(mean) = 1.577682e-06
[2026-03-11 11:24:32] [Epoch 14950] Loss = 3.825143e-01 | Residual = 8.604848e-01 | Variance(mean) = 1.516418e-07
[2026-03-11 11:26:01] [Epoch 15000] Loss = 3.845350e-01 | Residual = 8.610187e-01 | Variance(mean) = 3.627295e-07
[2026-03-11 11:27:31] [Epoch 15050] Loss = 3.866834e-01 | Residual = 8.637955e-01 | Variance(mean) = 1.410349e-06
[2026-03-11 11:29:01] [Epoch 15100] Loss = 3.826687e-01 | Residual = 8.606144e-01 | Variance(mean) = 2.648588e-06
[2026-03-11 11:30:31] [Epoch 15150] Loss = 3.822957e-01 | Residual = 8.589031e-01 | Variance(mean) = 1.510724e-07
[2026-03-11 11:32:01] [Epoch 15200] Loss = 3.812695e-01 | Residual = 8.577749e-01 | Variance(mean) = 6.287977e-07
[2026-03-11 11:33:31] [Epoch 15250] Loss = 3.787613e-01 | Residual = 8.576864e-01 | Variance(mean) = 7.777968e-07
[2026-03-11 11:35:01] [Epoch 15300] Loss = 3.796280e-01 | Residual = 8.571473e-01 | Variance(mean) = 2.663236e-07
[2026-03-11 11:36:31] [Epoch 15350] Loss = 3.802876e-01 | Residual = 8.578438e-01 | Variance(mean) = 2.087113e-07
[2026-03-11 11:38:01] [Epoch 15400] Loss = 3.806822e-01 | Residual = 8.605283e-01 | Variance(mean) = 7.269480e-08
[2026-03-11 11:39:31] [Epoch 15450] Loss = 3.820639e-01 | Residual = 8.618051e-01 | Variance(mean) = 6.245339e-08
[2026-03-11 11:41:00] [Epoch 15500] Loss = 3.825209e-01 | Residual = 8.579613e-01 | Variance(mean) = 3.403333e-06
[2026-03-11 11:42:30] [Epoch 15550] Loss = 3.827074e-01 | Residual = 8.584543e-01 | Variance(mean) = 2.483705e-06
[2026-03-11 11:44:00] [Epoch 15600] Loss = 3.829524e-01 | Residual = 8.584996e-01 | Variance(mean) = 2.147412e-07
[2026-03-11 11:45:30] [Epoch 15650] Loss = 3.837603e-01 | Residual = 8.597039e-01 | Variance(mean) = 1.189859e-06
[2026-03-11 11:47:01] [Epoch 15700] Loss = 3.816416e-01 | Residual = 8.576570e-01 | Variance(mean) = 6.970814e-07
[2026-03-11 11:48:31] [Epoch 15750] Loss = 3.817780e-01 | Residual = 8.597411e-01 | Variance(mean) = 3.070235e-07
[2026-03-11 11:50:01] [Epoch 15800] Loss = 3.821173e-01 | Residual = 8.602708e-01 | Variance(mean) = 2.451218e-07
[2026-03-11 11:51:31] [Epoch 15850] Loss = 3.831057e-01 | Residual = 8.609063e-01 | Variance(mean) = 8.108844e-07
[2026-03-11 11:53:02] [Epoch 15900] Loss = 3.852615e-01 | Residual = 8.591863e-01 | Variance(mean) = 1.093825e-07
[2026-03-11 11:54:32] [Epoch 15950] Loss = 3.844026e-01 | Residual = 8.621137e-01 | Variance(mean) = 4.903991e-07
[2026-03-11 11:56:02] [Epoch 16000] Loss = 3.844999e-01 | Residual = 8.638103e-01 | Variance(mean) = 4.000416e-07
[2026-03-11 11:57:32] [Epoch 16050] Loss = 3.850417e-01 | Residual = 8.614340e-01 | Variance(mean) = 6.984226e-07
[2026-03-11 11:59:02] [Epoch 16100] Loss = 3.865802e-01 | Residual = 8.593965e-01 | Variance(mean) = 2.560737e-07
[2026-03-11 12:00:33] [Epoch 16150] Loss = 3.851915e-01 | Residual = 8.593776e-01 | Variance(mean) = 1.375342e-06
[2026-03-11 12:02:03] [Epoch 16200] Loss = 3.835101e-01 | Residual = 8.584624e-01 | Variance(mean) = 2.015913e-06
[2026-03-11 12:03:33] [Epoch 16250] Loss = 3.844490e-01 | Residual = 8.567172e-01 | Variance(mean) = 2.161325e-07
[2026-03-11 12:05:03] [Epoch 16300] Loss = 3.815461e-01 | Residual = 8.587180e-01 | Variance(mean) = 5.665349e-07
[2026-03-11 12:06:33] [Epoch 16350] Loss = 3.804070e-01 | Residual = 8.573664e-01 | Variance(mean) = 2.378179e-07
[2026-03-11 12:08:03] [Epoch 16400] Loss = 3.821791e-01 | Residual = 8.559687e-01 | Variance(mean) = 1.211267e-06
[2026-03-11 12:09:34] [Epoch 16450] Loss = 3.860011e-01 | Residual = 8.575821e-01 | Variance(mean) = 8.422834e-06
[2026-03-11 12:11:04] [Epoch 16500] Loss = 3.839596e-01 | Residual = 8.611744e-01 | Variance(mean) = 2.661344e-07
[2026-03-11 12:12:33] [Epoch 16550] Loss = 3.857814e-01 | Residual = 8.621605e-01 | Variance(mean) = 7.860621e-07
[2026-03-11 12:14:03] [Epoch 16600] Loss = 3.842805e-01 | Residual = 8.590823e-01 | Variance(mean) = 9.709942e-07
[2026-03-11 12:15:33] [Epoch 16650] Loss = 3.839925e-01 | Residual = 8.604380e-01 | Variance(mean) = 6.218257e-07
[2026-03-11 12:17:02] [Epoch 16700] Loss = 3.848521e-01 | Residual = 8.602386e-01 | Variance(mean) = 4.807016e-07
[2026-03-11 12:18:32] [Epoch 16750] Loss = 3.850590e-01 | Residual = 8.594514e-01 | Variance(mean) = 2.097631e-06
[2026-03-11 12:20:01] [Epoch 16800] Loss = 3.865821e-01 | Residual = 8.619759e-01 | Variance(mean) = 7.024814e-07
[2026-03-11 12:21:31] [Epoch 16850] Loss = 3.874870e-01 | Residual = 8.654603e-01 | Variance(mean) = 1.611368e-06
[2026-03-11 12:23:01] [Epoch 16900] Loss = 3.864727e-01 | Residual = 8.661354e-01 | Variance(mean) = 5.514663e-06
[2026-03-11 12:24:31] [Epoch 16950] Loss = 3.841770e-01 | Residual = 8.631996e-01 | Variance(mean) = 2.245898e-07
[2026-03-11 12:26:01] [Epoch 17000] Loss = 3.869726e-01 | Residual = 8.595392e-01 | Variance(mean) = 4.783415e-07
[2026-03-11 12:27:31] [Epoch 17050] Loss = 3.863681e-01 | Residual = 8.626625e-01 | Variance(mean) = 7.966988e-07
[2026-03-11 12:29:00] [Epoch 17100] Loss = 3.833311e-01 | Residual = 8.617125e-01 | Variance(mean) = 2.277358e-07
[2026-03-11 12:30:30] [Epoch 17150] Loss = 3.837474e-01 | Residual = 8.596328e-01 | Variance(mean) = 5.448055e-07
[2026-03-11 12:32:00] [Epoch 17200] Loss = 3.839640e-01 | Residual = 8.588396e-01 | Variance(mean) = 4.514661e-07
[2026-03-11 12:33:29] [Epoch 17250] Loss = 3.844783e-01 | Residual = 8.624615e-01 | Variance(mean) = 3.029441e-07
[2026-03-11 12:34:59] [Epoch 17300] Loss = 3.859909e-01 | Residual = 8.633222e-01 | Variance(mean) = 4.789689e-07
[2026-03-11 12:36:29] [Epoch 17350] Loss = 3.849285e-01 | Residual = 8.627463e-01 | Variance(mean) = 7.149549e-07
[2026-03-11 12:37:58] [Epoch 17400] Loss = 3.830204e-01 | Residual = 8.611197e-01 | Variance(mean) = 1.065966e-06
[2026-03-11 12:39:28] [Epoch 17450] Loss = 3.847940e-01 | Residual = 8.630547e-01 | Variance(mean) = 4.328396e-07
[2026-03-11 12:40:58] [Epoch 17500] Loss = 3.826491e-01 | Residual = 8.612455e-01 | Variance(mean) = 2.840415e-07
[2026-03-11 12:42:28] [Epoch 17550] Loss = 3.823788e-01 | Residual = 8.592353e-01 | Variance(mean) = 3.218760e-07
[2026-03-11 12:43:58] [Epoch 17600] Loss = 3.854590e-01 | Residual = 8.609877e-01 | Variance(mean) = 2.489258e-07
[2026-03-11 12:45:28] [Epoch 17650] Loss = 3.854350e-01 | Residual = 8.622184e-01 | Variance(mean) = 8.243919e-07
[2026-03-11 12:46:58] [Epoch 17700] Loss = 3.870251e-01 | Residual = 8.613006e-01 | Variance(mean) = 3.314691e-07
[2026-03-11 12:48:28] [Epoch 17750] Loss = 3.824637e-01 | Residual = 8.581166e-01 | Variance(mean) = 1.051363e-07
[2026-03-11 12:49:57] [Epoch 17800] Loss = 3.822001e-01 | Residual = 8.583845e-01 | Variance(mean) = 2.092697e-07
[2026-03-11 12:51:27] [Epoch 17850] Loss = 3.821832e-01 | Residual = 8.599321e-01 | Variance(mean) = 5.983873e-07
[2026-03-11 12:52:57] [Epoch 17900] Loss = 3.816403e-01 | Residual = 8.617395e-01 | Variance(mean) = 1.268086e-07
[2026-03-11 12:54:26] [Epoch 17950] Loss = 3.804258e-01 | Residual = 8.594317e-01 | Variance(mean) = 1.977175e-07
[2026-03-11 12:55:56] [Epoch 18000] Loss = 3.798776e-01 | Residual = 8.591595e-01 | Variance(mean) = 6.458330e-07
[2026-03-11 12:57:26] [Epoch 18050] Loss = 3.811086e-01 | Residual = 8.602186e-01 | Variance(mean) = 8.315049e-07
[2026-03-11 12:58:55] [Epoch 18100] Loss = 3.813969e-01 | Residual = 8.593242e-01 | Variance(mean) = 5.582359e-06
[2026-03-11 13:00:25] [Epoch 18150] Loss = 3.803297e-01 | Residual = 8.592909e-01 | Variance(mean) = 5.689905e-07
[2026-03-11 13:01:55] [Epoch 18200] Loss = 3.800217e-01 | Residual = 8.606667e-01 | Variance(mean) = 3.562517e-07
[2026-03-11 13:03:25] [Epoch 18250] Loss = 3.811967e-01 | Residual = 8.589782e-01 | Variance(mean) = 6.440149e-07
[2026-03-11 13:04:54] [Epoch 18300] Loss = 3.813358e-01 | Residual = 8.573061e-01 | Variance(mean) = 1.314067e-06
[2026-03-11 13:06:24] [Epoch 18350] Loss = 3.798797e-01 | Residual = 8.599814e-01 | Variance(mean) = 3.518303e-07
[2026-03-11 13:07:54] [Epoch 18400] Loss = 3.799468e-01 | Residual = 8.584177e-01 | Variance(mean) = 2.928675e-07
[2026-03-11 13:09:24] [Epoch 18450] Loss = 3.790227e-01 | Residual = 8.545309e-01 | Variance(mean) = 7.094328e-07
[2026-03-11 13:10:54] [Epoch 18500] Loss = 3.790431e-01 | Residual = 8.550037e-01 | Variance(mean) = 1.422327e-06
[2026-03-11 13:12:24] [Epoch 18550] Loss = 3.828473e-01 | Residual = 8.543158e-01 | Variance(mean) = 5.181352e-07
[2026-03-11 13:13:54] [Epoch 18600] Loss = 3.801946e-01 | Residual = 8.541915e-01 | Variance(mean) = 2.559356e-06
[2026-03-11 13:15:24] [Epoch 18650] Loss = 3.795151e-01 | Residual = 8.561840e-01 | Variance(mean) = 7.626643e-07
[2026-03-11 13:16:54] [Epoch 18700] Loss = 3.797087e-01 | Residual = 8.555532e-01 | Variance(mean) = 3.041421e-06
[2026-03-11 13:18:24] [Epoch 18750] Loss = 3.830853e-01 | Residual = 8.577510e-01 | Variance(mean) = 6.429618e-07
[2026-03-11 13:19:53] [Epoch 18800] Loss = 3.856464e-01 | Residual = 8.628035e-01 | Variance(mean) = 9.490354e-07
[2026-03-11 13:21:23] [Epoch 18850] Loss = 3.824093e-01 | Residual = 8.616880e-01 | Variance(mean) = 5.023628e-07
[2026-03-11 13:22:53] [Epoch 18900] Loss = 3.838855e-01 | Residual = 8.619942e-01 | Variance(mean) = 9.522251e-07
[2026-03-11 13:24:22] [Epoch 18950] Loss = 3.817915e-01 | Residual = 8.578163e-01 | Variance(mean) = 3.626950e-06
[2026-03-11 13:25:52] [Epoch 19000] Loss = 3.811197e-01 | Residual = 8.548280e-01 | Variance(mean) = 6.309314e-07
[2026-03-11 13:27:21] [Epoch 19050] Loss = 3.821927e-01 | Residual = 8.555018e-01 | Variance(mean) = 6.438803e-07
[2026-03-11 13:28:51] [Epoch 19100] Loss = 3.820357e-01 | Residual = 8.579051e-01 | Variance(mean) = 1.474028e-06
[2026-03-11 13:30:21] [Epoch 19150] Loss = 3.825057e-01 | Residual = 8.586883e-01 | Variance(mean) = 3.464578e-07
[2026-03-11 13:31:50] [Epoch 19200] Loss = 3.832881e-01 | Residual = 8.576575e-01 | Variance(mean) = 9.321014e-07
[2026-03-11 13:33:20] [Epoch 19250] Loss = 3.827374e-01 | Residual = 8.571733e-01 | Variance(mean) = 8.411707e-08
[2026-03-11 13:34:50] [Epoch 19300] Loss = 3.820542e-01 | Residual = 8.561949e-01 | Variance(mean) = 5.170110e-07
[2026-03-11 13:36:20] [Epoch 19350] Loss = 3.838591e-01 | Residual = 8.592328e-01 | Variance(mean) = 3.972512e-07
[2026-03-11 13:37:50] [Epoch 19400] Loss = 3.831272e-01 | Residual = 8.596826e-01 | Variance(mean) = 3.160893e-07
[2026-03-11 13:39:20] [Epoch 19450] Loss = 3.813825e-01 | Residual = 8.590308e-01 | Variance(mean) = 5.019446e-07
[2026-03-11 13:40:50] [Epoch 19500] Loss = 3.794290e-01 | Residual = 8.551081e-01 | Variance(mean) = 1.831009e-07
[2026-03-11 13:42:19] [Epoch 19550] Loss = 3.825503e-01 | Residual = 8.577428e-01 | Variance(mean) = 2.009160e-07
[2026-03-11 13:43:49] [Epoch 19600] Loss = 3.813709e-01 | Residual = 8.586877e-01 | Variance(mean) = 3.377857e-07
[2026-03-11 13:45:19] [Epoch 19650] Loss = 3.800536e-01 | Residual = 8.564190e-01 | Variance(mean) = 1.008893e-06
[2026-03-11 13:46:49] [Epoch 19700] Loss = 3.814795e-01 | Residual = 8.583973e-01 | Variance(mean) = 3.809847e-07
[2026-03-11 13:48:19] [Epoch 19750] Loss = 3.825610e-01 | Residual = 8.529671e-01 | Variance(mean) = 4.683157e-07
[2026-03-11 13:49:48] [Epoch 19800] Loss = 3.841001e-01 | Residual = 8.542156e-01 | Variance(mean) = 5.448115e-07
[2026-03-11 13:51:18] [Epoch 19850] Loss = 3.826001e-01 | Residual = 8.612819e-01 | Variance(mean) = 1.428087e-07
[2026-03-11 13:52:48] [Epoch 19900] Loss = 3.793739e-01 | Residual = 8.552033e-01 | Variance(mean) = 4.851463e-07
[2026-03-11 13:54:18] [Epoch 19950] Loss = 3.833102e-01 | Residual = 8.562254e-01 | Variance(mean) = 2.321159e-06
[2026-03-11 13:55:48] [Epoch 20000] Loss = 3.834811e-01 | Residual = 8.536182e-01 | Variance(mean) = 1.374287e-06
[2026-03-11 13:55:51] Final parameters written to: /gpfs/home/tonshen/Seawulf_simulation/Qiskit_simulation/run/qiskit_12q_stablizer_long/seed=2/final_params.json
[2026-03-11 13:55:51] Finished. Outputs written to: /gpfs/home/tonshen/Seawulf_simulation/Qiskit_simulation/run/qiskit_12q_stablizer_long/seed=2
