Running: /gpfs/home/tonshen/.conda/envs/MPS/bin/python /gpfs/home/tonshen/Seawulf_simulation/MPS_simulation/dist/10qubits/partition_compare/partition_compare_optimize.py --config /gpfs/home/tonshen/Seawulf_simulation/MPS_simulation/dist/10qubits/partition_compare/param.yaml --case partition_2x2 --out-dir /gpfs/home/tonshen/Seawulf_simulation/MPS_simulation/dist/10qubits/partition_compare/runs/20260319_partition_compare_no1x1_seed12_iter1000_r10/partition_2x2_seed=2 --iterations 1000 --report-every 10 --init-seed 2
Preparing partition-compare case `partition_2x2`.
Iteration    0 | cost=4.78670769933 | residual=1.0867932042 | consensus=1.41257160491 | error=1.23394713231
Iteration   10 | cost=3.28928914421 | residual=1.08855609141 | consensus=0.00669335637184 | error=1.30357390064
Iteration   20 | cost=2.122586973 | residual=1.04883731807 | consensus=0.00670102709559 | error=1.22303844513
Iteration   30 | cost=1.4961798656 | residual=1.02391631061 | consensus=0.00554433012094 | error=1.15983901728
Iteration   40 | cost=1.01516855768 | residual=1.0040364402 | consensus=0.0035832465671 | error=1.11051540101
Iteration   50 | cost=0.76536256754 | residual=0.986691408942 | consensus=0.00283071144853 | error=1.07179562529
Iteration   60 | cost=0.62298582763 | residual=0.967040713821 | consensus=0.00281748360021 | error=1.03708476686
Iteration   70 | cost=0.539116681042 | residual=0.945635843869 | consensus=0.00198039289854 | error=1.00330557796
Iteration   80 | cost=0.484426160578 | residual=0.921030285366 | consensus=0.00155365122184 | error=0.967205235444
Iteration   90 | cost=0.4448708063 | residual=0.893294360562 | consensus=0.0016755964872 | error=0.929535903365
Iteration  100 | cost=0.413336682026 | residual=0.862679945352 | consensus=0.00165883112186 | error=0.891510250974
Iteration  110 | cost=0.386433410729 | residual=0.828525578214 | consensus=0.00160224305552 | error=0.852159708933
Iteration  120 | cost=0.365634575854 | residual=0.794930863946 | consensus=0.00157162397166 | error=0.814919067469
Iteration  130 | cost=0.353547355045 | residual=0.769978967974 | consensus=0.00137224910765 | error=0.787519498501
Iteration  140 | cost=0.347998766945 | residual=0.756849914739 | consensus=0.000916011326422 | error=0.772749134077
Iteration  150 | cost=0.345050649342 | residual=0.752354867961 | consensus=0.000471439989944 | error=0.767070942639
Iteration  160 | cost=0.342928708625 | residual=0.751794200077 | consensus=0.000292108046288 | error=0.765730702743
Iteration  170 | cost=0.341032470339 | residual=0.75190176036 | consensus=0.000175535473805 | error=0.765450326654
Iteration  180 | cost=0.33908165556 | residual=0.751535342783 | consensus=0.000149329053196 | error=0.764985910559
Iteration  190 | cost=0.336803019434 | residual=0.750717810534 | consensus=0.000113913214353 | error=0.764235846937
Iteration  200 | cost=0.333786759887 | residual=0.749512158614 | consensus=9.22924636719e-05 | error=0.763210754178
Iteration  210 | cost=0.329612730184 | residual=0.747661130323 | consensus=0.000105265710877 | error=0.761666752094
Iteration  220 | cost=0.324149940393 | residual=0.744840977537 | consensus=0.000148690393079 | error=0.759316180182
Iteration  230 | cost=0.317898127955 | residual=0.74101996177 | consensus=0.000227199696822 | error=0.75613948787
Iteration  240 | cost=0.311896415996 | residual=0.736716857988 | consensus=0.000310265707313 | error=0.752631125635
Iteration  250 | cost=0.30704445612 | residual=0.732874184854 | consensus=0.000351997261081 | error=0.7496863203
Iteration  260 | cost=0.303611141927 | residual=0.730221917027 | consensus=0.000373053616065 | error=0.747977905894
Iteration  270 | cost=0.301353028361 | residual=0.728746215362 | consensus=0.000359849507079 | error=0.747428608487
Iteration  280 | cost=0.299781184677 | residual=0.727893027719 | consensus=0.000296475615796 | error=0.747423640945
Iteration  290 | cost=0.298385307278 | residual=0.727153274433 | consensus=0.000229330158862 | error=0.747418934659
Iteration  300 | cost=0.296541987802 | residual=0.726155283185 | consensus=0.000184248171272 | error=0.747033616504
Iteration  310 | cost=0.293080661151 | residual=0.72429613665 | consensus=0.000166762504503 | error=0.745678352256
Iteration  320 | cost=0.292764636335 | residual=0.720348284521 | consensus=0.00357685386824 | error=0.742142354787
Iteration  330 | cost=0.275863230596 | residual=0.715499047774 | consensus=0.00187424507938 | error=0.736961209192
Iteration  340 | cost=0.759660320825 | residual=0.715061671947 | consensus=0.00278844980514 | error=0.732377678154
Iteration  350 | cost=0.432593604205 | residual=0.807698398003 | consensus=0.0068089034147 | error=0.813220466234
Iteration  360 | cost=0.381559944252 | residual=0.858069613161 | consensus=0.00396975830707 | error=0.861289543399
Iteration  370 | cost=0.349087488745 | residual=0.812323569549 | consensus=0.00178297010677 | error=0.817855251239
Iteration  380 | cost=0.307846541657 | residual=0.753769417967 | consensus=0.00251093570072 | error=0.763737053523
Iteration  390 | cost=0.284448827998 | residual=0.722695728506 | consensus=0.00346593031119 | error=0.736885591975
Iteration  400 | cost=0.265830614646 | residual=0.710298472768 | consensus=0.00150468324203 | error=0.727369293001
Iteration  410 | cost=0.251448750588 | residual=0.700957039143 | consensus=0.000785253923931 | error=0.719818910745
Iteration  420 | cost=0.856712376449 | residual=0.695484088001 | consensus=0.00871302094267 | error=0.715288892187
Iteration  430 | cost=0.510466824325 | residual=0.757486646811 | consensus=0.00414849429391 | error=0.767611028305
Iteration  440 | cost=0.368714271941 | residual=0.822194983309 | consensus=0.00443996099711 | error=0.82666227443
Iteration  450 | cost=0.344365652422 | residual=0.820001769268 | consensus=0.00276564253428 | error=0.825540489246
