Running: /gpfs/home/tonshen/.conda/envs/MPS/bin/python /gpfs/home/tonshen/Seawulf_simulation/MPS_simulation/dist/10qubits/partition_compare/partition_compare_optimize.py --config /gpfs/home/tonshen/Seawulf_simulation/MPS_simulation/dist/10qubits/partition_compare/param.yaml --case partition_4x4 --out-dir /gpfs/home/tonshen/Seawulf_simulation/MPS_simulation/dist/10qubits/partition_compare/runs/20260319_partition_compare_laptoppath_blocknorm_seed12_iter1000_r10/partition_4x4_seed=2 --iterations 1000 --report-every 10 --init-seed 2
Preparing partition-compare case `partition_4x4`.
Iteration    0 | cost=16.3962559362 | residual=0.998226405711 | consensus=2.43426284085 | error=1.07738437567
Iteration   10 | cost=5.63199701327 | residual=0.76848099409 | consensus=0.136296061689 | error=0.85897180201
Iteration   20 | cost=1.11681108063 | residual=0.831731698799 | consensus=0.0619402078738 | error=0.858666268556
Iteration   30 | cost=0.244888378065 | residual=0.910616075294 | consensus=0.0789995333826 | error=0.917318987944
Iteration   40 | cost=0.258413150272 | residual=0.947448575049 | consensus=0.0661145477471 | error=0.950424435156
Iteration   50 | cost=0.258992493501 | residual=0.920264400678 | consensus=0.0320735375925 | error=0.923102332792
Iteration   60 | cost=0.221646960049 | residual=0.847999493282 | consensus=0.0170476837061 | error=0.853630470595
Iteration   70 | cost=0.201424854206 | residual=0.771216690881 | consensus=0.0339622066967 | error=0.780032223571
Iteration   80 | cost=0.193160676205 | residual=0.72962759275 | consensus=0.0335652260599 | error=0.738906918373
Iteration   90 | cost=0.187779639618 | residual=0.731270372242 | consensus=0.0187949586024 | error=0.738404676788
Iteration  100 | cost=0.18455350556 | residual=0.748807974206 | consensus=0.0125588957119 | error=0.753834679432
Iteration  110 | cost=0.182327043792 | residual=0.751851406121 | consensus=0.0141362145433 | error=0.755893792794
Iteration  120 | cost=0.179983986958 | residual=0.735347214605 | consensus=0.00817086300673 | error=0.739016440192
Iteration  130 | cost=0.177964478702 | residual=0.71451950742 | consensus=0.00584843490392 | error=0.717865206691
Iteration  140 | cost=0.176475156888 | residual=0.702611627696 | consensus=0.00727761648651 | error=0.705537491866
Iteration  150 | cost=0.175332271622 | residual=0.700490299272 | consensus=0.00478143231576 | error=0.703008676481
Iteration  160 | cost=0.174370778663 | residual=0.701698180762 | consensus=0.00314550944997 | error=0.703930549025
Iteration  170 | cost=0.173418339087 | residual=0.700520948462 | consensus=0.00336175739944 | error=0.702605259772
Iteration  180 | cost=0.172333113749 | residual=0.695889557252 | consensus=0.00238326110119 | error=0.697951388751
Iteration  190 | cost=0.171011511246 | residual=0.690168817611 | consensus=0.00190005335044 | error=0.692335078721
Iteration  200 | cost=0.169271158994 | residual=0.685294333568 | consensus=0.00176011424358 | error=0.687717169772
Iteration  210 | cost=0.166804058118 | residual=0.680718368365 | consensus=0.00172897009056 | error=0.683640330437
Iteration  220 | cost=0.163237935371 | residual=0.674508358964 | consensus=0.00209938113397 | error=0.678336067099
Iteration  230 | cost=0.158431886499 | residual=0.665156356804 | consensus=0.00288779368256 | error=0.670466833929
Iteration  240 | cost=0.152981348538 | residual=0.652023272255 | consensus=0.00444160416384 | error=0.659244192203
Iteration  250 | cost=0.147864121029 | residual=0.635451826671 | consensus=0.00599388525815 | error=0.644104775218
Iteration  260 | cost=0.143624087022 | residual=0.618921014586 | consensus=0.00735596190555 | error=0.627945409185
Iteration  270 | cost=0.140667571069 | residual=0.606974129145 | consensus=0.00830672675149 | error=0.616215846167
Iteration  280 | cost=0.138752070715 | residual=0.599189398656 | consensus=0.00683357893062 | error=0.60888348499
Iteration  290 | cost=0.137362285751 | residual=0.593510930726 | consensus=0.00489910539356 | error=0.603610386254
Iteration  300 | cost=0.136032706762 | residual=0.588749593831 | consensus=0.00355951606361 | error=0.59917457808
Iteration  310 | cost=0.134482564056 | residual=0.583950304583 | consensus=0.0022787847043 | error=0.594680567007
Iteration  320 | cost=0.13258075622 | residual=0.578551776094 | consensus=0.00192900676752 | error=0.589668584691
Iteration  330 | cost=0.130298796624 | residual=0.572301536857 | consensus=0.00222557176272 | error=0.584006063124
Iteration  340 | cost=0.127715632909 | residual=0.565417526199 | consensus=0.00302857662043 | error=0.578023615542
Iteration  350 | cost=0.125008227428 | residual=0.558487599962 | consensus=0.00385420007803 | error=0.572370506863
Iteration  360 | cost=0.122336955824 | residual=0.552084060393 | consensus=0.00445874879137 | error=0.567558009984
Iteration  370 | cost=0.119705045786 | residual=0.546412410487 | consensus=0.00491533602163 | error=0.563630122293
Iteration  380 | cost=0.116974422521 | residual=0.541093252488 | consensus=0.00509928230501 | error=0.560101181724
Iteration  390 | cost=0.113984376708 | residual=0.535413321384 | consensus=0.0051671905121 | error=0.556254965737
Iteration  400 | cost=0.11066997393 | residual=0.52868001013 | consensus=0.00522185943185 | error=0.551364855559
Iteration  410 | cost=0.107104022147 | residual=0.520275838961 | consensus=0.00538143195066 | error=0.544658418162
Iteration  420 | cost=0.103489156996 | residual=0.510524406991 | consensus=0.00592709678226 | error=0.536341517607
Iteration  430 | cost=0.100210354243 | residual=0.501440937489 | consensus=0.00668261743967 | error=0.528560881961
Iteration  440 | cost=0.097584850728 | residual=0.494751933658 | consensus=0.00678412772679 | error=0.52319896708
Iteration  450 | cost=0.09569185857 | residual=0.490334107497 | consensus=0.00606496521769 | error=0.520072396365
Iteration  460 | cost=0.146546112374 | residual=0.551215400577 | consensus=0.0452779251626 | error=0.565312584213
Iteration  470 | cost=0.182712868513 | residual=0.697019310226 | consensus=0.0747047686254 | error=0.708870819279
Iteration  480 | cost=0.177128110474 | residual=0.720759770942 | consensus=0.0577847006998 | error=0.733980935042
Iteration  490 | cost=0.152910972107 | residual=0.652700517324 | consensus=0.0165185464111 | error=0.665065821311
Iteration  500 | cost=0.126962518916 | residual=0.581421589609 | consensus=0.0310073586579 | error=0.600029750617
Iteration  510 | cost=0.114085454576 | residual=0.514518113093 | consensus=0.0561414536353 | error=0.536942817356
Iteration  520 | cost=0.0994883700217 | residual=0.501756631029 | consensus=0.0323408286046 | error=0.523828358434
Iteration  530 | cost=0.0926194202294 | residual=0.491981418434 | consensus=0.0159780402348 | error=0.519671106265
Iteration  540 | cost=0.0882016012351 | residual=0.486893450676 | consensus=0.0195824740996 | error=0.520499912481
Iteration  550 | cost=0.0857899560606 | residual=0.482581896204 | consensus=0.0166754433693 | error=0.519818201275
Iteration  560 | cost=0.0844012640778 | residual=0.480079791624 | consensus=0.0101405989854 | error=0.519083400719
Iteration  570 | cost=0.0832671756592 | residual=0.478881092179 | consensus=0.00651530608004 | error=0.520017254931
Iteration  580 | cost=0.0823621623685 | residual=0.477747017423 | consensus=0.00483040462743 | error=0.520112961824
Iteration  590 | cost=0.0817153369393 | residual=0.476600906574 | consensus=0.00466693587523 | error=0.519656233948
Iteration  600 | cost=0.0812793435472 | residual=0.475421136348 | consensus=0.0030193515122 | error=0.518891771092
Iteration  610 | cost=0.0810195268052 | residual=0.474407734447 | consensus=0.00352489493445 | error=0.518076853373
Iteration  620 | cost=0.0808821031195 | residual=0.473713791299 | consensus=0.00329866276576 | error=0.517402529577
Iteration  630 | cost=0.0807944773436 | residual=0.473205718451 | consensus=0.00189703967902 | error=0.516833018806
Iteration  640 | cost=0.0807424804054 | residual=0.473053964495 | consensus=0.00383488502752 | error=0.516625783778
Iteration  650 | cost=0.080692978026 | residual=0.472700980297 | consensus=0.00132243898636 | error=0.516170464218
Iteration  660 | cost=0.0806431686086 | residual=0.472477669835 | consensus=0.00321793004106 | error=0.51589181026
Iteration  670 | cost=0.0805942773806 | residual=0.472236660965 | consensus=0.00298553322222 | error=0.515612091634
Iteration  680 | cost=0.0805276884302 | residual=0.47183335965 | consensus=0.00159060356852 | error=0.515153802227
Iteration  690 | cost=0.0804600518833 | residual=0.471587477624 | consensus=0.0038056297822 | error=0.51490064361
Iteration  700 | cost=0.0803679917867 | residual=0.470991371837 | consensus=0.00109170946535 | error=0.514246335744
Iteration  710 | cost=0.0802538981574 | residual=0.470435465181 | consensus=0.0032960791413 | error=0.513653293294
Iteration  720 | cost=0.08010764567 | residual=0.469685468835 | consensus=0.00280882039892 | error=0.512852603109
Iteration  730 | cost=0.079897988116 | residual=0.468593769554 | consensus=0.00182797455544 | error=0.511679450549
Iteration  740 | cost=0.0796124316139 | residual=0.467298898668 | consensus=0.00370470751996 | error=0.510321410938
Iteration  750 | cost=0.0791853128805 | residual=0.465172890871 | consensus=0.0014275594189 | error=0.508065200178
Iteration  760 | cost=0.078559528443 | residual=0.462334088237 | consensus=0.00351338893938 | error=0.505099617697
Iteration  770 | cost=0.0776614708017 | residual=0.458137692751 | consensus=0.00321758033174 | error=0.500724658767
Iteration  780 | cost=0.0764765908936 | residual=0.452114834493 | consensus=0.00348594520136 | error=0.494430094521
Iteration  790 | cost=0.0751529627058 | residual=0.444146236342 | consensus=0.0051895789533 | error=0.485995576359
Iteration  800 | cost=0.124942791925 | residual=0.437297630214 | consensus=0.0285219956724 | error=0.47834034852
Iteration  810 | cost=0.0819868426334 | residual=0.490387420004 | consensus=0.0551992052655 | error=0.534152151857
Iteration  820 | cost=0.148091493276 | residual=0.425613627279 | consensus=0.0432049860047 | error=0.455286682273
Iteration  830 | cost=0.113067083545 | residual=0.463941995837 | consensus=0.0865584110589 | error=0.481726349291
Iteration  840 | cost=0.105761358354 | residual=0.445794462826 | consensus=0.0306043414885 | error=0.466790507805
Iteration  850 | cost=0.1299728503 | residual=0.521578684346 | consensus=0.05547882047 | error=0.553905122989
Iteration  860 | cost=0.120076429916 | residual=0.481721507729 | consensus=0.0487644772026 | error=0.508043598433
Iteration  870 | cost=0.203211990853 | residual=0.475954999387 | consensus=0.0631630936839 | error=0.509876274909
Iteration  880 | cost=0.108254550184 | residual=0.539065342801 | consensus=0.0614172134442 | error=0.568478548403
Iteration  890 | cost=0.0914144168496 | residual=0.456252285848 | consensus=0.0526500773159 | error=0.488993280287
Iteration  900 | cost=0.0785564121325 | residual=0.424190052134 | consensus=0.0351518373794 | error=0.46118995437
Iteration  910 | cost=0.236821031118 | residual=0.374896366836 | consensus=0.0984962127372 | error=0.406311550242
Iteration  920 | cost=0.196293581315 | residual=0.497865753717 | consensus=0.0668960393456 | error=0.518831324735
Iteration  930 | cost=0.0985454898151 | residual=0.581801763073 | consensus=0.098317398063 | error=0.613155738191
Iteration  940 | cost=0.137384557099 | residual=0.51594265402 | consensus=0.0415588666056 | error=0.548169650641
Iteration  950 | cost=0.101027839733 | residual=0.425020194724 | consensus=0.0873741600139 | error=0.449037071684
Iteration  960 | cost=0.113846735796 | residual=0.44103443603 | consensus=0.0438077208099 | error=0.472814284502
Iteration  970 | cost=0.116189739123 | residual=0.521103661921 | consensus=0.056928932805 | error=0.554033282258
Iteration  980 | cost=0.105442544959 | residual=0.553606198212 | consensus=0.0644847878398 | error=0.578794682296
Iteration  990 | cost=0.111329917204 | residual=0.458530761398 | consensus=0.0621540230147 | error=0.476048767248
Iteration 1000 | cost=0.0866388440074 | residual=0.404330872945 | consensus=0.0525350660758 | error=0.425195536867
Wrote JSON report to /gpfs/home/tonshen/Seawulf_simulation/MPS_simulation/dist/10qubits/partition_compare/runs/20260319_partition_compare_laptoppath_blocknorm_seed12_iter1000_r10/partition_4x4_seed=2/optimize.json
Wrote markdown report to /gpfs/home/tonshen/Seawulf_simulation/MPS_simulation/dist/10qubits/partition_compare/runs/20260319_partition_compare_laptoppath_blocknorm_seed12_iter1000_r10/partition_4x4_seed=2/optimize_report.md
Wrote run summary to /gpfs/home/tonshen/Seawulf_simulation/MPS_simulation/dist/10qubits/partition_compare/runs/20260319_partition_compare_laptoppath_blocknorm_seed12_iter1000_r10/partition_4x4_seed=2/run_summary.json
