Running: /gpfs/home/tonshen/.conda/envs/MPS/bin/python /gpfs/home/tonshen/Seawulf_simulation/MPS_simulation/dist/10qubits/partition_compare/partition_compare_optimize.py --config /gpfs/home/tonshen/Seawulf_simulation/MPS_simulation/dist/10qubits/partition_compare/param.yaml --case partition_2x2 --out-dir /gpfs/home/tonshen/Seawulf_simulation/MPS_simulation/dist/10qubits/partition_compare/runs/20260319_partition_compare_laptoppath_blocknorm_seed12_iter1000_r10/partition_2x2_seed=1 --iterations 1000 --report-every 10 --init-seed 1
Preparing partition-compare case `partition_2x2`.
Iteration    0 | cost=4.74309093667 | residual=1.02344713196 | consensus=1.39734273219 | error=1.15006626455
Iteration   10 | cost=2.32999356658 | residual=0.854284531639 | consensus=0.00704844561702 | error=0.969438761185
Iteration   20 | cost=0.974876696416 | residual=0.780128736629 | consensus=0.00665610762 | error=0.831002068421
Iteration   30 | cost=0.481455844184 | residual=0.756540172554 | consensus=0.00444142868999 | error=0.778224672797
Iteration   40 | cost=0.336017391024 | residual=0.708277485231 | consensus=0.00263749192464 | error=0.721880175315
Iteration   50 | cost=0.284992348475 | residual=0.623130366603 | consensus=0.00308301933615 | error=0.634709900037
Iteration   60 | cost=0.256278115832 | residual=0.536788033268 | consensus=0.00342086573794 | error=0.54561083356
Iteration   70 | cost=0.238489851378 | residual=0.482986721961 | consensus=0.00284760613408 | error=0.488112323331
Iteration   80 | cost=0.228610454555 | residual=0.462898067983 | consensus=0.00153369031265 | error=0.465643684448
Iteration   90 | cost=0.222608866664 | residual=0.454508155452 | consensus=0.000938874466653 | error=0.456264556483
Iteration  100 | cost=0.218346155107 | residual=0.447226116969 | consensus=0.000814902218533 | error=0.448968860867
Iteration  110 | cost=0.214047900451 | residual=0.440683166296 | consensus=0.000466628320443 | error=0.442893002269
Iteration  120 | cost=0.208135103749 | residual=0.434452584651 | consensus=0.000317542313371 | error=0.437435674346
Iteration  130 | cost=0.199126215575 | residual=0.426602285829 | consensus=0.000353532459969 | error=0.430900894342
Iteration  140 | cost=0.184754605357 | residual=0.414485311132 | consensus=0.00044636657575 | error=0.420785602403
Iteration  150 | cost=0.162341496214 | residual=0.394495706525 | consensus=0.000635539496876 | error=0.40349630516
Iteration  160 | cost=0.131243463473 | residual=0.360997586221 | consensus=0.000928237125121 | error=0.37249326055
Iteration  170 | cost=0.0959618922618 | residual=0.314983556041 | consensus=0.0013752120642 | error=0.327606132713
Iteration  180 | cost=0.0633235731769 | residual=0.26785118977 | consensus=0.00187294828702 | error=0.281554877986
Iteration  190 | cost=0.0354766522636 | residual=0.215637215717 | consensus=0.00218240784471 | error=0.22982410613
Iteration  200 | cost=0.0142086237444 | residual=0.147576366053 | consensus=0.00254872290069 | error=0.160121725793
Iteration  210 | cost=0.00560099898639 | residual=0.0922550621754 | consensus=0.00640675135158 | error=0.0997669350088
Iteration  220 | cost=0.352203477466 | residual=0.204420602617 | consensus=0.00480907357165 | error=0.214801594746
Iteration  230 | cost=0.104144333268 | residual=0.455413861548 | consensus=0.0123503062284 | error=0.475818198447
Iteration  240 | cost=0.0760201454442 | residual=0.376475434187 | consensus=0.00275613507938 | error=0.393384793475
Iteration  250 | cost=0.0206553389944 | residual=0.174934536135 | consensus=0.00624516064838 | error=0.184630418684
Iteration  260 | cost=0.220636376168 | residual=0.193133077755 | consensus=0.00235901995121 | error=0.203867869799
Iteration  270 | cost=0.0599401582246 | residual=0.341777870017 | consensus=0.00747068044331 | error=0.357556332088
Iteration  280 | cost=0.0459463718965 | residual=0.287417245838 | consensus=0.00317032736859 | error=0.300565683475
Iteration  290 | cost=0.0276210943891 | residual=0.209293088593 | consensus=0.00563282541539 | error=0.220316858725
Iteration  300 | cost=0.0487764981803 | residual=0.232014240724 | consensus=0.00348766796251 | error=0.243589095189
Iteration  310 | cost=0.0343312746252 | residual=0.226031383924 | consensus=0.0025454944739 | error=0.236666094413
Iteration  320 | cost=0.341978078069 | residual=0.210443062006 | consensus=0.00504545788898 | error=0.220898961527
Iteration  330 | cost=0.0917806019702 | residual=0.337560907338 | consensus=0.00589669890532 | error=0.353560318464
Iteration  340 | cost=0.0949387916795 | residual=0.370675667461 | consensus=0.00191701253987 | error=0.387572615315
Iteration  350 | cost=0.0613917449708 | residual=0.324432840211 | consensus=0.00157776052085 | error=0.340024902743
Iteration  360 | cost=0.159699298324 | residual=0.311806961189 | consensus=0.00117348534285 | error=0.327218115288
Iteration  370 | cost=0.0942199400064 | residual=0.336568100195 | consensus=0.0018281349691 | error=0.352551628087
Iteration  380 | cost=0.127276371252 | residual=0.333723662942 | consensus=0.00176366592251 | error=0.34972381283
Iteration  390 | cost=0.0706745595176 | residual=0.334201499258 | consensus=0.00127288085766 | error=0.350234504655
Iteration  400 | cost=0.037508599497 | residual=0.265261854035 | consensus=0.00234655587008 | error=0.277991806439
Iteration  410 | cost=0.0146736909249 | residual=0.158517744119 | consensus=0.00386381080879 | error=0.166825071673
Iteration  420 | cost=0.00521564346616 | residual=0.0801388248025 | consensus=0.00283315386042 | error=0.0848236208064
Iteration  430 | cost=0.0175085810927 | residual=0.142981120437 | consensus=0.0049249676378 | error=0.15042099623
Iteration  440 | cost=0.0215166581656 | residual=0.174694743754 | consensus=0.00200190295148 | error=0.182642595101
Iteration  450 | cost=0.0144029382048 | residual=0.151543461661 | consensus=0.00110801118114 | error=0.158910405081
Iteration  460 | cost=0.00743349069944 | residual=0.108952329664 | consensus=0.00173183964484 | error=0.114552192428
Iteration  470 | cost=0.00315120246018 | residual=0.069359007987 | consensus=0.00144607765101 | error=0.0732489985203
Iteration  480 | cost=0.00117342540287 | residual=0.040802370985 | consensus=0.00107985893175 | error=0.0434863347605
Iteration  490 | cost=0.000436435624096 | residual=0.0228386545449 | consensus=0.000797614148953 | error=0.0247895547094
Iteration  500 | cost=0.000200043604506 | residual=0.0141844472354 | consensus=0.000494669184059 | error=0.0160516611346
Iteration  510 | cost=0.000135248458849 | residual=0.0115328108331 | consensus=0.000290336899768 | error=0.0134454908872
Iteration  520 | cost=0.00012120611795 | residual=0.0110131125015 | consensus=0.00017348890019 | error=0.0129278226384
Iteration  530 | cost=0.858577376884 | residual=0.0109513476079 | consensus=0.000102532134281 | error=0.0128554779858
Iteration  540 | cost=0.0180778369045 | residual=0.147660266331 | consensus=0.00735948042148 | error=0.155787628833
Iteration  550 | cost=0.0211557283692 | residual=0.176060050902 | consensus=0.00192694796982 | error=0.184845874405
Iteration  560 | cost=0.0115164766545 | residual=0.139975594669 | consensus=0.00228373832132 | error=0.147336611401
Iteration  570 | cost=0.17787668321 | residual=0.196376470653 | consensus=0.00497018085931 | error=0.207397190645
Iteration  580 | cost=0.0833584577607 | residual=0.370628101406 | consensus=0.00843806405306 | error=0.387975334243
Iteration  590 | cost=0.169343926659 | residual=0.425812184238 | consensus=0.00746692378725 | error=0.445803156292
Iteration  600 | cost=0.221501758246 | residual=0.46434471551 | consensus=0.00919098129284 | error=0.488267583037
Iteration  610 | cost=0.126971670965 | residual=0.445961259498 | consensus=0.00727902330247 | error=0.467478446957
Iteration  620 | cost=0.0811737484889 | residual=0.343527090136 | consensus=0.0100105170111 | error=0.365787380434
Iteration  630 | cost=0.0719642372778 | residual=0.293327846447 | consensus=0.0120160675759 | error=0.318671914877
Iteration  640 | cost=0.28682941192 | residual=0.233357154076 | consensus=0.0127218563107 | error=0.248289056526
Iteration  650 | cost=0.0604604288831 | residual=0.32928789697 | consensus=0.0109644484674 | error=0.350288618221
Iteration  660 | cost=0.0387601643379 | residual=0.24094164335 | consensus=0.0117503420496 | error=0.255226181645
Iteration  670 | cost=0.0243833703805 | residual=0.161244725319 | consensus=0.0164812676671 | error=0.1798401623
Iteration  680 | cost=0.134300167444 | residual=0.255468601893 | consensus=0.0102634529276 | error=0.273011496868
Iteration  690 | cost=0.171683117805 | residual=0.348909518038 | consensus=0.00682778976023 | error=0.365337231423
Iteration  700 | cost=0.244982819794 | residual=0.372734706835 | consensus=0.0101812665728 | error=0.393012663472
Iteration  710 | cost=0.0794610410389 | residual=0.31018630324 | consensus=0.00783716391022 | error=0.326394231561
Iteration  720 | cost=0.179229924381 | residual=0.257172752779 | consensus=0.00764123720064 | error=0.27105145765
Iteration  730 | cost=0.371417598153 | residual=0.289203684062 | consensus=0.0116509859656 | error=0.303730096638
Iteration  740 | cost=0.0895491443584 | residual=0.392475973041 | consensus=0.0078367933513 | error=0.412296955221
Iteration  750 | cost=0.075499195299 | residual=0.33545815656 | consensus=0.00488966944469 | error=0.351094354342
Iteration  760 | cost=0.021844684713 | residual=0.164987591896 | consensus=0.00929277674508 | error=0.176220891171
Iteration  770 | cost=0.157834959996 | residual=0.120086541255 | consensus=0.00771922968303 | error=0.129466984753
Iteration  780 | cost=0.0622713494683 | residual=0.253120345184 | consensus=0.0198554362476 | error=0.26838933398
Iteration  790 | cost=0.0830157939062 | residual=0.287440535057 | consensus=0.00924139640008 | error=0.30390747156
Iteration  800 | cost=0.0493368505179 | residual=0.302716625337 | consensus=0.00391678431379 | error=0.321032953546
Iteration  810 | cost=0.294887253566 | residual=0.266357454291 | consensus=0.0060609204811 | error=0.279976401831
Iteration  820 | cost=0.0654879111064 | residual=0.3376930762 | consensus=0.00554045089211 | error=0.355945360499
Iteration  830 | cost=0.037413990401 | residual=0.236714104891 | consensus=0.00603523804564 | error=0.249581684694
Iteration  840 | cost=0.0641689153556 | residual=0.265458207228 | consensus=0.0109972528266 | error=0.291253568758
Iteration  850 | cost=0.122772831662 | residual=0.283146197023 | consensus=0.00759454098188 | error=0.297358517032
Iteration  860 | cost=0.0562487886338 | residual=0.323077465769 | consensus=0.00963194800088 | error=0.345483953129
Iteration  870 | cost=0.0193610368037 | residual=0.186962045941 | consensus=0.00957053683186 | error=0.197087914899
Iteration  880 | cost=0.0117236286626 | residual=0.130368346291 | consensus=0.00681040117693 | error=0.142862591583
Iteration  890 | cost=0.144371516391 | residual=0.0958886752639 | consensus=0.00722589740585 | error=0.100868503842
Iteration  900 | cost=0.0202351855564 | residual=0.178118679164 | consensus=0.00959232752048 | error=0.187755685591
Iteration  910 | cost=0.207000306565 | residual=0.233846492563 | consensus=0.00326997964563 | error=0.244279457171
Iteration  920 | cost=0.25077876182 | residual=0.304494749873 | consensus=0.00370555254649 | error=0.320115372421
Iteration  930 | cost=0.0843956269504 | residual=0.353381474463 | consensus=0.00443794326346 | error=0.369452575954
Iteration  940 | cost=0.075714980117 | residual=0.357870339691 | consensus=0.00369912731896 | error=0.375845046753
Iteration  950 | cost=0.183742618553 | residual=0.306471622894 | consensus=0.00683930469625 | error=0.320526864414
Iteration  960 | cost=0.0542261822846 | residual=0.319633049751 | consensus=0.00948705650729 | error=0.336265094553
Iteration  970 | cost=0.353032746852 | residual=0.265171974273 | consensus=0.012038287862 | error=0.27723235973
Iteration  980 | cost=0.173046132805 | residual=0.186758842904 | consensus=0.00493282012602 | error=0.196251300881
Iteration  990 | cost=0.246861574563 | residual=0.228014408919 | consensus=0.00433992339163 | error=0.239839347884
Iteration 1000 | cost=0.0985353063113 | residual=0.348317338539 | consensus=0.00521683555104 | error=0.364480002763
Wrote JSON report to /gpfs/home/tonshen/Seawulf_simulation/MPS_simulation/dist/10qubits/partition_compare/runs/20260319_partition_compare_laptoppath_blocknorm_seed12_iter1000_r10/partition_2x2_seed=1/optimize.json
Wrote markdown report to /gpfs/home/tonshen/Seawulf_simulation/MPS_simulation/dist/10qubits/partition_compare/runs/20260319_partition_compare_laptoppath_blocknorm_seed12_iter1000_r10/partition_2x2_seed=1/optimize_report.md
Wrote run summary to /gpfs/home/tonshen/Seawulf_simulation/MPS_simulation/dist/10qubits/partition_compare/runs/20260319_partition_compare_laptoppath_blocknorm_seed12_iter1000_r10/partition_2x2_seed=1/run_summary.json
