Running: /gpfs/home/tonshen/.conda/envs/MPS/bin/python /gpfs/home/tonshen/Seawulf_simulation/MPS_simulation/dist/10qubits/partition_compare/partition_compare_optimize.py --config /gpfs/home/tonshen/Seawulf_simulation/MPS_simulation/dist/10qubits/partition_compare/param.yaml --case partition_2x2 --out-dir /gpfs/home/tonshen/Seawulf_simulation/MPS_simulation/dist/10qubits/partition_compare/runs/20260319_partition_compare_laptoppath_uniformsmall_blocknorm_seed12_iter1000_r2/partition_2x2_seed=1 --iterations 1000 --report-every 2 --init-seed 1
Preparing partition-compare case `partition_2x2`.
Iteration    0 | cost=0.494669560786 | residual=0.0853504739969 | consensus=0.200694242357 | error=0.1016383903
Iteration    2 | cost=0.233544315466 | residual=0.0964087223293 | consensus=0.0253037370153 | error=0.1134133331
Iteration    4 | cost=0.103498695198 | residual=0.129781518828 | consensus=0.02106998886 | error=0.148475296179
Iteration    6 | cost=0.0427085166639 | residual=0.159008883697 | consensus=0.0160252343146 | error=0.175995626168
Iteration    8 | cost=0.0259041683629 | residual=0.179414813073 | consensus=0.013463710961 | error=0.192937965332
Iteration   10 | cost=0.041842985864 | residual=0.188859480683 | consensus=0.0130953025979 | error=0.198549417319
Iteration   12 | cost=0.0624641804313 | residual=0.185748219556 | consensus=0.0113138221542 | error=0.191900856136
Iteration   14 | cost=0.065173687603 | residual=0.171836075501 | consensus=0.00890900326136 | error=0.175134283307
Iteration   16 | cost=0.0504954308858 | residual=0.151367036751 | consensus=0.00743471022659 | error=0.152989004119
Iteration   18 | cost=0.030550062285 | residual=0.12896393769 | consensus=0.00804098235019 | error=0.130799147265
Iteration   20 | cost=0.0144905889628 | residual=0.107733078582 | consensus=0.00856306107117 | error=0.111978240375
Iteration   22 | cost=0.00670875040282 | residual=0.0895284609804 | consensus=0.00828701039292 | error=0.0977344297277
Iteration   24 | cost=0.00668657597703 | residual=0.0757426032313 | consensus=0.00784889512047 | error=0.0879351653567
Iteration   26 | cost=0.0107004563451 | residual=0.0662423379039 | consensus=0.00737833542078 | error=0.0808923316216
Iteration   28 | cost=0.0141333761951 | residual=0.058806352444 | consensus=0.00715446659811 | error=0.0738929686244
Iteration   30 | cost=0.0134471534147 | residual=0.0508116205277 | consensus=0.00607918712749 | error=0.0646765864398
Iteration   32 | cost=0.00927032996909 | residual=0.0420241313974 | consensus=0.00490075298273 | error=0.0535931010689
Iteration   34 | cost=0.00464314691881 | residual=0.0344716907615 | consensus=0.0047770342963 | error=0.0433306116236
Iteration   36 | cost=0.00175978541031 | residual=0.0300704442256 | consensus=0.00474119904266 | error=0.0365661764432
Iteration   38 | cost=0.00116426779989 | residual=0.0289221166973 | consensus=0.00444481249935 | error=0.0341000378497
Iteration   40 | cost=0.0021794132292 | residual=0.0292873999518 | consensus=0.00439183205295 | error=0.0342985311923
Iteration   42 | cost=0.00330960194692 | residual=0.0288052550469 | consensus=0.00431966740045 | error=0.034140417286
Iteration   44 | cost=0.00341746319787 | residual=0.0261853380253 | consensus=0.00357919289277 | error=0.0316341662471
Iteration   46 | cost=0.00251126937588 | residual=0.0224344516202 | consensus=0.00279603096766 | error=0.0275618123796
Iteration   48 | cost=0.00132619303563 | residual=0.0204703019504 | consensus=0.00284981989725 | error=0.0248382432777
Iteration   50 | cost=0.000589899973167 | residual=0.0218550439926 | consensus=0.00326317950969 | error=0.0252702080564
Iteration   52 | cost=0.000535380279139 | residual=0.0245118858313 | consensus=0.00322921513822 | error=0.0272608644204
Iteration   54 | cost=0.000883045150916 | residual=0.026216900747 | consensus=0.00289660958106 | error=0.0286440818896
Iteration   56 | cost=0.00115409978113 | residual=0.0262649693941 | consensus=0.0026359547682 | error=0.0285760165813
Iteration   58 | cost=0.00103938636785 | residual=0.0246397468415 | consensus=0.00231581613528 | error=0.026942308744
Iteration   60 | cost=0.000668073269981 | residual=0.0217535634893 | consensus=0.00180453788706 | error=0.0241060778174
Iteration   62 | cost=0.000362498057196 | residual=0.0186104910255 | consensus=0.00169321740285 | error=0.0210232518517
Iteration   64 | cost=0.000266324373575 | residual=0.0162469298066 | consensus=0.00179664899367 | error=0.0186550819959
Iteration   66 | cost=0.000331056990638 | residual=0.0147883695537 | consensus=0.00177762019415 | error=0.0171117569975
Iteration   68 | cost=0.000411994447583 | residual=0.0137557495007 | consensus=0.00152710797496 | error=0.0159910538472
Iteration   70 | cost=0.000407186218622 | residual=0.01304383139 | consensus=0.00150615857315 | error=0.0152732892722
Iteration   72 | cost=0.000310203171359 | residual=0.0126159324814 | consensus=0.00155154885676 | error=0.0148885816854
Iteration   74 | cost=0.000204411785193 | residual=0.0123381199639 | consensus=0.00131693385689 | error=0.0146033961802
Iteration   76 | cost=0.000164877877695 | residual=0.0122807210662 | consensus=0.00110573485757 | error=0.0144845152591
Iteration   78 | cost=0.00018860568318 | residual=0.0123744896801 | consensus=0.001068474153 | error=0.0145119637146
Iteration   80 | cost=0.000222026587548 | residual=0.0122999764117 | consensus=0.000962282333994 | error=0.0143754311103
Iteration   82 | cost=0.000219375206738 | residual=0.0119636076613 | consensus=0.000761260472891 | error=0.0139989846831
Iteration   84 | cost=0.000187280002021 | residual=0.0116213831699 | consensus=0.000761869427165 | error=0.0136521195802
Iteration   86 | cost=0.000154746826385 | residual=0.0115346488926 | consensus=0.000828622183433 | error=0.0135642413154
Iteration   88 | cost=0.000145221880577 | residual=0.0117004802463 | consensus=0.000836861991566 | error=0.013716309947
Iteration   90 | cost=0.000155488781786 | residual=0.0118847036457 | consensus=0.000754847991066 | error=0.0138770274597
Iteration   92 | cost=0.000163992852005 | residual=0.0119018923883 | consensus=0.000624215863458 | error=0.0138710269133
Iteration   94 | cost=0.000159863158502 | residual=0.0117409070433 | consensus=0.000564496421622 | error=0.0137028704983
Iteration   96 | cost=0.000147705063949 | residual=0.0114893813557 | consensus=0.000502268093207 | error=0.0134561986249
Iteration   98 | cost=0.000137673120312 | residual=0.0112913212958 | consensus=0.000483742652855 | error=0.0132607050504
Iteration  100 | cost=0.000136381892482 | residual=0.0112279697633 | consensus=0.0005426493412 | error=0.0131924594166
Iteration  102 | cost=0.000140366007824 | residual=0.0112326324387 | consensus=0.00051922464371 | error=0.0131866652651
Iteration  104 | cost=0.000141687229174 | residual=0.0112169922933 | consensus=0.000439424492804 | error=0.0131618422345
Iteration  106 | cost=0.000138216781046 | residual=0.0111591959468 | consensus=0.000355658045212 | error=0.0130999164634
Iteration  108 | cost=0.000133653916476 | residual=0.0110848741975 | consensus=0.000304449300262 | error=0.0130220922662
Iteration  110 | cost=0.000131313850407 | residual=0.0110376657411 | consensus=0.000316044048565 | error=0.0129676256097
Iteration  112 | cost=0.000132096077196 | residual=0.0110336206166 | consensus=0.000359185961615 | error=0.0129557915277
Iteration  114 | cost=0.000133247852522 | residual=0.0110428997411 | consensus=0.000335060923905 | error=0.0129616339489
Iteration  116 | cost=0.000132693073685 | residual=0.0110367801925 | consensus=0.000259742197865 | error=0.0129549996882
Iteration  118 | cost=0.000130925413458 | residual=0.01101745647 | consensus=0.000214342246418 | error=0.0129337291062
Iteration  120 | cost=0.000129491184113 | residual=0.011003068171 | consensus=0.000203809095503 | error=0.0129145083944
Iteration  122 | cost=0.000129248806097 | residual=0.0110050838994 | consensus=0.000218566864541 | error=0.0129107567079
Iteration  124 | cost=0.000129498280364 | residual=0.0110185203155 | consensus=0.000230971699964 | error=0.0129207545209
Iteration  126 | cost=0.000129437457981 | residual=0.0110273164626 | consensus=0.000223199376499 | error=0.0129298277987
Iteration  128 | cost=0.000128776661502 | residual=0.0110181082231 | consensus=0.000178562155756 | error=0.0129228724703
Iteration  130 | cost=0.000127968687009 | residual=0.010995591382 | consensus=0.000120235385287 | error=0.0129023330257
Iteration  132 | cost=0.000127572659354 | residual=0.0109779425036 | consensus=0.000130594529079 | error=0.0128860978206
Iteration  134 | cost=0.000127533204136 | residual=0.0109745020891 | consensus=0.000168734228861 | error=0.0128843010672
Iteration  136 | cost=0.000127416645218 | residual=0.0109779154734 | consensus=0.000166952592119 | error=0.0128895083357
Iteration  138 | cost=0.000127064240835 | residual=0.0109779536125 | consensus=0.000131745976719 | error=0.0128904592748
Iteration  140 | cost=0.000126667970947 | residual=0.0109734228226 | consensus=0.000108335242531 | error=0.0128852568912
Iteration  142 | cost=0.000126361257288 | residual=0.0109692832538 | consensus=0.000107143880123 | error=0.0128794654452
Iteration  144 | cost=0.000126189119446 | residual=0.01096870633 | consensus=0.000104989815283 | error=0.0128776650292
Iteration  146 | cost=0.000126041870461 | residual=0.0109715337586 | consensus=0.000106025900511 | error=0.0128804882099
Iteration  148 | cost=0.00012580955884 | residual=0.0109753600348 | consensus=0.000114699360561 | error=0.0128851560385
Iteration  150 | cost=0.000125552645846 | residual=0.010975821556 | consensus=0.000101529908018 | error=0.0128862554104
Iteration  152 | cost=0.000125323184086 | residual=0.010971753548 | consensus=5.80128706311e-05 | error=0.0128821206856
Iteration  154 | cost=0.000125133500186 | residual=0.0109677643651 | consensus=6.2227151723e-05 | error=0.0128778566839
Iteration  156 | cost=0.000124968685102 | residual=0.0109668590279 | consensus=9.73855735958e-05 | error=0.012876904837
Iteration  158 | cost=0.000124781152595 | residual=0.0109664810437 | consensus=9.03201936487e-05 | error=0.0128764136805
Iteration  160 | cost=0.000124566918873 | residual=0.0109648174451 | consensus=5.08540058708e-05 | error=0.0128741700255
Iteration  162 | cost=0.0001243757786 | residual=0.0109637128291 | consensus=5.64053515379e-05 | error=0.0128721864926
Iteration  164 | cost=0.000124208951042 | residual=0.0109637421099 | consensus=7.34562478384e-05 | error=0.0128714889336
Iteration  166 | cost=0.000124041030795 | residual=0.0109635872073 | consensus=5.93563269044e-05 | error=0.0128709705718
Iteration  168 | cost=0.00012386711228 | residual=0.0109633541433 | consensus=5.58047019303e-05 | error=0.012870651245
Iteration  170 | cost=0.000123696589006 | residual=0.0109633047452 | consensus=6.9527632835e-05 | error=0.0128705711706
Iteration  172 | cost=0.000123530626175 | residual=0.010962422152 | consensus=5.55034096043e-05 | error=0.0128695708451
Iteration  174 | cost=0.000123367417781 | residual=0.0109611056279 | consensus=2.71024872445e-05 | error=0.0128681318283
Iteration  176 | cost=0.000123211402865 | residual=0.0109610219378 | consensus=5.52755743322e-05 | error=0.0128679970776
Iteration  178 | cost=0.000123059514253 | residual=0.0109614926913 | consensus=6.87760293905e-05 | error=0.0128683276807
Iteration  180 | cost=0.000122903402963 | residual=0.0109607319488 | consensus=4.14590049997e-05 | error=0.0128672163703
Iteration  182 | cost=0.000122749298171 | residual=0.010959509026 | consensus=2.4586264614e-05 | error=0.0128656261352
Iteration  184 | cost=0.000122604092303 | residual=0.0109592361862 | consensus=5.53654621097e-05 | error=0.0128652039699
Iteration  186 | cost=0.000122460329463 | residual=0.0109592879107 | consensus=5.17975645964e-05 | error=0.0128652881819
Iteration  188 | cost=0.000122314099401 | residual=0.0109592069271 | consensus=2.5617429527e-05 | error=0.0128652966691
Iteration  190 | cost=0.000122173216619 | residual=0.0109596108159 | consensus=4.28895252618e-05 | error=0.0128658294658
Iteration  192 | cost=0.000122037268028 | residual=0.0109599199915 | consensus=5.161576341e-05 | error=0.0128662659838
Iteration  194 | cost=0.000121899205549 | residual=0.0109592666815 | consensus=2.68390254038e-05 | error=0.0128656539123
Iteration  196 | cost=0.000121763137031 | residual=0.0109585439076 | consensus=2.86896856334e-05 | error=0.0128648839171
Iteration  198 | cost=0.000121632949153 | residual=0.0109584301748 | consensus=5.07114719038e-05 | error=0.0128646630232
Iteration  200 | cost=0.000121502903943 | residual=0.0109582071617 | consensus=3.75123477124e-05 | error=0.012864289651
Iteration  202 | cost=0.000121372514129 | residual=0.010957931017 | consensus=1.37221180256e-05 | error=0.0128638980793
Iteration  204 | cost=0.00012124698139 | residual=0.0109581988134 | consensus=4.2739440711e-05 | error=0.0128641410728
Iteration  206 | cost=0.000121123527847 | residual=0.0109583019523 | consensus=4.47089189629e-05 | error=0.0128642341546
Iteration  208 | cost=0.000120998686545 | residual=0.0109577358746 | consensus=1.54456082786e-05 | error=0.0128636124371
Iteration  210 | cost=0.000120877316558 | residual=0.0109573595564 | consensus=3.00893810348e-05 | error=0.0128631895956
Iteration  212 | cost=0.0001207600664 | residual=0.0109573494946 | consensus=4.52009792308e-05 | error=0.0128631543274
Iteration  214 | cost=0.000120641584532 | residual=0.0109570825199 | consensus=2.56035576576e-05 | error=0.0128628227102
Iteration  216 | cost=0.000120523930602 | residual=0.010956905613 | consensus=1.7299178698e-05 | error=0.0128625488465
Iteration  218 | cost=0.000120410747383 | residual=0.0109571177973 | consensus=4.14013600984e-05 | error=0.0128626689133
Iteration  220 | cost=0.000120298225295 | residual=0.0109569897806 | consensus=3.34534056663e-05 | error=0.0128624398603
Iteration  222 | cost=0.000120185375263 | residual=0.0109564915433 | consensus=9.65623229289e-06 | error=0.0128618455379
Iteration  224 | cost=0.000120076001865 | residual=0.0109563207027 | consensus=3.47651293102e-05 | error=0.0128616245008
Iteration  226 | cost=0.000119968230777 | residual=0.0109562744819 | consensus=3.67883020725e-05 | error=0.0128615546564
Iteration  228 | cost=0.000119859654185 | residual=0.0109560781968 | consensus=9.90700195435e-06 | error=0.0128613386873
Iteration  230 | cost=0.000119753817413 | residual=0.0109561714301 | consensus=2.65655327657e-05 | error=0.0128614323264
Iteration  232 | cost=0.000119650745352 | residual=0.0109563389256 | consensus=3.75467535601e-05 | error=0.0128615871195
Iteration  234 | cost=0.000119546847659 | residual=0.0109560107428 | consensus=1.55134038277e-05 | error=0.012861185731
Iteration  236 | cost=0.000119444211175 | residual=0.0109556224945 | consensus=2.50314761405e-05 | error=0.0128607038101
Iteration  238 | cost=0.000119345321879 | residual=0.0109555518361 | consensus=5.84479497697e-05 | error=0.0128605681811
Iteration  240 | cost=0.000119252608959 | residual=0.0109554243692 | consensus=8.40649211025e-05 | error=0.0128603958348
Iteration  242 | cost=0.000119210943217 | residual=0.0109554131677 | consensus=0.000154815952046 | error=0.0128603703007
Iteration  244 | cost=0.000119570188865 | residual=0.0109560707131 | consensus=0.000421018156182 | error=0.0128610742974
Iteration  246 | cost=0.00012298027092 | residual=0.0109577594682 | consensus=0.00124304302755 | error=0.012862902446
Iteration  248 | cost=0.000141420741383 | residual=0.0109610567769 | consensus=0.00324037766145 | error=0.0128665018298
Iteration  250 | cost=0.000144582476167 | residual=0.0109556088208 | consensus=0.00511050044291 | error=0.0128606355078
Iteration  252 | cost=0.000121495977988 | residual=0.0109551801253 | consensus=0.00290072869237 | error=0.0128600991583
Iteration  254 | cost=0.000119856936842 | residual=0.0109548947002 | consensus=0.00106300966887 | error=0.0128597855931
Iteration  256 | cost=0.000118552769012 | residual=0.0109548023628 | consensus=0.000564572251506 | error=0.0128596687434
Iteration  258 | cost=0.000118469872145 | residual=0.0109550497614 | consensus=0.000127638487432 | error=0.0128599230967
Iteration  260 | cost=0.00011831912131 | residual=0.0109549002429 | consensus=0.000115168608317 | error=0.0128597344321
Iteration  262 | cost=0.000118230938821 | residual=0.010954723893 | consensus=1.6158644753e-05 | error=0.0128595135973
Iteration  264 | cost=0.000118140112885 | residual=0.0109544958641 | consensus=6.0276994015e-05 | error=0.0128592254801
Iteration  266 | cost=0.000118055695145 | residual=0.0109544660704 | consensus=2.5625731907e-05 | error=0.0128591518064
Iteration  268 | cost=0.000117970553603 | residual=0.0109543901407 | consensus=2.62344009835e-05 | error=0.0128590334701
Iteration  270 | cost=0.000117885717459 | residual=0.0109542785681 | consensus=1.31973366381e-05 | error=0.0128588826664
Iteration  272 | cost=0.000117802617076 | residual=0.0109543790263 | consensus=2.55904793896e-05 | error=0.0128589576694
Iteration  274 | cost=0.000117721157453 | residual=0.0109545007277 | consensus=2.9688681641e-05 | error=0.0128590530473
Iteration  276 | cost=0.000117639050011 | residual=0.0109542960046 | consensus=7.14288052984e-06 | error=0.0128587952319
Iteration  278 | cost=0.000117557061641 | residual=0.0109540076441 | consensus=1.87566393188e-05 | error=0.0128584440531
Iteration  280 | cost=0.000117477549402 | residual=0.0109539641603 | consensus=3.37053649581e-05 | error=0.0128583592248
Iteration  282 | cost=0.000117398693969 | residual=0.0109539471132 | consensus=2.44392766808e-05 | error=0.0128583202313
Iteration  284 | cost=0.000117318510277 | residual=0.0109538108909 | consensus=2.85198929845e-06 | error=0.01285817217
Iteration  286 | cost=0.000117239562631 | residual=0.0109538892545 | consensus=2.90170713995e-05 | error=0.0128582592719
Iteration  288 | cost=0.000117163162405 | residual=0.0109541451303 | consensus=3.6074826519e-05 | error=0.0128585308216
Iteration  290 | cost=0.00011708611628 | residual=0.0109540590505 | consensus=1.77005335244e-05 | error=0.0128584262876
Iteration  292 | cost=0.000117008052787 | residual=0.010953710947 | consensus=1.42608890802e-05 | error=0.0128580286758
Iteration  294 | cost=0.000116932483161 | residual=0.0109536335382 | consensus=3.70605195802e-05 | error=0.0128579149512
Iteration  296 | cost=0.000116858461156 | residual=0.0109536887503 | consensus=3.38412710171e-05 | error=0.01285795579
Iteration  298 | cost=0.000116782399569 | residual=0.0109535296289 | consensus=5.73427875984e-06 | error=0.0128577887427
Iteration  300 | cost=0.000116706585026 | residual=0.0109535352507 | consensus=2.83366916132e-05 | error=0.0128578068986
Iteration  302 | cost=0.000116634111559 | residual=0.0109538856783 | consensus=4.32348880146e-05 | error=0.0128581867962
Iteration  304 | cost=0.000116561372078 | residual=0.0109539117323 | consensus=2.72109054082e-05 | error=0.0128582047853
Iteration  306 | cost=0.000116486362101 | residual=0.0109534879937 | consensus=9.64558604294e-06 | error=0.0128577224129
Iteration  308 | cost=0.000116413730758 | residual=0.0109533545802 | consensus=4.09227784859e-05 | error=0.0128575381161
Iteration  310 | cost=0.000116343716479 | residual=0.010953495396 | consensus=4.32191037388e-05 | error=0.0128576591196
Iteration  312 | cost=0.000116270989042 | residual=0.0109533261331 | consensus=1.32145138389e-05 | error=0.0128574769647
Iteration  314 | cost=0.00011619737592 | residual=0.0109532489615 | consensus=2.8506809631e-05 | error=0.0128574090053
Iteration  316 | cost=0.000116128030653 | residual=0.0109537013252 | consensus=5.11335591746e-05 | error=0.0128579014525
Iteration  318 | cost=0.000116058893882 | residual=0.0109538450998 | consensus=3.66320136306e-05 | error=0.0128580470397
Iteration  320 | cost=0.000115986036992 | residual=0.0109533167084 | consensus=6.2915938435e-06 | error=0.0128574501947
Iteration  322 | cost=0.000115915542689 | residual=0.0109531209451 | consensus=4.64346653489e-05 | error=0.0128571914172
Iteration  324 | cost=0.000115848957159 | residual=0.0109533738874 | consensus=5.3382479696e-05 | error=0.0128574267453
Iteration  326 | cost=0.000115778708487 | residual=0.0109531855386 | consensus=1.9820735743e-05 | error=0.0128572295324
Iteration  328 | cost=0.0001157063652 | residual=0.010953021373 | consensus=3.10444734721e-05 | error=0.0128570816848
Iteration  330 | cost=0.000115639675382 | residual=0.0109536279258 | consensus=6.10899942774e-05 | error=0.0128577511785
Iteration  332 | cost=0.000115573522889 | residual=0.010953893039 | consensus=4.60258914621e-05 | error=0.0128580339829
Iteration  334 | cost=0.000115501748777 | residual=0.0109532020629 | consensus=5.44681718865e-06 | error=0.0128572631416
Iteration  336 | cost=0.000115432836888 | residual=0.0109529698838 | consensus=5.52905409404e-05 | error=0.0128569571671
Iteration  338 | cost=0.000115369431952 | residual=0.01095338776 | consensus=6.50870274598e-05 | error=0.0128573635087
Iteration  340 | cost=0.000115300600192 | residual=0.0109531250309 | consensus=2.45876395555e-05 | error=0.0128570947347
Iteration  342 | cost=0.000115228570247 | residual=0.0109528638493 | consensus=3.78031388126e-05 | error=0.0128568579897
Iteration  344 | cost=0.000115164561475 | residual=0.0109537242631 | consensus=7.4481546062e-05 | error=0.0128578097121
Iteration  346 | cost=0.00011510077289 | residual=0.0109540730549 | consensus=5.50772304129e-05 | error=0.0128581857162
Iteration  348 | cost=0.000115028688846 | residual=0.0109531012625 | consensus=8.87137256454e-06 | error=0.012857107708
Iteration  350 | cost=0.000114961248813 | residual=0.0109529167799 | consensus=6.94209678832e-05 | error=0.0128568367773
Iteration  352 | cost=0.000114901125442 | residual=0.0109535782143 | consensus=7.86542299627e-05 | error=0.0128574964806
Iteration  354 | cost=0.000114832135456 | residual=0.0109531123138 | consensus=2.57872006218e-05 | error=0.0128570228193
Iteration  356 | cost=0.000114759587793 | residual=0.0109527847978 | consensus=5.12607265261e-05 | error=0.0128567324173
Iteration  358 | cost=0.000114699055772 | residual=0.0109540863595 | consensus=9.24156769827e-05 | error=0.012858164962
Iteration  360 | cost=0.00011463662925 | residual=0.0109543872327 | consensus=6.23805317441e-05 | error=0.0128584898737
Iteration  362 | cost=0.000114562422312 | residual=0.0109529648725 | consensus=1.96420402028e-05 | error=0.0128569155497
Iteration  364 | cost=0.000114497334754 | residual=0.0109530519406 | consensus=9.09151987103e-05 | error=0.0128569119247
Iteration  366 | cost=0.00011444071044 | residual=0.0109540162981 | consensus=9.33027477147e-05 | error=0.012857893368
Iteration  368 | cost=0.000114368927113 | residual=0.0109530875888 | consensus=2.01101681458e-05 | error=0.0128569495004
Iteration  370 | cost=0.000114295791062 | residual=0.0109528673385 | consensus=7.464648636e-05 | error=0.0128567963085
Iteration  372 | cost=0.000114240571347 | residual=0.0109548881735 | consensus=0.000115114893148 | error=0.0128590059148
Iteration  374 | cost=0.000114177171092 | residual=0.0109547769026 | consensus=6.45434213564e-05 | error=0.0128588859529
Iteration  376 | cost=0.000114098919677 | residual=0.0109527624948 | consensus=4.22351412595e-05 | error=0.0128566517606
Iteration  378 | cost=0.000114039047661 | residual=0.0109536078151 | consensus=0.000121429847618 | error=0.0128574279118
Iteration  380 | cost=0.000113985211279 | residual=0.0109547498885 | consensus=0.000106005020619 | error=0.0128586102575
Iteration  382 | cost=0.000113906412208 | residual=0.0109529465188 | consensus=2.79957026665e-06 | error=0.0128567728018
Iteration  384 | cost=0.000113835059393 | residual=0.0109533830336 | consensus=0.00011150020135 | error=0.0128573454808
Iteration  386 | cost=0.000113787595443 | residual=0.0109563564434 | consensus=0.000140515506073 | error=0.0128605771627
Iteration  388 | cost=0.000113717814938 | residual=0.0109550229744 | consensus=5.49695809469e-05 | error=0.0128591366221
Iteration  390 | cost=0.000113635274373 | residual=0.0109526101417 | consensus=8.24673028808e-05 | error=0.0128564274541
Iteration  392 | cost=0.000113586441178 | residual=0.010955030835 | consensus=0.000160623238319 | error=0.0128588526945
Iteration  394 | cost=0.000113530878396 | residual=0.0109556423476 | consensus=0.000109672060709 | error=0.0128595072557
Iteration  396 | cost=0.000113440068512 | residual=0.0109526250499 | consensus=3.751893071e-05 | error=0.0128564314468
Iteration  398 | cost=0.000113378409602 | residual=0.0109549986848 | consensus=0.000164078128638 | error=0.0128590911507
Iteration  400 | cost=0.000113338687145 | residual=0.010958574405 | consensus=0.000161805170011 | error=0.0128629641853
Iteration  402 | cost=0.00011325247985 | residual=0.0109546855609 | consensus=2.27810250534e-05 | error=0.0128587577905
Iteration  404 | cost=0.000113172136311 | residual=0.010953141013 | consensus=0.000146109705417 | error=0.0128568941738
Iteration  406 | cost=0.000113141571173 | residual=0.0109579002378 | consensus=0.000203032327219 | error=0.0128618005685
Iteration  408 | cost=0.000113070832741 | residual=0.0109561047778 | consensus=9.09715781863e-05 | error=0.0128599735153
Iteration  410 | cost=0.000112967987359 | residual=0.0109525571294 | consensus=0.000107775263358 | error=0.0128563965225
Iteration  412 | cost=0.000112931936391 | residual=0.0109589366145 | consensus=0.000229627660545 | error=0.0128633367159
Iteration  414 | cost=0.000112888761053 | residual=0.0109609314872 | consensus=0.000163949459386 | error=0.0128655111684
Iteration  416 | cost=0.000112774951322 | residual=0.0109534614475 | consensus=4.80122328909e-05 | error=0.0128573966435
Iteration  418 | cost=0.000112718557961 | residual=0.0109561243576 | consensus=0.000234739591052 | error=0.0128599105871
Iteration  420 | cost=0.000112704379557 | residual=0.0109622432219 | consensus=0.000233084934607 | error=0.0128663195678
Iteration  422 | cost=0.00011259333232 | residual=0.0109550847133 | consensus=2.9282894847e-05 | error=0.0128589163953
Iteration  424 | cost=0.000112498888474 | residual=0.0109548146376 | consensus=0.000216809304335 | error=0.0128588780653
Iteration  426 | cost=0.000112504685593 | residual=0.0109663712967 | consensus=0.000293581816979 | error=0.0128713344273
Iteration  428 | cost=0.000112422500722 | residual=0.01096137488 | consensus=0.00012036533146 | error=0.012866010751
Iteration  430 | cost=0.000112288698758 | residual=0.0109527954241 | consensus=0.000172331043414 | error=0.0128565331206
Iteration  432 | cost=0.00011229497733 | residual=0.0109645299024 | consensus=0.000337719239251 | error=0.0128686294825
Iteration  434 | cost=0.000112260098147 | residual=0.010965861455 | consensus=0.000220300764344 | error=0.0128701240324
Iteration  436 | cost=0.000112090044969 | residual=0.0109527268462 | consensus=9.98844497545e-05 | error=0.0128565115907
Iteration  438 | cost=0.000112064968991 | residual=0.0109643974339 | consensus=0.000355671862801 | error=0.0128691925606
Iteration  440 | cost=0.000112093526629 | residual=0.0109757864674 | consensus=0.000313051222053 | error=0.0128814703307
Iteration  442 | cost=0.000111917342621 | residual=0.010957362841 | consensus=2.20081369454e-05 | error=0.0128616876408
Iteration  444 | cost=0.000111829903568 | residual=0.0109590452295 | consensus=0.000385720815787 | error=0.0128628552915
Iteration  446 | cost=0.000111912376823 | residual=0.0109792066752 | consensus=0.00048138310979 | error=0.0128840162573
Iteration  448 | cost=0.000111788456416 | residual=0.0109630364947 | consensus=0.000247420250453 | error=0.0128672108805
Iteration  450 | cost=0.000111793911888 | residual=0.0109562449413 | consensus=3.74890324135e-05 | error=0.0128604301639
Iteration  452 | cost=0.000112679618838 | residual=0.0109901492079 | consensus=0.000107242608013 | error=0.0128968011529
Iteration  454 | cost=0.00011558303795 | residual=0.0109851879425 | consensus=0.00104079805567 | error=0.0128917066469
Iteration  456 | cost=0.000125308842286 | residual=0.0109540492337 | consensus=0.00287048011016 | error=0.0128580681248
Iteration  458 | cost=0.000138700728732 | residual=0.0109721358371 | consensus=0.00493164295709 | error=0.0128764292905
Iteration  460 | cost=0.000126308813651 | residual=0.0109929821663 | consensus=0.00488357790167 | error=0.0128986852219
Iteration  462 | cost=0.000115622610915 | residual=0.0109584449004 | consensus=0.00252764838386 | error=0.0128626358569
Iteration  464 | cost=0.000112886643718 | residual=0.0109655104156 | consensus=0.000989083428999 | error=0.0128704140874
Iteration  466 | cost=0.000111991606173 | residual=0.0110080646554 | consensus=0.000250018517523 | error=0.0129159730373
Iteration  468 | cost=0.000111517780564 | residual=0.0109908468331 | consensus=0.000240262819506 | error=0.0128980351083
Iteration  470 | cost=0.000110926416834 | residual=0.0109538166014 | consensus=0.000560654866555 | error=0.0128578246807
Iteration  472 | cost=0.000111000165332 | residual=0.0109913026541 | consensus=0.000746425428383 | error=0.0128962370573
Iteration  474 | cost=0.000111250252418 | residual=0.0110221652876 | consensus=0.000546943181281 | error=0.0129292265377
Iteration  476 | cost=0.000110879082357 | residual=0.0109715100828 | consensus=2.67794279372e-05 | error=0.012876499884
Iteration  478 | cost=0.000110603436019 | residual=0.0109631409246 | consensus=0.000546393016656 | error=0.0128675891461
Iteration  480 | cost=0.000111021613937 | residual=0.0110347645175 | consensus=0.000698765715239 | error=0.0129436173301
Iteration  482 | cost=0.000111048326832 | residual=0.0110270312457 | consensus=0.000323558675413 | error=0.0129362955234
Iteration  484 | cost=0.000110431273009 | residual=0.0109571479031 | consensus=0.000329375971714 | error=0.012861484491
Iteration  486 | cost=0.000110527541833 | residual=0.0110012903438 | consensus=0.000786632216148 | error=0.0129060277866
Iteration  488 | cost=0.000111078961677 | residual=0.0110695492103 | consensus=0.000688137634863 | error=0.0129783492451
Iteration  490 | cost=0.000110624117804 | residual=0.0109985101147 | consensus=6.90373520901e-05 | error=0.0129048429696
Iteration  492 | cost=0.000110059979766 | residual=0.0109604277262 | consensus=0.00065456647819 | error=0.0128646843072
Iteration  494 | cost=0.000110705941494 | residual=0.0110736956367 | consensus=0.000931533598591 | error=0.0129844245166
Iteration  496 | cost=0.000110981668468 | residual=0.0110869141654 | consensus=0.000522104132692 | error=0.0129997749148
Iteration  498 | cost=0.000110030662694 | residual=0.0109664480576 | consensus=0.000316580909569 | error=0.0128717751603
Iteration  500 | cost=0.00011003993755 | residual=0.011015619061 | consensus=0.000976103410636 | error=0.0129207128163
Iteration  502 | cost=0.000111059843993 | residual=0.0111447654037 | consensus=0.000943159834434 | error=0.0130571251836
Iteration  504 | cost=0.00011053768014 | residual=0.0110464650294 | consensus=0.000188787601645 | error=0.0129555628463
Iteration  506 | cost=0.000109518777068 | residual=0.0109583700953 | consensus=0.000769254382281 | error=0.0128626278384
Iteration  508 | cost=0.000110504848184 | residual=0.0111351634601 | consensus=0.00121047001684 | error=0.0130491916927
Iteration  510 | cost=0.000111198972846 | residual=0.0111853133136 | consensus=0.000756830211477 | error=0.0131043857529
Iteration  512 | cost=0.000109728483597 | residual=0.0109854746799 | consensus=0.000313476464317 | error=0.0128925782232
Iteration  514 | cost=0.00010957768874 | residual=0.0110393379091 | consensus=0.00122039934029 | error=0.0129449323248
Iteration  516 | cost=0.000111344556805 | residual=0.0112660064739 | consensus=0.00126081391287 | error=0.013184355647
Iteration  518 | cost=0.000110733364637 | residual=0.0111269526534 | consensus=0.000334271977431 | error=0.0130409253964
Iteration  520 | cost=0.000108986941691 | residual=0.0109573177799 | consensus=0.000918828986629 | error=0.0128615225592
Iteration  522 | cost=0.000110509334119 | residual=0.0112335707082 | consensus=0.00155723217032 | error=0.0131524790747
Iteration  524 | cost=0.00011187319162 | residual=0.0113429459446 | consensus=0.00104066362579 | error=0.013271863556
Iteration  526 | cost=0.000109576184095 | residual=0.0110183014263 | consensus=0.000319322730769 | error=0.01292836074
Iteration  528 | cost=0.000109171804045 | residual=0.0110784900314 | consensus=0.00152372657418 | error=0.0129848110208
Iteration  530 | cost=0.000112117442592 | residual=0.0114573110241 | consensus=0.00164568308438 | error=0.0133851936383
Iteration  532 | cost=0.000111357433249 | residual=0.0112554483662 | consensus=0.000504391045846 | error=0.0131774156393
Iteration  534 | cost=0.00010846982839 | residual=0.0109574770349 | consensus=0.00110292186479 | error=0.012861772374
Iteration  536 | cost=0.000110830408965 | residual=0.0113852855804 | consensus=0.00197202450634 | error=0.0133114027345
Iteration  538 | cost=0.000113220987404 | residual=0.0115838092308 | consensus=0.00137587360448 | error=0.013527591874
Iteration  540 | cost=0.000109642659123 | residual=0.0110706656031 | consensus=0.000326484734285 | error=0.0129853252539
Iteration  542 | cost=0.000108841524963 | residual=0.011136536596 | consensus=0.00187392759045 | error=0.0130439371595
Iteration  544 | cost=0.000113555678655 | residual=0.0117391156331 | consensus=0.00209196979849 | error=0.0136813124107
Iteration  546 | cost=0.00011258119324 | residual=0.0114500067891 | consensus=0.00070894222254 | error=0.0133842020501
Iteration  548 | cost=0.000107981152928 | residual=0.0109583635339 | consensus=0.00129455637492 | error=0.0128629309497
Iteration  550 | cost=0.000111507413348 | residual=0.0115937372987 | consensus=0.00242940419352 | error=0.0135294201722
Iteration  552 | cost=0.00011541034575 | residual=0.0119244454658 | consensus=0.0017631056833 | error=0.0138891904825
Iteration  554 | cost=0.000110043351442 | residual=0.0111550099568 | consensus=0.000300846174599 | error=0.0130767727201
Iteration  556 | cost=0.000108538917394 | residual=0.0112025217355 | consensus=0.00221786618192 | error=0.0131107704988
Iteration  558 | cost=0.000115632571832 | residual=0.0121030612306 | consensus=0.00257239961747 | error=0.0140638922331
Iteration  560 | cost=0.000114559345804 | residual=0.0117295710672 | consensus=0.000976928236524 | error=0.0136814183975
Iteration  562 | cost=0.000107576180605 | residual=0.0109601631982 | consensus=0.00141857833131 | error=0.0128655353896
Iteration  564 | cost=0.000112286764612 | residual=0.0118172136028 | consensus=0.00285905513224 | error=0.0137620394511
Iteration  566 | cost=0.000118338197896 | residual=0.0123508627727 | consensus=0.00219828340198 | error=0.0143414374924
Iteration  568 | cost=0.000110993774767 | residual=0.011299620763 | consensus=0.000186143792843 | error=0.0132328546549
Iteration  570 | cost=0.000108064677839 | residual=0.0112341772505 | consensus=0.00244583731466 | error=0.0131414169258
Iteration  572 | cost=0.000117766149698 | residual=0.012473151505 | consensus=0.00302547107941 | error=0.0144515901625
Iteration  574 | cost=0.000117311354998 | residual=0.0121044293588 | consensus=0.00134996414936 | error=0.0140793574071
Iteration  576 | cost=0.000107432005541 | residual=0.0109745714986 | consensus=0.00135544222069 | error=0.0128828396689
Iteration  578 | cost=0.000112413599529 | residual=0.0119432990084 | consensus=0.00314075417415 | error=0.0138899634196
Iteration  580 | cost=0.000121299382603 | residual=0.0127866899459 | consensus=0.00265544610858 | error=0.014801361526
Iteration  582 | cost=0.000112802031765 | residual=0.0115512521057 | consensus=0.000254491948145 | error=0.0135025572846
Iteration  584 | cost=0.000107180452204 | residual=0.0111747801432 | consensus=0.00241545839418 | error=0.013078307914
Iteration  586 | cost=0.000118641126156 | residual=0.0126909870286 | consensus=0.00334851273856 | error=0.0146748419038
Iteration  588 | cost=0.000120427645765 | residual=0.012542795776 | consensus=0.00183959045772 | error=0.0145421891919
Iteration  590 | cost=0.000107977812773 | residual=0.0110544988313 | consensus=0.00100130034221 | error=0.0129713651511
Iteration  592 | cost=0.00011099098683 | residual=0.011837226943 | consensus=0.00313556286024 | error=0.013772264889
Iteration  594 | cost=0.000122828541859 | residual=0.0130760099626 | consensus=0.00305542293313 | error=0.0151004279482
Iteration  596 | cost=0.00011555557263 | residual=0.0119380284315 | consensus=0.000791890816394 | error=0.0139133271679
Iteration  598 | cost=0.000106154315587 | residual=0.0110438867971 | consensus=0.00202692204746 | error=0.0129456793293
Iteration  600 | cost=0.000116869377496 | residual=0.0125839702988 | consensus=0.00341292338285 | error=0.0145514650109
Iteration  602 | cost=0.00012268281133 | residual=0.0129203503256 | consensus=0.00236808357662 | error=0.014934867931
Iteration  604 | cost=0.000109759020822 | residual=0.0112929884387 | consensus=0.000384109450139 | error=0.0132272235308
Iteration  606 | cost=0.000108126075844 | residual=0.0114884073695 | consensus=0.00275513666093 | error=0.0134036669916
Iteration  608 | cost=0.000121314650088 | residual=0.0130336231748 | consensus=0.00326066275834 | error=0.0150417549274
Iteration  610 | cost=0.000118446202105 | residual=0.0123812141463 | consensus=0.00147188092937 | error=0.0143778721141
Iteration  612 | cost=0.000106043688408 | residual=0.0110027843892 | consensus=0.00130460251156 | error=0.012913364991
Iteration  614 | cost=0.00011247371583 | residual=0.0121186777784 | consensus=0.00312259105397 | error=0.0140535293392
Iteration  616 | cost=0.000122308650466 | residual=0.0130364771276 | consensus=0.00276779178486 | error=0.015043701518
Iteration  618 | cost=0.000112594490032 | residual=0.0117021811533 | consensus=0.000558292854726 | error=0.0136579939469
Iteration  620 | cost=0.000105486684715 | residual=0.0111112122719 | consensus=0.00202960262671 | error=0.0130153355428
Iteration  622 | cost=0.000116508607816 | residual=0.0125887165166 | consensus=0.00314292343421 | error=0.0145575499795
Iteration  624 | cost=0.000119652363652 | residual=0.0126713932293 | consensus=0.00207446555901 | error=0.0146724346748
Iteration  626 | cost=0.000107597788972 | residual=0.0112029949162 | consensus=0.000438263167862 | error=0.0131326256243
Iteration  628 | cost=0.00010750789528 | residual=0.011507088336 | consensus=0.00248815849966 | error=0.0134148321467
Iteration  630 | cost=0.000118497051356 | residual=0.0127615510501 | consensus=0.00287338635621 | error=0.0147373897836
Iteration  632 | cost=0.000114934250053 | residual=0.0121049865852 | consensus=0.00130595841795 | error=0.0140737038095
Iteration  634 | cost=0.000104816699877 | residual=0.0109872678363 | consensus=0.00111481449587 | error=0.0128970879171
Iteration  636 | cost=0.00011033995466 | residual=0.0119062105832 | consensus=0.00267884689816 | error=0.0138342650225
Iteration  638 | cost=0.000117758606696 | residual=0.0126208429648 | consensus=0.00240719952617 | error=0.0146027846527
Iteration  640 | cost=0.000109919895923 | residual=0.0115593973593 | consensus=0.000570344891898 | error=0.0135062205077
Iteration  642 | cost=0.000104408492783 | residual=0.0110817744705 | consensus=0.00164105274903 | error=0.0129835036616
Iteration  644 | cost=0.000112594988926 | residual=0.0121841359421 | consensus=0.00262947277463 | error=0.0141210083943
Iteration  646 | cost=0.000114975915695 | residual=0.0122687751283 | consensus=0.00182708220084 | error=0.0142322973745
Iteration  648 | cost=0.00010601816565 | residual=0.0111599001341 | consensus=0.000287562329052 | error=0.0130824982617
Iteration  650 | cost=0.000105485972618 | residual=0.0113060682764 | consensus=0.0019727032376 | error=0.0132124130265
Iteration  652 | cost=0.000113300549918 | residual=0.0122394136943 | consensus=0.00239263586435 | error=0.0141891762122
Iteration  654 | cost=0.000111146167448 | residual=0.0118276222018 | consensus=0.00120710216154 | error=0.0137787603871
Iteration  656 | cost=0.00010382787139 | residual=0.0109981466295 | consensus=0.000773600233993 | error=0.0129082437463
Iteration  658 | cost=0.000107105092097 | residual=0.0115689155934 | consensus=0.00211361162931 | error=0.0134794457003
Iteration  660 | cost=0.0001124381366 | residual=0.0121203161369 | consensus=0.00201865461038 | error=0.0140645651603
Iteration  662 | cost=0.000107434597124 | residual=0.0114179575965 | consensus=0.000613340255166 | error=0.0133482140012
Iteration  664 | cost=0.000103191173506 | residual=0.0110084062281 | consensus=0.00119247752871 | error=0.0129121800518
Iteration  666 | cost=0.000108292184872 | residual=0.0117244340011 | consensus=0.00208466256564 | error=0.013646455013
Iteration  668 | cost=0.000110317176038 | residual=0.0118599386963 | consensus=0.00156129695178 | error=0.0138021642905
Iteration  670 | cost=0.00010455630482 | residual=0.0111317215398 | consensus=0.000204108482295 | error=0.0130506950312
Iteration  672 | cost=0.00010364414328 | residual=0.0111514912243 | consensus=0.00147310762586 | error=0.0130535733777
Iteration  674 | cost=0.000108641735722 | residual=0.0117766056755 | consensus=0.00191202632364 | error=0.0136998828369
Iteration  676 | cost=0.000107677608072 | residual=0.0115586135095 | consensus=0.00106826346919 | error=0.0134876070388
Iteration  678 | cost=0.000102828010859 | residual=0.010985984965 | consensus=0.000497458937049 | error=0.0128943102899
Iteration  680 | cost=0.000104459683002 | residual=0.0112952794297 | consensus=0.00160979116263 | error=0.0132027228814
Iteration  682 | cost=0.000107974887237 | residual=0.011689822684 | consensus=0.00163009080197 | error=0.0136176416861
Iteration  684 | cost=0.000105101315202 | residual=0.0112779445843 | consensus=0.00058250967102 | error=0.0132000246301
Iteration  686 | cost=0.000102193256031 | residual=0.0109857384347 | consensus=0.000849291375042 | error=0.0128893229428
Iteration  688 | cost=0.000105142827221 | residual=0.0114170773033 | consensus=0.00161041261471 | error=0.0133265099654
Iteration  690 | cost=0.000106591916996 | residual=0.0115335538607 | consensus=0.00127372798954 | error=0.0134555427644
Iteration  692 | cost=0.000103091185985 | residual=0.0110764698554 | consensus=0.000192099902475 | error=0.012988353859
Iteration  694 | cost=0.00010228240493 | residual=0.0110517790396 | consensus=0.00109679360804 | error=0.0129550948585
Iteration  696 | cost=0.000105274431911 | residual=0.0114419147552 | consensus=0.00149165113093 | error=0.0133573604567
Iteration  698 | cost=0.000104816274321 | residual=0.0113317302698 | consensus=0.000877957694456 | error=0.0132516574884
Iteration  700 | cost=0.000101845063058 | residual=0.0109804250395 | consensus=0.000343565694981 | error=0.0128873922167
Iteration  702 | cost=0.000102710739107 | residual=0.0111581191264 | consensus=0.00122728095047 | error=0.0130616832839
Iteration  704 | cost=0.000104825713729 | residual=0.0114046072085 | consensus=0.00127634137952 | error=0.0133187029589
Iteration  706 | cost=0.00010310981496 | residual=0.0111527419574 | consensus=0.000481639219687 | error=0.0130652310158
Iteration  708 | cost=0.000101317009831 | residual=0.0109664135247 | consensus=0.000637677007073 | error=0.0128700983315
Iteration  710 | cost=0.000103036519267 | residual=0.0112229821689 | consensus=0.00124148440541 | error=0.0131309115274
Iteration  712 | cost=0.000103858399433 | residual=0.0112955620371 | consensus=0.00099108480225 | error=0.013210941788
Iteration  714 | cost=0.000101757071794 | residual=0.0110250310347 | consensus=0.000155535906223 | error=0.012933967933
Iteration  716 | cost=0.000101311299169 | residual=0.0110202211775 | consensus=0.00084993406641 | error=0.0129226475502
Iteration  718 | cost=0.000103057892095 | residual=0.01125295868 | consensus=0.00115193340759 | error=0.0131611629344
Iteration  720 | cost=0.000102675802929 | residual=0.0111734459673 | consensus=0.000669426191882 | error=0.0130844204456
Iteration  722 | cost=0.000100917191824 | residual=0.0109635057937 | consensus=0.000283166786777 | error=0.0128683553698
Iteration  724 | cost=0.000101498528607 | residual=0.0110771643936 | consensus=0.000956812478513 | error=0.0129816390606
Iteration  726 | cost=0.00010265499568 | residual=0.011215319682 | consensus=0.00097004935063 | error=0.01312618116
Iteration  728 | cost=0.000101530347367 | residual=0.0110583778416 | consensus=0.000334896836413 | error=0.0129675456002
Iteration  730 | cost=0.000100567324622 | residual=0.0109678824038 | consensus=0.000537817811361 | error=0.0128708939121
Iteration  732 | cost=0.00010162801391 | residual=0.0111284741669 | consensus=0.000983956675507 | error=0.0130332957318
Iteration  734 | cost=0.000101933182761 | residual=0.0111498280608 | consensus=0.000763602695077 | error=0.0130585065424
Iteration  736 | cost=0.000100642800089 | residual=0.0109832270735 | consensus=0.000130517073143 | error=0.0128887098684
Iteration  738 | cost=0.000100574281012 | residual=0.0109997940721 | consensus=0.00061679449542 | error=0.0129031212988
Iteration  740 | cost=0.000101670217982 | residual=0.0111336345508 | consensus=0.000740308072192 | error=0.013041212728
Iteration  742 | cost=0.000101428535888 | residual=0.0110686581776 | consensus=0.000213528997174 | error=0.0129771556041
Iteration  744 | cost=0.000100780132658 | residual=0.0109586537647 | consensus=0.000704268101835 | error=0.0128625757865
Iteration  746 | cost=0.000102236573265 | residual=0.011038457518 | consensus=0.0015448733438 | error=0.0129415545613
Iteration  748 | cost=0.000106054488195 | residual=0.0110911211717 | consensus=0.00207981041652 | error=0.012996950801
Iteration  750 | cost=0.000113118453769 | residual=0.0109862464776 | consensus=0.00242039390896 | error=0.012891014255
Iteration  752 | cost=0.000119540765238 | residual=0.0109710105425 | consensus=0.00266381262254 | error=0.0128742506659
Iteration  754 | cost=0.000114519337822 | residual=0.0110712883967 | consensus=0.00240649253943 | error=0.0129769603044
Iteration  756 | cost=0.000106651067076 | residual=0.0110662502128 | consensus=0.00170795325528 | error=0.0129740516083
Iteration  758 | cost=0.000102097978849 | residual=0.0109721310579 | consensus=0.001412030329 | error=0.0128775281188
Iteration  760 | cost=0.00010032823021 | residual=0.0109832358062 | consensus=0.00137399406353 | error=0.0128860380126
Iteration  762 | cost=0.000100384277651 | residual=0.0110588831826 | consensus=0.00114113509465 | error=0.0129635455486
Iteration  764 | cost=0.000100148796433 | residual=0.0110277938697 | consensus=0.000631944942365 | error=0.0129341096393
Iteration  766 | cost=9.95625374637e-05 | residual=0.0109577869637 | consensus=0.000140218828668 | error=0.012861928619
Iteration  768 | cost=9.97204143162e-05 | residual=0.0109940895419 | consensus=0.00048813785692 | error=0.0128971645016
Iteration  770 | cost=0.000100125624203 | residual=0.0110468928573 | consensus=0.000517908178565 | error=0.0129526836122
Iteration  772 | cost=9.97833981916e-05 | residual=0.0110011518351 | consensus=0.000237427784832 | error=0.0129077986496
Iteration  774 | cost=9.93747097666e-05 | residual=0.010960678526 | consensus=0.000444782269448 | error=0.0128644222912
Iteration  776 | cost=9.97906444801e-05 | residual=0.0110096526107 | consensus=0.000793911229549 | error=0.0129124794813
Iteration  778 | cost=0.000100546076451 | residual=0.0110338567699 | consensus=0.00106844057179 | error=0.0129391429647
Iteration  780 | cost=0.000101900116062 | residual=0.0109795691132 | consensus=0.00172983582322 | error=0.012885489252
Iteration  782 | cost=0.000106716825652 | residual=0.0109643520633 | consensus=0.00303247488196 | error=0.0128690964117
Iteration  784 | cost=0.000116099446242 | residual=0.011014512705 | consensus=0.00464762922646 | error=0.0129205319967
Iteration  786 | cost=0.000118552805513 | residual=0.0110147611103 | consensus=0.00544708907592 | error=0.0129220130388
Iteration  788 | cost=0.000109394397034 | residual=0.0109671672956 | consensus=0.00450293355517 | error=0.0128727514867
Iteration  790 | cost=0.000103084375867 | residual=0.010974604611 | consensus=0.00292469754708 | error=0.0128777181779
Iteration  792 | cost=0.000100712280567 | residual=0.0110131549585 | consensus=0.0018264949171 | error=0.0129167735731
Iteration  794 | cost=9.9646072123e-05 | residual=0.0109933797832 | consensus=0.00106817603507 | error=0.0128985212568
Iteration  796 | cost=9.89859938652e-05 | residual=0.010956637518 | consensus=0.000659367256902 | error=0.0128607773751
Iteration  798 | cost=9.89406106194e-05 | residual=0.0109775653283 | consensus=0.000595565107085 | error=0.0128804813691
Iteration  800 | cost=9.90659240481e-05 | residual=0.011002542987 | consensus=0.000503424850465 | error=0.0129066907417
Iteration  802 | cost=9.88243593744e-05 | residual=0.0109761468641 | consensus=0.000250619794347 | error=0.0128811452017
Iteration  804 | cost=9.85992854793e-05 | residual=0.0109595923618 | consensus=0.000297921151801 | error=0.0128630582351
Iteration  806 | cost=9.87387764469e-05 | residual=0.0109875983134 | consensus=0.000454494238953 | error=0.0128901410224
Iteration  808 | cost=9.87871948694e-05 | residual=0.0109938515189 | consensus=0.000355783433636 | error=0.0128974934276
Iteration  810 | cost=9.85279227935e-05 | residual=0.0109623743956 | consensus=0.000132631974636 | error=0.0128663269335
Iteration  812 | cost=9.84318012455e-05 | residual=0.0109593765557 | consensus=0.000319743220306 | error=0.012862235231
Iteration  814 | cost=9.85808299774e-05 | residual=0.0109850282551 | consensus=0.000411648595681 | error=0.0128879847003
Iteration  816 | cost=9.85208973304e-05 | residual=0.0109793473211 | consensus=0.00025308909406 | error=0.012883427586
Iteration  818 | cost=9.82918093802e-05 | residual=0.0109571088183 | consensus=0.00013659822664 | error=0.0128608981471
Iteration  820 | cost=9.83016187547e-05 | residual=0.0109685371475 | consensus=0.000344177684519 | error=0.0128712587138
Iteration  822 | cost=9.8406855143e-05 | residual=0.0109853950694 | consensus=0.000356217968084 | error=0.0128884000804
Iteration  824 | cost=9.82671097039e-05 | residual=0.0109678907208 | consensus=0.000157786376415 | error=0.0128715837342
Iteration  826 | cost=9.81044536768e-05 | residual=0.0109530353817 | consensus=0.000189750526466 | error=0.0128562489568
Iteration  828 | cost=9.81752973536e-05 | residual=0.0109693625019 | consensus=0.000346475082357 | error=0.0128721420111
Iteration  830 | cost=9.82065030404e-05 | residual=0.0109763222324 | consensus=0.0002843856424 | error=0.0128797346509
Iteration  832 | cost=9.8035164154e-05 | residual=0.0109588435599 | consensus=8.67198481856e-05 | error=0.0128624910917
Iteration  834 | cost=9.79581027584e-05 | residual=0.0109577021013 | consensus=0.000240132736853 | error=0.0128605990881
Iteration  836 | cost=9.80438364719e-05 | residual=0.0109743010587 | consensus=0.000325972608939 | error=0.0128769685827
Iteration  838 | cost=9.79977588017e-05 | residual=0.010969452215 | consensus=0.000203011915783 | error=0.0128726381779
Iteration  840 | cost=9.7838263978e-05 | residual=0.0109527542228 | consensus=9.5715990208e-05 | error=0.012855892475
Iteration  842 | cost=9.78334736816e-05 | residual=0.0109588167448 | consensus=0.000270675351702 | error=0.0128615187874
Iteration  844 | cost=9.78910590621e-05 | residual=0.0109701842827 | consensus=0.000282826581244 | error=0.0128731365486
Iteration  846 | cost=9.77895731723e-05 | residual=0.0109604704198 | consensus=0.000119532085882 | error=0.0128637925932
Iteration  848 | cost=9.7678386606e-05 | residual=0.010953120355 | consensus=0.000151322745736 | error=0.0128560701132
Iteration  850 | cost=9.77188042496e-05 | residual=0.0109647518055 | consensus=0.000278116750245 | error=0.0128673604053
Iteration  852 | cost=9.77243808008e-05 | residual=0.0109676863087 | consensus=0.000222730830314 | error=0.0128706040054
Iteration  854 | cost=9.76001512053e-05 | residual=0.0109543551239 | consensus=6.0800154712e-05 | error=0.0128574171866
Iteration  856 | cost=9.7547470511e-05 | residual=0.0109532408951 | consensus=0.000199020976408 | error=0.0128559999726
Iteration  858 | cost=9.75945917379e-05 | residual=0.0109638534272 | consensus=0.000260740689268 | error=0.0128666522406
Iteration  860 | cost=9.75467336969e-05 | residual=0.0109606746421 | consensus=0.000151153436371 | error=0.0128637895616
Iteration  862 | cost=9.74372161765e-05 | residual=0.0109519600169 | consensus=8.64363121793e-05 | error=0.0128549123908
Iteration  864 | cost=9.74362112403e-05 | residual=0.0109581530644 | consensus=0.000226951703338 | error=0.0128607695531
Iteration  866 | cost=9.74594688491e-05 | residual=0.0109643106701 | consensus=0.000222499186143 | error=0.0128670668204
Iteration  868 | cost=9.73748228851e-05 | residual=0.0109556303823 | consensus=8.1836452191e-05 | error=0.0128585713253
Iteration  870 | cost=9.73021344071e-05 | residual=0.0109509140136 | consensus=0.000140608458277 | error=0.012853663626
Iteration  872 | cost=9.73266213305e-05 | residual=0.0109587510241 | consensus=0.000230731504041 | error=0.0128614475662
Iteration  874 | cost=9.73102027705e-05 | residual=0.0109596378208 | consensus=0.000168149881471 | error=0.0128625780915
Iteration  876 | cost=9.72183990935e-05 | residual=0.0109520703079 | consensus=5.90732009556e-05 | error=0.0128549682259
Iteration  878 | cost=9.71905860165e-05 | residual=0.0109542216802 | consensus=0.000183023024479 | error=0.0128568372488
Iteration  880 | cost=9.72128115977e-05 | residual=0.0109607742789 | consensus=0.000213587780892 | error=0.0128634350143
Iteration  882 | cost=9.71596439694e-05 | residual=0.010956039943 | consensus=0.000112813677602 | error=0.01285888737
Iteration  884 | cost=9.70857083757e-05 | residual=0.0109502540031 | consensus=0.000109209069165 | error=0.0128529953509
Iteration  886 | cost=9.70899579137e-05 | residual=0.0109552019368 | consensus=0.000207440714577 | error=0.0128578551373
Iteration  888 | cost=9.70888797097e-05 | residual=0.0109580222133 | consensus=0.000184862933938 | error=0.0128608558956
Iteration  890 | cost=9.70192347331e-05 | residual=0.0109523679886 | consensus=0.000101370848291 | error=0.0128552229037
Iteration  892 | cost=9.69808008997e-05 | residual=0.0109521142798 | consensus=0.000175144226648 | error=0.0128547370868
Iteration  894 | cost=9.69985354385e-05 | residual=0.0109577837663 | consensus=0.000228584057316 | error=0.0128603886718
Iteration  896 | cost=9.69715179583e-05 | residual=0.0109557416095 | consensus=0.000187776894296 | error=0.0128585118234
Iteration  898 | cost=9.69133022068e-05 | residual=0.0109502283263 | consensus=0.000188918119103 | error=0.0128529476337
Iteration  900 | cost=9.69162070692e-05 | residual=0.0109529304132 | consensus=0.000271887880544 | error=0.0128555477336
Iteration  902 | cost=9.69395887323e-05 | residual=0.0109563220687 | consensus=0.000307306749387 | error=0.0128590658224
Iteration  904 | cost=9.69187585672e-05 | residual=0.0109524643546 | consensus=0.00032317957808 | error=0.0128552639152
Iteration  906 | cost=9.69254490671e-05 | residual=0.010951063779 | consensus=0.000404832874135 | error=0.0128536809275
Iteration  908 | cost=9.70106837527e-05 | residual=0.0109555372173 | consensus=0.000510420609806 | error=0.0128581021055
Iteration  910 | cost=9.71148151474e-05 | residual=0.0109551042425 | consensus=0.000606238328596 | error=0.0128578121158
Iteration  912 | cost=9.72517840402e-05 | residual=0.0109504329175 | consensus=0.000738086445429 | error=0.0128531352939
Iteration  914 | cost=9.75303276314e-05 | residual=0.0109517179524 | consensus=0.000923385807294 | error=0.0128543289692
Iteration  916 | cost=9.79740529921e-05 | residual=0.0109550732162 | consensus=0.0011359558919 | error=0.0128577794757
Iteration  918 | cost=9.85559241628e-05 | residual=0.0109527159061 | consensus=0.00137549582666 | error=0.0128555092871
Iteration  920 | cost=9.93140790245e-05 | residual=0.0109510992391 | consensus=0.00164778786696 | error=0.0128537748284
Iteration  922 | cost=0.000100199251217 | residual=0.0109546233636 | consensus=0.00191922334715 | error=0.0128572513567
Iteration  924 | cost=0.000100941471303 | residual=0.0109550647713 | consensus=0.00213609760443 | error=0.0128578272226
Iteration  926 | cost=0.000101252441011 | residual=0.0109512269767 | consensus=0.00225653876083 | error=0.0128540200134
Iteration  928 | cost=0.000101049285973 | residual=0.0109514842101 | consensus=0.00225582040625 | error=0.0128541975461
Iteration  930 | cost=0.000100428794949 | residual=0.010954170824 | consensus=0.00213323294819 | error=0.0128569372307
Iteration  932 | cost=9.95880435823e-05 | residual=0.0109524415133 | consensus=0.00192451190374 | error=0.0128552757365
Iteration  934 | cost=9.87747734024e-05 | residual=0.0109505600861 | consensus=0.00168797456485 | error=0.0128532811634
Iteration  936 | cost=9.81420500411e-05 | residual=0.0109529644548 | consensus=0.00146457718377 | error=0.012855592687
Iteration  938 | cost=9.76723646484e-05 | residual=0.0109535294686 | consensus=0.00126528423676 | error=0.0128562206989
Iteration  940 | cost=9.73221257684e-05 | residual=0.0109504313659 | consensus=0.0010997645354 | error=0.0128531236825
Iteration  942 | cost=9.71065614163e-05 | residual=0.0109504167659 | consensus=0.000978892293458 | error=0.0128530139604
Iteration  944 | cost=9.70037423915e-05 | residual=0.0109528828 | consensus=0.000894003376215 | error=0.0128554969624
Iteration  946 | cost=9.69603606316e-05 | residual=0.0109519072517 | consensus=0.000848350260561 | error=0.0128545805564
Iteration  948 | cost=9.70179943583e-05 | residual=0.0109501835811 | consensus=0.000878165914946 | error=0.0128527737837
Iteration  950 | cost=9.73278142489e-05 | residual=0.0109515955748 | consensus=0.000993130929575 | error=0.0128540945379
Iteration  952 | cost=9.81888765247e-05 | residual=0.0109517722548 | consensus=0.00117743710142 | error=0.0128543031516
Iteration  954 | cost=0.00010030621935 | residual=0.0109496740956 | consensus=0.00146797505295 | error=0.012852228196
Iteration  956 | cost=0.000104728497836 | residual=0.0109514036755 | consensus=0.00195448518377 | error=0.0128539941151
Iteration  958 | cost=0.000110855511258 | residual=0.0109555704754 | consensus=0.00263817413005 | error=0.0128583806729
Iteration  960 | cost=0.000113494085366 | residual=0.0109545319832 | consensus=0.00321227920789 | error=0.0128575473601
Iteration  962 | cost=0.000110313696479 | residual=0.0109513483558 | consensus=0.00324554983569 | error=0.0128543674908
Iteration  964 | cost=0.0001078528568 | residual=0.010952137409 | consensus=0.00291268513675 | error=0.0128552062024
Iteration  966 | cost=0.000109035930327 | residual=0.0109536986021 | consensus=0.00276856399153 | error=0.0128570100606
Iteration  968 | cost=0.000111847246309 | residual=0.0109531119719 | consensus=0.00290185983753 | error=0.0128566402129
Iteration  970 | cost=0.000112643966182 | residual=0.0109528107889 | consensus=0.00304153868094 | error=0.0128562670227
Iteration  972 | cost=0.000109583165996 | residual=0.0109535644027 | consensus=0.0029155172029 | error=0.012856807769
Iteration  974 | cost=0.00010496092397 | residual=0.0109527795327 | consensus=0.00251917055387 | error=0.0128558851951
Iteration  976 | cost=0.000101419075062 | residual=0.0109510121768 | consensus=0.00206803926569 | error=0.0128539605565
Iteration  978 | cost=9.94476775574e-05 | residual=0.0109510852276 | consensus=0.00173476453744 | error=0.0128538355369
Iteration  980 | cost=9.86308966858e-05 | residual=0.0109518975963 | consensus=0.00156514663711 | error=0.0128545880192
Iteration  982 | cost=9.86248851608e-05 | residual=0.0109510982042 | consensus=0.00156088681859 | error=0.0128538537315
Iteration  984 | cost=9.93602862226e-05 | residual=0.0109503693003 | consensus=0.00172330553858 | error=0.0128531567436
Iteration  986 | cost=0.000100963278656 | residual=0.010951535554 | consensus=0.00204133906512 | error=0.0128543962438
Iteration  988 | cost=0.000103478100667 | residual=0.010952708799 | consensus=0.00247400011252 | error=0.0128558157796
Iteration  990 | cost=0.000106383816809 | residual=0.010952611476 | consensus=0.00292511811499 | error=0.0128559579889
Iteration  992 | cost=0.000108347345578 | residual=0.0109526911488 | consensus=0.0032355426377 | error=0.0128560523194
Iteration  994 | cost=0.000108254807988 | residual=0.0109530656107 | consensus=0.00327114794621 | error=0.0128563416196
Iteration  996 | cost=0.000106409624005 | residual=0.0109522467284 | consensus=0.0030443845676 | error=0.0128554883008
Iteration  998 | cost=0.000103854538982 | residual=0.010950893148 | consensus=0.00267977341877 | error=0.0128540367711
Iteration 1000 | cost=0.000101468720211 | residual=0.0109507057322 | consensus=0.00229134573713 | error=0.0128536639006
Wrote JSON report to /gpfs/home/tonshen/Seawulf_simulation/MPS_simulation/dist/10qubits/partition_compare/runs/20260319_partition_compare_laptoppath_uniformsmall_blocknorm_seed12_iter1000_r2/partition_2x2_seed=1/optimize.json
Wrote markdown report to /gpfs/home/tonshen/Seawulf_simulation/MPS_simulation/dist/10qubits/partition_compare/runs/20260319_partition_compare_laptoppath_uniformsmall_blocknorm_seed12_iter1000_r2/partition_2x2_seed=1/optimize_report.md
Wrote run summary to /gpfs/home/tonshen/Seawulf_simulation/MPS_simulation/dist/10qubits/partition_compare/runs/20260319_partition_compare_laptoppath_uniformsmall_blocknorm_seed12_iter1000_r2/partition_2x2_seed=1/run_summary.json
