Running: /gpfs/home/tonshen/.conda/envs/MPS/bin/python /gpfs/home/tonshen/Seawulf_simulation/MPS_simulation/dist/10qubits/partition_compare/partition_compare_optimize.py --config /gpfs/home/tonshen/Seawulf_simulation/MPS_simulation/dist/10qubits/partition_compare/param.yaml --case partition_2x2 --out-dir /gpfs/home/tonshen/Seawulf_simulation/MPS_simulation/dist/10qubits/partition_compare/runs/20260319_partition_compare_no1x1_seed12_iter1000_r10/partition_2x2_seed=1 --iterations 1000 --report-every 10 --init-seed 1
Preparing partition-compare case `partition_2x2`.
Iteration    0 | cost=4.70468396669 | residual=1.06462086346 | consensus=1.41294861523 | error=1.22924534143
Iteration   10 | cost=3.57296221176 | residual=1.07946983883 | consensus=0.00728330014303 | error=1.2937359763
Iteration   20 | cost=2.3731703319 | residual=1.04262191567 | consensus=0.00622838512936 | error=1.21567851076
Iteration   30 | cost=1.56932451286 | residual=1.02082191975 | consensus=0.00444658232247 | error=1.15336792712
Iteration   40 | cost=1.09212795048 | residual=1.00512668674 | consensus=0.00295759258936 | error=1.10257221315
Iteration   50 | cost=0.841532166097 | residual=0.989982365025 | consensus=0.00234419814032 | error=1.05940013092
Iteration   60 | cost=0.677444241689 | residual=0.970909416316 | consensus=0.00178029920602 | error=1.01921588074
Iteration   70 | cost=0.564753705586 | residual=0.944785374913 | consensus=0.00158327373248 | error=0.978651845222
Iteration   80 | cost=0.487690480492 | residual=0.908612193597 | consensus=0.00160559542284 | error=0.934055839221
Iteration   90 | cost=0.430027694068 | residual=0.860267281692 | consensus=0.00175746271632 | error=0.881762300716
Iteration  100 | cost=0.385531008165 | residual=0.803978047401 | consensus=0.00180163786212 | error=0.823844854191
Iteration  110 | cost=0.350295822623 | residual=0.745103066726 | consensus=0.00172448463638 | error=0.763433394111
Iteration  120 | cost=0.315213084875 | residual=0.681011880725 | consensus=0.00169932932164 | error=0.696679240871
Iteration  130 | cost=0.279506525551 | residual=0.609013632563 | consensus=0.00196650163661 | error=0.620936966447
Iteration  140 | cost=0.251867974459 | residual=0.538028249472 | consensus=0.00204291592077 | error=0.545942326204
Iteration  150 | cost=0.238110873832 | residual=0.4861850021 | consensus=0.00187332074258 | error=0.490311873763
Iteration  160 | cost=0.234319353098 | residual=0.462431389669 | consensus=0.00148934299788 | error=0.464465709764
Iteration  170 | cost=0.233215980649 | residual=0.457247853843 | consensus=0.000840624446402 | error=0.458665906832
Iteration  180 | cost=0.232472834995 | residual=0.45967207216 | consensus=0.000477931378943 | error=0.460803168626
Iteration  190 | cost=0.232112863481 | residual=0.463038554165 | consensus=0.00028830499742 | error=0.463989661879
Iteration  200 | cost=0.231927427443 | residual=0.464210881971 | consensus=0.000226288903146 | error=0.465062341399
Iteration  210 | cost=0.231758695505 | residual=0.463448802218 | consensus=0.000103264123744 | error=0.464245706762
Iteration  220 | cost=0.231622435109 | residual=0.462341391872 | consensus=9.87668805185e-05 | error=0.463112392078
Iteration  230 | cost=0.231514477795 | residual=0.461801303192 | consensus=6.76420848712e-05 | error=0.462541998094
Iteration  240 | cost=0.231422604876 | residual=0.461777095354 | consensus=5.37595552284e-05 | error=0.462491586307
Iteration  250 | cost=0.231343136392 | residual=0.461894886596 | consensus=4.44768602755e-05 | error=0.462594399675
Iteration  260 | cost=0.231273573166 | residual=0.461929938027 | consensus=3.79710030801e-05 | error=0.462616144758
Iteration  270 | cost=0.231211982807 | residual=0.461864369772 | consensus=3.39683674783e-05 | error=0.462539077563
Iteration  280 | cost=0.231157006197 | residual=0.461773607983 | consensus=2.9668610117e-05 | error=0.462439282098
Iteration  290 | cost=0.231107507065 | residual=0.461710657222 | consensus=2.75380668258e-05 | error=0.462369106173
Iteration  300 | cost=0.231062470218 | residual=0.461676061477 | consensus=2.43447910328e-05 | error=0.462328905993
Iteration  310 | cost=0.231021053416 | residual=0.461650521673 | consensus=2.23534408523e-05 | error=0.462298661895
Iteration  320 | cost=0.2309825444 | residual=0.461620839957 | consensus=2.03794710008e-05 | error=0.462264956784
Iteration  330 | cost=0.230946329549 | residual=0.461586588608 | consensus=1.83522360307e-05 | error=0.462227464853
Iteration  340 | cost=0.230911860362 | residual=0.461552264562 | consensus=1.69701822879e-05 | error=0.462190453164
Iteration  350 | cost=0.230878629837 | residual=0.461519393543 | consensus=1.53051721781e-05 | error=0.46215538767
Iteration  360 | cost=0.230846164265 | residual=0.461486779029 | consensus=1.40953913395e-05 | error=0.462120910945
Iteration  370 | cost=0.23081401256 | residual=0.461452719529 | consensus=1.28808071638e-05 | error=0.462085305739
Iteration  380 | cost=0.230781735502 | residual=0.46141637638 | consensus=1.17846107653e-05 | error=0.462047648665
Iteration  390 | cost=0.230748893437 | residual=0.461377416133 | consensus=1.09290046242e-05 | error=0.462007579105
