Running: /gpfs/home/tonshen/.conda/envs/MPS/bin/python /gpfs/home/tonshen/Seawulf_simulation/MPS_simulation/dist/10qubits/partition_compare/partition_compare_optimize.py --config /gpfs/home/tonshen/Seawulf_simulation/MPS_simulation/dist/10qubits/partition_compare/param.yaml --case partition_1x1 --out-dir /gpfs/home/tonshen/Seawulf_simulation/MPS_simulation/dist/10qubits/partition_compare/runs/20260319_partition_compare_laptoppath_uniformsmall_blocknorm_seed12_iter1000_r2/partition_1x1_seed=2 --iterations 1000 --report-every 2 --init-seed 2
Preparing partition-compare case `partition_1x1`.
Iteration    0 | cost=0.0132970244409 | residual=0.115312724541 | consensus=0 | error=0.133104902612
Iteration    2 | cost=0.00280020273124 | residual=0.0529169418175 | consensus=0 | error=0.0611367782225
Iteration    4 | cost=0.00131068191067 | residual=0.0362033411544 | consensus=0 | error=0.0415492458374
Iteration    6 | cost=0.00202693403077 | residual=0.045021484103 | consensus=0 | error=0.0514260046921
Iteration    8 | cost=0.00235833004091 | residual=0.0485626403832 | consensus=0 | error=0.05592748546
Iteration   10 | cost=0.00198467953987 | residual=0.0445497423107 | consensus=0 | error=0.0513646120947
Iteration   12 | cost=0.00113844587594 | residual=0.0337408635933 | consensus=0 | error=0.0391554243607
Iteration   14 | cost=0.000679258122801 | residual=0.0260625808944 | consensus=0 | error=0.0300535917294
Iteration   16 | cost=0.000606781701319 | residual=0.0246329393576 | consensus=0 | error=0.0282728553497
Iteration   18 | cost=0.000650773033855 | residual=0.0255102535058 | consensus=0 | error=0.0295631863125
Iteration   20 | cost=0.000716746947536 | residual=0.0267721300537 | consensus=0 | error=0.0308359352273
Iteration   22 | cost=0.00059926474218 | residual=0.0244798844412 | consensus=0 | error=0.0281437899247
Iteration   24 | cost=0.000401837447474 | residual=0.0200458835563 | consensus=0 | error=0.0233943155007
Iteration   26 | cost=0.000336013263671 | residual=0.0183306645747 | consensus=0 | error=0.0214489713222
Iteration   28 | cost=0.000315747362927 | residual=0.0177692814431 | consensus=0 | error=0.0205269742114
Iteration   30 | cost=0.000288610068801 | residual=0.0169885275665 | consensus=0 | error=0.0195634533029
Iteration   32 | cost=0.000284899674419 | residual=0.0168789713697 | consensus=0 | error=0.0196012325639
Iteration   34 | cost=0.000253284773697 | residual=0.0159149229899 | consensus=0 | error=0.0186667522857
Iteration   36 | cost=0.000221142197531 | residual=0.0148708506014 | consensus=0 | error=0.0173607423059
Iteration   38 | cost=0.000210025052825 | residual=0.0144922411276 | consensus=0 | error=0.0167786247894
Iteration   40 | cost=0.000187051078824 | residual=0.0136766618332 | consensus=0 | error=0.0159667711162
Iteration   42 | cost=0.000175409376176 | residual=0.013244220485 | consensus=0 | error=0.0155235377799
Iteration   44 | cost=0.000177376395166 | residual=0.0133182729828 | consensus=0 | error=0.0155546925131
Iteration   46 | cost=0.000172296284318 | residual=0.0131261679251 | consensus=0 | error=0.0153415514113
Iteration   48 | cost=0.000162288671376 | residual=0.0127392570997 | consensus=0 | error=0.0148796185959
Iteration   50 | cost=0.000150358524982 | residual=0.0122620767025 | consensus=0 | error=0.0143646871779
Iteration   52 | cost=0.000148914312254 | residual=0.0122030452072 | consensus=0 | error=0.0143130531852
Iteration   54 | cost=0.000150663622484 | residual=0.0122745110925 | consensus=0 | error=0.014375755337
Iteration   56 | cost=0.000146655443099 | residual=0.0121101380329 | consensus=0 | error=0.0141877032897
Iteration   58 | cost=0.000142635308315 | residual=0.0119430024865 | consensus=0 | error=0.0139834350178
Iteration   60 | cost=0.000140214154893 | residual=0.0118412058072 | consensus=0 | error=0.0138884610585
Iteration   62 | cost=0.000140054185688 | residual=0.0118344491112 | consensus=0 | error=0.0138838031013
Iteration   64 | cost=0.000138990358153 | residual=0.0117894172132 | consensus=0 | error=0.0138300364866
Iteration   66 | cost=0.000137343205854 | residual=0.0117193517709 | consensus=0 | error=0.0137486296449
Iteration   68 | cost=0.000136813939554 | residual=0.0116967491052 | consensus=0 | error=0.0137084485367
Iteration   70 | cost=0.000136115779735 | residual=0.0116668667522 | consensus=0 | error=0.0136896628057
Iteration   72 | cost=0.000135778304746 | residual=0.0116523948106 | consensus=0 | error=0.0136811264409
Iteration   74 | cost=0.000134991626437 | residual=0.0116185896955 | consensus=0 | error=0.0136352846567
Iteration   76 | cost=0.000134558229292 | residual=0.0115999236793 | consensus=0 | error=0.0136041502138
Iteration   78 | cost=0.000134645655158 | residual=0.0116036914485 | consensus=0 | error=0.0136116626961
Iteration   80 | cost=0.000134446175269 | residual=0.0115950927268 | consensus=0 | error=0.0136104631062
Iteration   82 | cost=0.000133929043132 | residual=0.0115727716304 | consensus=0 | error=0.0135847171604
Iteration   84 | cost=0.000133674720349 | residual=0.0115617784283 | consensus=0 | error=0.0135674376097
Iteration   86 | cost=0.000133881969244 | residual=0.0115707376308 | consensus=0 | error=0.0135738128467
Iteration   88 | cost=0.000133760076443 | residual=0.0115654691439 | consensus=0 | error=0.0135729954109
Iteration   90 | cost=0.000133511169404 | residual=0.011554703349 | consensus=0 | error=0.0135642570912
Iteration   92 | cost=0.000133392628462 | residual=0.0115495726561 | consensus=0 | error=0.0135555548504
Iteration   94 | cost=0.000133480167563 | residual=0.0115533617462 | consensus=0 | error=0.0135559573243
Iteration   96 | cost=0.000133425650792 | residual=0.0115510021586 | consensus=0 | error=0.0135550875306
Iteration   98 | cost=0.000133332039419 | residual=0.0115469493589 | consensus=0 | error=0.0135538496515
Iteration  100 | cost=0.000133295539068 | residual=0.0115453687314 | consensus=0 | error=0.0135514762756
Iteration  102 | cost=0.000133292287111 | residual=0.0115452278967 | consensus=0 | error=0.013548505816
Iteration  104 | cost=0.000133277394136 | residual=0.0115445828948 | consensus=0 | error=0.0135477895188
Iteration  106 | cost=0.000133258216332 | residual=0.0115437522674 | consensus=0 | error=0.0135493194673
Iteration  108 | cost=0.000133235619037 | residual=0.0115427734585 | consensus=0 | error=0.0135484014035
Iteration  110 | cost=0.000133220313991 | residual=0.0115421104686 | consensus=0 | error=0.0135455592305
Iteration  112 | cost=0.000133221321539 | residual=0.011542154115 | consensus=0 | error=0.0135453230994
Iteration  114 | cost=0.000133215198085 | residual=0.0115418888472 | consensus=0 | error=0.0135466976842
Iteration  116 | cost=0.00013320692925 | residual=0.0115415306319 | consensus=0 | error=0.0135466318977
Iteration  118 | cost=0.000133193236558 | residual=0.0115409374245 | consensus=0 | error=0.0135446658456
Iteration  120 | cost=0.000133197537961 | residual=0.011541123777 | consensus=0 | error=0.0135445424946
Iteration  122 | cost=0.000133196556568 | residual=0.0115410812598 | consensus=0 | error=0.0135455887654
Iteration  124 | cost=0.000133189477746 | residual=0.0115407745765 | consensus=0 | error=0.0135454759429
Iteration  126 | cost=0.000133185247281 | residual=0.0115405912915 | consensus=0 | error=0.0135443259268
Iteration  128 | cost=0.000133187599272 | residual=0.0115406931918 | consensus=0 | error=0.0135442824942
Iteration  130 | cost=0.000133186012112 | residual=0.0115406244281 | consensus=0 | error=0.0135449984179
Iteration  132 | cost=0.000133183014883 | residual=0.0115404945717 | consensus=0 | error=0.0135449489512
Iteration  134 | cost=0.000133182022573 | residual=0.0115404515791 | consensus=0 | error=0.0135442532518
Iteration  136 | cost=0.000133182504492 | residual=0.0115404724586 | consensus=0 | error=0.0135442593496
Iteration  138 | cost=0.000133181794971 | residual=0.011540441718 | consensus=0 | error=0.0135447553893
Iteration  140 | cost=0.000133180188691 | residual=0.0115403721243 | consensus=0 | error=0.0135446126316
Iteration  142 | cost=0.000133180525455 | residual=0.0115403867151 | consensus=0 | error=0.0135441931441
Iteration  144 | cost=0.000133180353313 | residual=0.0115403792568 | consensus=0 | error=0.0135442980428
Iteration  146 | cost=0.000133179588885 | residual=0.011540346137 | consensus=0 | error=0.0135446057046
Iteration  148 | cost=0.00013317955703 | residual=0.0115403447568 | consensus=0 | error=0.0135444670499
Iteration  150 | cost=0.000133179548835 | residual=0.0115403444018 | consensus=0 | error=0.013544211536
Iteration  152 | cost=0.000133179135823 | residual=0.0115403265076 | consensus=0 | error=0.0135443482647
Iteration  154 | cost=0.000133179134754 | residual=0.0115403264613 | consensus=0 | error=0.0135445180412
Iteration  156 | cost=0.000133179065425 | residual=0.0115403234574 | consensus=0 | error=0.0135443482573
Iteration  158 | cost=0.000133178969222 | residual=0.0115403192893 | consensus=0 | error=0.0135442387601
Iteration  160 | cost=0.000133178809191 | residual=0.0115403123558 | consensus=0 | error=0.0135443936744
Iteration  162 | cost=0.000133178896221 | residual=0.0115403161265 | consensus=0 | error=0.0135444485596
Iteration  164 | cost=0.000133178792294 | residual=0.0115403116237 | consensus=0 | error=0.0135443017071
Iteration  166 | cost=0.000133178715816 | residual=0.0115403083101 | consensus=0 | error=0.0135442936238
Iteration  168 | cost=0.000133178753555 | residual=0.0115403099452 | consensus=0 | error=0.0135444084018
Iteration  170 | cost=0.000133178710037 | residual=0.0115403080597 | consensus=0 | error=0.0135443743643
Iteration  172 | cost=0.000133178674115 | residual=0.0115403065034 | consensus=0 | error=0.0135442898796
Iteration  174 | cost=0.00013317866596 | residual=0.01154030615 | consensus=0 | error=0.0135443427048
Iteration  176 | cost=0.000133178675756 | residual=0.0115403065745 | consensus=0 | error=0.0135443954072
Iteration  178 | cost=0.000133178638226 | residual=0.0115403049485 | consensus=0 | error=0.0135443343767
Iteration  180 | cost=0.000133178636644 | residual=0.0115403048799 | consensus=0 | error=0.013544312038
Iteration  182 | cost=0.000133178641465 | residual=0.0115403050889 | consensus=0 | error=0.0135443667701
Iteration  184 | cost=0.000133178626689 | residual=0.0115403044487 | consensus=0 | error=0.0135443625235
Iteration  186 | cost=0.000133178620714 | residual=0.0115403041897 | consensus=0 | error=0.013544318855
Iteration  188 | cost=0.000133178621781 | residual=0.0115403042359 | consensus=0 | error=0.0135443396532
Iteration  190 | cost=0.000133178619659 | residual=0.0115403041439 | consensus=0 | error=0.0135443679664
Iteration  192 | cost=0.000133178612989 | residual=0.011540303855 | consensus=0 | error=0.0135443395637
Iteration  194 | cost=0.00013317861312 | residual=0.0115403038607 | consensus=0 | error=0.0135443276895
Iteration  196 | cost=0.000133178612598 | residual=0.0115403038381 | consensus=0 | error=0.0135443549187
Iteration  198 | cost=0.0001331786105 | residual=0.0115403037471 | consensus=0 | error=0.0135443520024
Iteration  200 | cost=0.000133178608745 | residual=0.011540303671 | consensus=0 | error=0.0135443307763
Iteration  202 | cost=0.000133178608623 | residual=0.0115403036659 | consensus=0 | error=0.0135443432504
Iteration  204 | cost=0.000133178608378 | residual=0.0115403036552 | consensus=0 | error=0.0135443554665
Iteration  206 | cost=0.000133178607114 | residual=0.0115403036004 | consensus=0 | error=0.0135443395532
Iteration  208 | cost=0.00013317860668 | residual=0.0115403035817 | consensus=0 | error=0.0135443367094
Iteration  210 | cost=0.000133178606678 | residual=0.0115403035815 | consensus=0 | error=0.0135443506353
Iteration  212 | cost=0.000133178606392 | residual=0.0115403035692 | consensus=0 | error=0.013544345863
Iteration  214 | cost=0.000133178605831 | residual=0.0115403035448 | consensus=0 | error=0.0135443369522
Iteration  216 | cost=0.000133178605709 | residual=0.0115403035396 | consensus=0 | error=0.0135443456921
Iteration  218 | cost=0.00013317860587 | residual=0.0115403035465 | consensus=0 | error=0.0135443486645
Iteration  220 | cost=0.000133178605417 | residual=0.0115403035268 | consensus=0 | error=0.0135443399172
Iteration  222 | cost=0.000133178605345 | residual=0.0115403035238 | consensus=0 | error=0.0135443419181
Iteration  224 | cost=0.000133178605421 | residual=0.0115403035271 | consensus=0 | error=0.0135443477178
Iteration  226 | cost=0.000133178605229 | residual=0.0115403035188 | consensus=0 | error=0.013544342881
Iteration  228 | cost=0.00013317860519 | residual=0.0115403035171 | consensus=0 | error=0.0135443410419
Iteration  230 | cost=0.000133178605158 | residual=0.0115403035157 | consensus=0 | error=0.0135443461487
Iteration  232 | cost=0.000133178605123 | residual=0.0115403035142 | consensus=0 | error=0.0135443447156
Iteration  234 | cost=0.000133178605102 | residual=0.0115403035133 | consensus=0 | error=0.0135443413473
Iteration  236 | cost=0.000133178605038 | residual=0.0115403035105 | consensus=0 | error=0.0135443443844
Iteration  238 | cost=0.000133178605061 | residual=0.0115403035115 | consensus=0 | error=0.0135443451959
Iteration  240 | cost=0.000133178605033 | residual=0.0115403035103 | consensus=0 | error=0.013544342298
Iteration  242 | cost=0.000133178605009 | residual=0.0115403035093 | consensus=0 | error=0.0135443435611
Iteration  244 | cost=0.000133178605005 | residual=0.0115403035091 | consensus=0 | error=0.0135443451414
Iteration  246 | cost=0.000133178605003 | residual=0.011540303509 | consensus=0 | error=0.0135443430642
Iteration  248 | cost=0.000133178604988 | residual=0.0115403035083 | consensus=0 | error=0.0135443430816
Iteration  250 | cost=0.000133178604983 | residual=0.0115403035081 | consensus=0 | error=0.0135443447101
Iteration  252 | cost=0.000133178604982 | residual=0.0115403035081 | consensus=0 | error=0.0135443436062
Iteration  254 | cost=0.000133178604975 | residual=0.0115403035078 | consensus=0 | error=0.0135443430861
Iteration  256 | cost=0.000133178604973 | residual=0.0115403035077 | consensus=0 | error=0.0135443443859
Iteration  258 | cost=0.000133178604967 | residual=0.0115403035075 | consensus=0 | error=0.0135443438933
Iteration  260 | cost=0.000133178604968 | residual=0.0115403035075 | consensus=0 | error=0.0135443431405
Iteration  262 | cost=0.000133178604968 | residual=0.0115403035075 | consensus=0 | error=0.0135443440537
Iteration  264 | cost=0.000133178604965 | residual=0.0115403035073 | consensus=0 | error=0.0135443440137
Iteration  266 | cost=0.000133178604964 | residual=0.0115403035073 | consensus=0 | error=0.0135443433176
Iteration  268 | cost=0.000133178604965 | residual=0.0115403035073 | consensus=0 | error=0.0135443438845
Iteration  270 | cost=0.000133178604963 | residual=0.0115403035073 | consensus=0 | error=0.0135443440377
Iteration  272 | cost=0.000133178604962 | residual=0.0115403035072 | consensus=0 | error=0.0135443434399
Iteration  274 | cost=0.000133178604964 | residual=0.0115403035072 | consensus=0 | error=0.0135443437457
Iteration  276 | cost=0.000133178604959 | residual=0.0115403035072 | consensus=0 | error=0.0135443440019
Iteration  278 | cost=0.000133178604961 | residual=0.0115403035072 | consensus=0 | error=0.0135443435699
Iteration  280 | cost=0.000133178604961 | residual=0.0115403035072 | consensus=0 | error=0.0135443437063
Iteration  282 | cost=0.000133178604961 | residual=0.0115403035072 | consensus=0 | error=0.0135443439532
Iteration  284 | cost=0.00013317860496 | residual=0.0115403035072 | consensus=0 | error=0.0135443436401
Iteration  286 | cost=0.00013317860496 | residual=0.0115403035072 | consensus=0 | error=0.0135443436773
Iteration  288 | cost=0.00013317860496 | residual=0.0115403035072 | consensus=0 | error=0.0135443438994
Iteration  290 | cost=0.00013317860496 | residual=0.0115403035071 | consensus=0 | error=0.013544343698
Iteration  292 | cost=0.00013317860496 | residual=0.0115403035071 | consensus=0 | error=0.0135443436899
Iteration  294 | cost=0.000133178604959 | residual=0.0115403035071 | consensus=0 | error=0.0135443438591
Iteration  296 | cost=0.000133178604959 | residual=0.0115403035071 | consensus=0 | error=0.0135443437202
Iteration  298 | cost=0.000133178604961 | residual=0.0115403035071 | consensus=0 | error=0.0135443436953
Iteration  300 | cost=0.00013317860496 | residual=0.0115403035071 | consensus=0 | error=0.0135443438276
Iteration  302 | cost=0.00013317860496 | residual=0.0115403035071 | consensus=0 | error=0.0135443437384
Iteration  304 | cost=0.00013317860496 | residual=0.0115403035071 | consensus=0 | error=0.0135443437129
Iteration  306 | cost=0.00013317860496 | residual=0.0115403035071 | consensus=0 | error=0.0135443438072
Iteration  308 | cost=0.000133178604961 | residual=0.0115403035071 | consensus=0 | error=0.0135443437415
Iteration  310 | cost=0.000133178604959 | residual=0.0115403035071 | consensus=0 | error=0.0135443437208
Iteration  312 | cost=0.00013317860496 | residual=0.0115403035071 | consensus=0 | error=0.013544343793
Iteration  314 | cost=0.00013317860496 | residual=0.0115403035071 | consensus=0 | error=0.0135443437467
Iteration  316 | cost=0.00013317860496 | residual=0.0115403035071 | consensus=0 | error=0.013544343732
Iteration  318 | cost=0.00013317860496 | residual=0.0115403035071 | consensus=0 | error=0.0135443437832
Iteration  320 | cost=0.00013317860496 | residual=0.0115403035071 | consensus=0 | error=0.013544343746
Iteration  322 | cost=0.00013317860496 | residual=0.0115403035071 | consensus=0 | error=0.0135443437373
Iteration  324 | cost=0.000133178604961 | residual=0.0115403035071 | consensus=0 | error=0.0135443437763
Iteration  326 | cost=0.000133178604961 | residual=0.0115403035071 | consensus=0 | error=0.0135443437482
Iteration  328 | cost=0.00013317860496 | residual=0.0115403035071 | consensus=0 | error=0.0135443437436
Iteration  330 | cost=0.000133178604959 | residual=0.0115403035071 | consensus=0 | error=0.0135443437706
Iteration  332 | cost=0.00013317860496 | residual=0.0115403035071 | consensus=0 | error=0.0135443437476
Iteration  334 | cost=0.000133178604959 | residual=0.0115403035071 | consensus=0 | error=0.013544343747
Iteration  336 | cost=0.000133178604959 | residual=0.0115403035071 | consensus=0 | error=0.0135443437668
Iteration  338 | cost=0.000133178604959 | residual=0.0115403035071 | consensus=0 | error=0.0135443437489
Iteration  340 | cost=0.000133178604959 | residual=0.0115403035071 | consensus=0 | error=0.0135443437505
Iteration  342 | cost=0.000133178604961 | residual=0.0115403035071 | consensus=0 | error=0.013544343763
Iteration  344 | cost=0.000133178604959 | residual=0.0115403035071 | consensus=0 | error=0.0135443437489
Iteration  346 | cost=0.00013317860496 | residual=0.0115403035071 | consensus=0 | error=0.0135443437527
Iteration  348 | cost=0.00013317860496 | residual=0.0115403035071 | consensus=0 | error=0.0135443437606
Iteration  350 | cost=0.00013317860496 | residual=0.0115403035071 | consensus=0 | error=0.01354434375
Iteration  352 | cost=0.000133178604958 | residual=0.0115403035071 | consensus=0 | error=0.0135443437544
Iteration  354 | cost=0.000133178604959 | residual=0.0115403035071 | consensus=0 | error=0.0135443437581
Iteration  356 | cost=0.000133178604959 | residual=0.0115403035071 | consensus=0 | error=0.0135443437505
Iteration  358 | cost=0.000133178604958 | residual=0.0115403035071 | consensus=0 | error=0.0135443437554
Iteration  360 | cost=0.000133178604961 | residual=0.0115403035071 | consensus=0 | error=0.0135443437566
Iteration  362 | cost=0.000133178604959 | residual=0.0115403035071 | consensus=0 | error=0.0135443437516
Iteration  364 | cost=0.00013317860496 | residual=0.0115403035071 | consensus=0 | error=0.0135443437559
Iteration  366 | cost=0.00013317860496 | residual=0.0115403035071 | consensus=0 | error=0.0135443437552
Iteration  368 | cost=0.000133178604961 | residual=0.0115403035071 | consensus=0 | error=0.0135443437523
Iteration  370 | cost=0.000133178604961 | residual=0.0115403035071 | consensus=0 | error=0.0135443437561
Iteration  372 | cost=0.00013317860496 | residual=0.0115403035071 | consensus=0 | error=0.0135443437545
Iteration  374 | cost=0.000133178604959 | residual=0.0115403035071 | consensus=0 | error=0.0135443437532
Iteration  376 | cost=0.000133178604959 | residual=0.0115403035071 | consensus=0 | error=0.0135443437558
Iteration  378 | cost=0.00013317860496 | residual=0.0115403035071 | consensus=0 | error=0.0135443437539
Iteration  380 | cost=0.00013317860496 | residual=0.0115403035071 | consensus=0 | error=0.0135443437539
Iteration  382 | cost=0.000133178604959 | residual=0.0115403035071 | consensus=0 | error=0.0135443437556
Iteration  384 | cost=0.00013317860496 | residual=0.0115403035071 | consensus=0 | error=0.0135443437538
Iteration  386 | cost=0.000133178604959 | residual=0.0115403035071 | consensus=0 | error=0.0135443437544
Iteration  388 | cost=0.000133178604961 | residual=0.0115403035071 | consensus=0 | error=0.0135443437551
Iteration  390 | cost=0.000133178604961 | residual=0.0115403035071 | consensus=0 | error=0.0135443437537
Iteration  392 | cost=0.00013317860496 | residual=0.0115403035071 | consensus=0 | error=0.0135443437547
Iteration  394 | cost=0.000133178604959 | residual=0.0115403035071 | consensus=0 | error=0.0135443437548
Iteration  396 | cost=0.000133178604961 | residual=0.0115403035071 | consensus=0 | error=0.0135443437539
Iteration  398 | cost=0.00013317860496 | residual=0.0115403035071 | consensus=0 | error=0.0135443437548
Iteration  400 | cost=0.000133178604961 | residual=0.0115403035071 | consensus=0 | error=0.0135443437544
Iteration  402 | cost=0.000133178604961 | residual=0.0115403035071 | consensus=0 | error=0.0135443437542
Iteration  404 | cost=0.000133178604958 | residual=0.0115403035071 | consensus=0 | error=0.0135443437548
Iteration  406 | cost=0.00013317860496 | residual=0.0115403035071 | consensus=0 | error=0.0135443437543
Iteration  408 | cost=0.000133178604961 | residual=0.0115403035071 | consensus=0 | error=0.0135443437544
Iteration  410 | cost=0.00013317860496 | residual=0.0115403035071 | consensus=0 | error=0.0135443437547
Iteration  412 | cost=0.000133178604959 | residual=0.0115403035071 | consensus=0 | error=0.0135443437543
Iteration  414 | cost=0.000133178604961 | residual=0.0115403035071 | consensus=0 | error=0.0135443437545
Iteration  416 | cost=0.000133178604961 | residual=0.0115403035071 | consensus=0 | error=0.0135443437545
Iteration  418 | cost=0.00013317860496 | residual=0.0115403035071 | consensus=0 | error=0.0135443437543
Iteration  420 | cost=0.00013317860496 | residual=0.0115403035071 | consensus=0 | error=0.0135443437546
Iteration  422 | cost=0.000133178604959 | residual=0.0115403035071 | consensus=0 | error=0.0135443437544
Iteration  424 | cost=0.000133178604959 | residual=0.0115403035071 | consensus=0 | error=0.0135443437544
Iteration  426 | cost=0.00013317860496 | residual=0.0115403035071 | consensus=0 | error=0.0135443437546
Iteration  428 | cost=0.00013317860496 | residual=0.0115403035071 | consensus=0 | error=0.0135443437544
Iteration  430 | cost=0.00013317860496 | residual=0.0115403035071 | consensus=0 | error=0.0135443437545
Iteration  432 | cost=0.00013317860496 | residual=0.0115403035071 | consensus=0 | error=0.0135443437545
Iteration  434 | cost=0.00013317860496 | residual=0.0115403035071 | consensus=0 | error=0.0135443437544
Iteration  436 | cost=0.00013317860496 | residual=0.0115403035071 | consensus=0 | error=0.0135443437545
Iteration  438 | cost=0.000133178604961 | residual=0.0115403035071 | consensus=0 | error=0.0135443437545
Iteration  440 | cost=0.000133178604961 | residual=0.0115403035071 | consensus=0 | error=0.0135443437544
Iteration  442 | cost=0.000133178604961 | residual=0.0115403035071 | consensus=0 | error=0.0135443437545
Iteration  444 | cost=0.000133178604958 | residual=0.0115403035071 | consensus=0 | error=0.0135443437544
Iteration  446 | cost=0.000133178604959 | residual=0.0115403035071 | consensus=0 | error=0.0135443437544
Iteration  448 | cost=0.00013317860496 | residual=0.0115403035071 | consensus=0 | error=0.0135443437545
Iteration  450 | cost=0.000133178604959 | residual=0.0115403035071 | consensus=0 | error=0.0135443437544
Iteration  452 | cost=0.000133178604961 | residual=0.0115403035071 | consensus=0 | error=0.0135443437545
Iteration  454 | cost=0.000133178604961 | residual=0.0115403035071 | consensus=0 | error=0.0135443437545
Iteration  456 | cost=0.000133178604959 | residual=0.0115403035071 | consensus=0 | error=0.0135443437544
Iteration  458 | cost=0.00013317860496 | residual=0.0115403035071 | consensus=0 | error=0.0135443437545
Iteration  460 | cost=0.00013317860496 | residual=0.0115403035071 | consensus=0 | error=0.0135443437544
Iteration  462 | cost=0.000133178604959 | residual=0.0115403035071 | consensus=0 | error=0.0135443437545
Iteration  464 | cost=0.000133178604961 | residual=0.0115403035071 | consensus=0 | error=0.0135443437545
Iteration  466 | cost=0.000133178604959 | residual=0.0115403035071 | consensus=0 | error=0.0135443437544
Iteration  468 | cost=0.00013317860496 | residual=0.0115403035071 | consensus=0 | error=0.0135443437545
Iteration  470 | cost=0.000133178604959 | residual=0.0115403035071 | consensus=0 | error=0.0135443437544
Iteration  472 | cost=0.000133178604962 | residual=0.0115403035071 | consensus=0 | error=0.0135443437544
Iteration  474 | cost=0.000133178604959 | residual=0.0115403035071 | consensus=0 | error=0.0135443437545
Iteration  476 | cost=0.00013317860496 | residual=0.0115403035071 | consensus=0 | error=0.0135443437544
Iteration  478 | cost=0.00013317860496 | residual=0.0115403035071 | consensus=0 | error=0.0135443437545
Iteration  480 | cost=0.000133178604959 | residual=0.0115403035071 | consensus=0 | error=0.0135443437545
Iteration  482 | cost=0.000133178604961 | residual=0.0115403035071 | consensus=0 | error=0.0135443437544
Iteration  484 | cost=0.00013317860496 | residual=0.0115403035071 | consensus=0 | error=0.0135443437545
Iteration  486 | cost=0.000133178604959 | residual=0.0115403035071 | consensus=0 | error=0.0135443437545
Iteration  488 | cost=0.000133178604961 | residual=0.0115403035071 | consensus=0 | error=0.0135443437545
Iteration  490 | cost=0.000133178604961 | residual=0.0115403035071 | consensus=0 | error=0.0135443437545
Iteration  492 | cost=0.000133178604961 | residual=0.0115403035071 | consensus=0 | error=0.0135443437545
Iteration  494 | cost=0.00013317860496 | residual=0.0115403035071 | consensus=0 | error=0.0135443437545
Iteration  496 | cost=0.00013317860496 | residual=0.0115403035071 | consensus=0 | error=0.0135443437545
Iteration  498 | cost=0.000133178604959 | residual=0.0115403035071 | consensus=0 | error=0.0135443437545
Iteration  500 | cost=0.000133178604961 | residual=0.0115403035071 | consensus=0 | error=0.0135443437545
Iteration  502 | cost=0.000133178604959 | residual=0.0115403035071 | consensus=0 | error=0.0135443437544
Iteration  504 | cost=0.000133178604961 | residual=0.0115403035071 | consensus=0 | error=0.0135443437545
Iteration  506 | cost=0.000133178604961 | residual=0.0115403035071 | consensus=0 | error=0.0135443437545
Iteration  508 | cost=0.000133178604959 | residual=0.0115403035071 | consensus=0 | error=0.0135443437545
Iteration  510 | cost=0.00013317860496 | residual=0.0115403035071 | consensus=0 | error=0.0135443437545
Iteration  512 | cost=0.00013317860496 | residual=0.0115403035071 | consensus=0 | error=0.0135443437545
Iteration  514 | cost=0.000133178604959 | residual=0.0115403035071 | consensus=0 | error=0.0135443437545
Iteration  516 | cost=0.00013317860496 | residual=0.0115403035071 | consensus=0 | error=0.0135443437545
Iteration  518 | cost=0.00013317860496 | residual=0.0115403035071 | consensus=0 | error=0.0135443437545
Iteration  520 | cost=0.000133178604959 | residual=0.0115403035071 | consensus=0 | error=0.0135443437545
Iteration  522 | cost=0.000133178604959 | residual=0.0115403035071 | consensus=0 | error=0.0135443437545
Iteration  524 | cost=0.00013317860496 | residual=0.0115403035071 | consensus=0 | error=0.0135443437545
Iteration  526 | cost=0.000133178604959 | residual=0.0115403035071 | consensus=0 | error=0.0135443437545
Iteration  528 | cost=0.000133178604959 | residual=0.0115403035071 | consensus=0 | error=0.0135443437545
Iteration  530 | cost=0.000133178604959 | residual=0.0115403035071 | consensus=0 | error=0.0135443437545
Iteration  532 | cost=0.000133178604961 | residual=0.0115403035071 | consensus=0 | error=0.0135443437545
Iteration  534 | cost=0.00013317860496 | residual=0.0115403035071 | consensus=0 | error=0.0135443437545
Iteration  536 | cost=0.00013317860496 | residual=0.0115403035071 | consensus=0 | error=0.0135443437545
Iteration  538 | cost=0.000133178604959 | residual=0.0115403035071 | consensus=0 | error=0.0135443437545
Iteration  540 | cost=0.00013317860496 | residual=0.0115403035071 | consensus=0 | error=0.0135443437545
Iteration  542 | cost=0.00013317860496 | residual=0.0115403035071 | consensus=0 | error=0.0135443437545
Iteration  544 | cost=0.000133178604959 | residual=0.0115403035071 | consensus=0 | error=0.0135443437545
Iteration  546 | cost=0.00013317860496 | residual=0.0115403035071 | consensus=0 | error=0.0135443437545
Iteration  548 | cost=0.00013317860496 | residual=0.0115403035071 | consensus=0 | error=0.0135443437545
Iteration  550 | cost=0.00013317860496 | residual=0.0115403035071 | consensus=0 | error=0.0135443437545
Iteration  552 | cost=0.000133178604961 | residual=0.0115403035071 | consensus=0 | error=0.0135443437545
Iteration  554 | cost=0.000133178604961 | residual=0.0115403035071 | consensus=0 | error=0.0135443437545
Iteration  556 | cost=0.000133178604961 | residual=0.0115403035071 | consensus=0 | error=0.0135443437545
Iteration  558 | cost=0.000133178604961 | residual=0.0115403035071 | consensus=0 | error=0.0135443437545
Iteration  560 | cost=0.00013317860496 | residual=0.0115403035071 | consensus=0 | error=0.0135443437545
Iteration  562 | cost=0.000133178604959 | residual=0.0115403035071 | consensus=0 | error=0.0135443437545
Iteration  564 | cost=0.00013317860496 | residual=0.0115403035071 | consensus=0 | error=0.0135443437545
Iteration  566 | cost=0.00013317860496 | residual=0.0115403035071 | consensus=0 | error=0.0135443437545
Iteration  568 | cost=0.000133178604961 | residual=0.0115403035071 | consensus=0 | error=0.0135443437545
Iteration  570 | cost=0.000133178604959 | residual=0.0115403035071 | consensus=0 | error=0.0135443437545
Iteration  572 | cost=0.00013317860496 | residual=0.0115403035071 | consensus=0 | error=0.0135443437545
Iteration  574 | cost=0.000133178604959 | residual=0.0115403035071 | consensus=0 | error=0.0135443437545
Iteration  576 | cost=0.000133178604962 | residual=0.0115403035071 | consensus=0 | error=0.0135443437545
Iteration  578 | cost=0.000133178604961 | residual=0.0115403035071 | consensus=0 | error=0.0135443437545
Iteration  580 | cost=0.000133178604961 | residual=0.0115403035071 | consensus=0 | error=0.0135443437545
Iteration  582 | cost=0.000133178604959 | residual=0.0115403035071 | consensus=0 | error=0.0135443437545
Iteration  584 | cost=0.000133178604959 | residual=0.0115403035071 | consensus=0 | error=0.0135443437545
Iteration  586 | cost=0.000133178604961 | residual=0.0115403035071 | consensus=0 | error=0.0135443437545
Iteration  588 | cost=0.00013317860496 | residual=0.0115403035071 | consensus=0 | error=0.0135443437545
Iteration  590 | cost=0.00013317860496 | residual=0.0115403035071 | consensus=0 | error=0.0135443437545
Iteration  592 | cost=0.00013317860496 | residual=0.0115403035071 | consensus=0 | error=0.0135443437545
Iteration  594 | cost=0.000133178604959 | residual=0.0115403035071 | consensus=0 | error=0.0135443437545
Iteration  596 | cost=0.000133178604961 | residual=0.0115403035071 | consensus=0 | error=0.0135443437545
Iteration  598 | cost=0.000133178604959 | residual=0.0115403035071 | consensus=0 | error=0.0135443437545
Iteration  600 | cost=0.000133178604961 | residual=0.0115403035071 | consensus=0 | error=0.0135443437545
Iteration  602 | cost=0.000133178604961 | residual=0.0115403035071 | consensus=0 | error=0.0135443437545
Iteration  604 | cost=0.000133178604959 | residual=0.0115403035071 | consensus=0 | error=0.0135443437545
Iteration  606 | cost=0.00013317860496 | residual=0.0115403035071 | consensus=0 | error=0.0135443437545
Iteration  608 | cost=0.00013317860496 | residual=0.0115403035071 | consensus=0 | error=0.0135443437545
Iteration  610 | cost=0.00013317860496 | residual=0.0115403035071 | consensus=0 | error=0.0135443437545
Iteration  612 | cost=0.000133178604959 | residual=0.0115403035071 | consensus=0 | error=0.0135443437545
Iteration  614 | cost=0.00013317860496 | residual=0.0115403035071 | consensus=0 | error=0.0135443437545
Iteration  616 | cost=0.000133178604959 | residual=0.0115403035071 | consensus=0 | error=0.0135443437545
Iteration  618 | cost=0.000133178604959 | residual=0.0115403035071 | consensus=0 | error=0.0135443437545
Iteration  620 | cost=0.000133178604959 | residual=0.0115403035071 | consensus=0 | error=0.0135443437545
Iteration  622 | cost=0.000133178604959 | residual=0.0115403035071 | consensus=0 | error=0.0135443437545
Iteration  624 | cost=0.00013317860496 | residual=0.0115403035071 | consensus=0 | error=0.0135443437545
Iteration  626 | cost=0.000133178604959 | residual=0.0115403035071 | consensus=0 | error=0.0135443437545
Iteration  628 | cost=0.00013317860496 | residual=0.0115403035071 | consensus=0 | error=0.0135443437545
Iteration  630 | cost=0.00013317860496 | residual=0.0115403035071 | consensus=0 | error=0.0135443437545
Iteration  632 | cost=0.00013317860496 | residual=0.0115403035071 | consensus=0 | error=0.0135443437545
Iteration  634 | cost=0.00013317860496 | residual=0.0115403035071 | consensus=0 | error=0.0135443437545
Iteration  636 | cost=0.000133178604959 | residual=0.0115403035071 | consensus=0 | error=0.0135443437545
Iteration  638 | cost=0.00013317860496 | residual=0.0115403035071 | consensus=0 | error=0.0135443437545
Iteration  640 | cost=0.00013317860496 | residual=0.0115403035071 | consensus=0 | error=0.0135443437545
Iteration  642 | cost=0.00013317860496 | residual=0.0115403035071 | consensus=0 | error=0.0135443437545
Iteration  644 | cost=0.00013317860496 | residual=0.0115403035071 | consensus=0 | error=0.0135443437545
Iteration  646 | cost=0.000133178604959 | residual=0.0115403035071 | consensus=0 | error=0.0135443437545
Iteration  648 | cost=0.00013317860496 | residual=0.0115403035071 | consensus=0 | error=0.0135443437545
Iteration  650 | cost=0.00013317860496 | residual=0.0115403035071 | consensus=0 | error=0.0135443437545
Iteration  652 | cost=0.000133178604961 | residual=0.0115403035071 | consensus=0 | error=0.0135443437545
Iteration  654 | cost=0.000133178604961 | residual=0.0115403035071 | consensus=0 | error=0.0135443437545
Iteration  656 | cost=0.000133178604959 | residual=0.0115403035071 | consensus=0 | error=0.0135443437545
Iteration  658 | cost=0.00013317860496 | residual=0.0115403035071 | consensus=0 | error=0.0135443437545
Iteration  660 | cost=0.000133178604961 | residual=0.0115403035071 | consensus=0 | error=0.0135443437545
Iteration  662 | cost=0.000133178604961 | residual=0.0115403035071 | consensus=0 | error=0.0135443437545
Iteration  664 | cost=0.000133178604961 | residual=0.0115403035071 | consensus=0 | error=0.0135443437545
Iteration  666 | cost=0.00013317860496 | residual=0.0115403035071 | consensus=0 | error=0.0135443437545
Iteration  668 | cost=0.000133178604959 | residual=0.0115403035071 | consensus=0 | error=0.0135443437545
Iteration  670 | cost=0.00013317860496 | residual=0.0115403035071 | consensus=0 | error=0.0135443437545
Iteration  672 | cost=0.000133178604959 | residual=0.0115403035071 | consensus=0 | error=0.0135443437545
Iteration  674 | cost=0.00013317860496 | residual=0.0115403035071 | consensus=0 | error=0.0135443437545
Iteration  676 | cost=0.000133178604959 | residual=0.0115403035071 | consensus=0 | error=0.0135443437545
Iteration  678 | cost=0.00013317860496 | residual=0.0115403035071 | consensus=0 | error=0.0135443437545
Iteration  680 | cost=0.00013317860496 | residual=0.0115403035071 | consensus=0 | error=0.0135443437545
Iteration  682 | cost=0.000133178604959 | residual=0.0115403035071 | consensus=0 | error=0.0135443437545
Iteration  684 | cost=0.000133178604961 | residual=0.0115403035071 | consensus=0 | error=0.0135443437545
Iteration  686 | cost=0.00013317860496 | residual=0.0115403035071 | consensus=0 | error=0.0135443437545
Iteration  688 | cost=0.00013317860496 | residual=0.0115403035071 | consensus=0 | error=0.0135443437545
Iteration  690 | cost=0.000133178604961 | residual=0.0115403035071 | consensus=0 | error=0.0135443437545
Iteration  692 | cost=0.000133178604959 | residual=0.0115403035071 | consensus=0 | error=0.0135443437545
Iteration  694 | cost=0.00013317860496 | residual=0.0115403035071 | consensus=0 | error=0.0135443437545
Iteration  696 | cost=0.00013317860496 | residual=0.0115403035071 | consensus=0 | error=0.0135443437545
Iteration  698 | cost=0.00013317860496 | residual=0.0115403035071 | consensus=0 | error=0.0135443437545
Iteration  700 | cost=0.00013317860496 | residual=0.0115403035071 | consensus=0 | error=0.0135443437545
Iteration  702 | cost=0.000133178604959 | residual=0.0115403035071 | consensus=0 | error=0.0135443437545
Iteration  704 | cost=0.00013317860496 | residual=0.0115403035071 | consensus=0 | error=0.0135443437545
Iteration  706 | cost=0.000133178604959 | residual=0.0115403035071 | consensus=0 | error=0.0135443437545
Iteration  708 | cost=0.00013317860496 | residual=0.0115403035071 | consensus=0 | error=0.0135443437545
Iteration  710 | cost=0.00013317860496 | residual=0.0115403035071 | consensus=0 | error=0.0135443437545
Iteration  712 | cost=0.00013317860496 | residual=0.0115403035071 | consensus=0 | error=0.0135443437545
Iteration  714 | cost=0.00013317860496 | residual=0.0115403035071 | consensus=0 | error=0.0135443437545
Iteration  716 | cost=0.00013317860496 | residual=0.0115403035071 | consensus=0 | error=0.0135443437545
Iteration  718 | cost=0.000133178604961 | residual=0.0115403035071 | consensus=0 | error=0.0135443437545
Iteration  720 | cost=0.00013317860496 | residual=0.0115403035071 | consensus=0 | error=0.0135443437545
Iteration  722 | cost=0.000133178604961 | residual=0.0115403035071 | consensus=0 | error=0.0135443437545
Iteration  724 | cost=0.00013317860496 | residual=0.0115403035071 | consensus=0 | error=0.0135443437545
Iteration  726 | cost=0.00013317860496 | residual=0.0115403035071 | consensus=0 | error=0.0135443437545
Iteration  728 | cost=0.000133178604959 | residual=0.0115403035071 | consensus=0 | error=0.0135443437545
Iteration  730 | cost=0.000133178604959 | residual=0.0115403035071 | consensus=0 | error=0.0135443437545
Iteration  732 | cost=0.000133178604959 | residual=0.0115403035071 | consensus=0 | error=0.0135443437545
Iteration  734 | cost=0.00013317860496 | residual=0.0115403035071 | consensus=0 | error=0.0135443437545
Iteration  736 | cost=0.000133178604959 | residual=0.0115403035071 | consensus=0 | error=0.0135443437545
Iteration  738 | cost=0.000133178604959 | residual=0.0115403035071 | consensus=0 | error=0.0135443437545
Iteration  740 | cost=0.00013317860496 | residual=0.0115403035071 | consensus=0 | error=0.0135443437545
Iteration  742 | cost=0.000133178604959 | residual=0.0115403035071 | consensus=0 | error=0.0135443437545
Iteration  744 | cost=0.00013317860496 | residual=0.0115403035071 | consensus=0 | error=0.0135443437545
Iteration  746 | cost=0.00013317860496 | residual=0.0115403035071 | consensus=0 | error=0.0135443437545
Iteration  748 | cost=0.000133178604961 | residual=0.0115403035071 | consensus=0 | error=0.0135443437545
Iteration  750 | cost=0.00013317860496 | residual=0.0115403035071 | consensus=0 | error=0.0135443437545
Iteration  752 | cost=0.000133178604961 | residual=0.0115403035071 | consensus=0 | error=0.0135443437545
Iteration  754 | cost=0.00013317860496 | residual=0.0115403035071 | consensus=0 | error=0.0135443437545
Iteration  756 | cost=0.000133178604961 | residual=0.0115403035071 | consensus=0 | error=0.0135443437545
Iteration  758 | cost=0.000133178604959 | residual=0.0115403035071 | consensus=0 | error=0.0135443437545
Iteration  760 | cost=0.000133178604959 | residual=0.0115403035071 | consensus=0 | error=0.0135443437545
Iteration  762 | cost=0.00013317860496 | residual=0.0115403035071 | consensus=0 | error=0.0135443437545
Iteration  764 | cost=0.000133178604961 | residual=0.0115403035071 | consensus=0 | error=0.0135443437545
Iteration  766 | cost=0.00013317860496 | residual=0.0115403035071 | consensus=0 | error=0.0135443437545
Iteration  768 | cost=0.000133178604959 | residual=0.0115403035071 | consensus=0 | error=0.0135443437545
Iteration  770 | cost=0.000133178604959 | residual=0.0115403035071 | consensus=0 | error=0.0135443437545
Iteration  772 | cost=0.00013317860496 | residual=0.0115403035071 | consensus=0 | error=0.0135443437545
Iteration  774 | cost=0.00013317860496 | residual=0.0115403035071 | consensus=0 | error=0.0135443437545
Iteration  776 | cost=0.000133178604961 | residual=0.0115403035071 | consensus=0 | error=0.0135443437545
Iteration  778 | cost=0.00013317860496 | residual=0.0115403035071 | consensus=0 | error=0.0135443437545
Iteration  780 | cost=0.000133178604961 | residual=0.0115403035071 | consensus=0 | error=0.0135443437545
Iteration  782 | cost=0.00013317860496 | residual=0.0115403035071 | consensus=0 | error=0.0135443437545
Iteration  784 | cost=0.00013317860496 | residual=0.0115403035071 | consensus=0 | error=0.0135443437545
Iteration  786 | cost=0.000133178604961 | residual=0.0115403035071 | consensus=0 | error=0.0135443437545
Iteration  788 | cost=0.000133178604958 | residual=0.0115403035071 | consensus=0 | error=0.0135443437545
Iteration  790 | cost=0.00013317860496 | residual=0.0115403035071 | consensus=0 | error=0.0135443437545
Iteration  792 | cost=0.000133178604959 | residual=0.0115403035071 | consensus=0 | error=0.0135443437545
Iteration  794 | cost=0.000133178604961 | residual=0.0115403035071 | consensus=0 | error=0.0135443437545
Iteration  796 | cost=0.00013317860496 | residual=0.0115403035071 | consensus=0 | error=0.0135443437545
Iteration  798 | cost=0.000133178604959 | residual=0.0115403035071 | consensus=0 | error=0.0135443437545
Iteration  800 | cost=0.000133178604959 | residual=0.0115403035071 | consensus=0 | error=0.0135443437545
Iteration  802 | cost=0.00013317860496 | residual=0.0115403035071 | consensus=0 | error=0.0135443437545
Iteration  804 | cost=0.00013317860496 | residual=0.0115403035071 | consensus=0 | error=0.0135443437545
Iteration  806 | cost=0.000133178604961 | residual=0.0115403035071 | consensus=0 | error=0.0135443437545
Iteration  808 | cost=0.000133178604959 | residual=0.0115403035071 | consensus=0 | error=0.0135443437545
Iteration  810 | cost=0.00013317860496 | residual=0.0115403035071 | consensus=0 | error=0.0135443437545
Iteration  812 | cost=0.00013317860496 | residual=0.0115403035071 | consensus=0 | error=0.0135443437545
Iteration  814 | cost=0.000133178604959 | residual=0.0115403035071 | consensus=0 | error=0.0135443437545
Iteration  816 | cost=0.00013317860496 | residual=0.0115403035071 | consensus=0 | error=0.0135443437545
Iteration  818 | cost=0.00013317860496 | residual=0.0115403035071 | consensus=0 | error=0.0135443437545
Iteration  820 | cost=0.000133178604961 | residual=0.0115403035071 | consensus=0 | error=0.0135443437545
Iteration  822 | cost=0.000133178604959 | residual=0.0115403035071 | consensus=0 | error=0.0135443437545
Iteration  824 | cost=0.000133178604959 | residual=0.0115403035071 | consensus=0 | error=0.0135443437545
Iteration  826 | cost=0.000133178604959 | residual=0.0115403035071 | consensus=0 | error=0.0135443437545
Iteration  828 | cost=0.00013317860496 | residual=0.0115403035071 | consensus=0 | error=0.0135443437545
Iteration  830 | cost=0.00013317860496 | residual=0.0115403035071 | consensus=0 | error=0.0135443437545
Iteration  832 | cost=0.000133178604959 | residual=0.0115403035071 | consensus=0 | error=0.0135443437545
Iteration  834 | cost=0.00013317860496 | residual=0.0115403035071 | consensus=0 | error=0.0135443437545
Iteration  836 | cost=0.000133178604961 | residual=0.0115403035071 | consensus=0 | error=0.0135443437545
Iteration  838 | cost=0.00013317860496 | residual=0.0115403035071 | consensus=0 | error=0.0135443437545
Iteration  840 | cost=0.00013317860496 | residual=0.0115403035071 | consensus=0 | error=0.0135443437545
Iteration  842 | cost=0.00013317860496 | residual=0.0115403035071 | consensus=0 | error=0.0135443437545
Iteration  844 | cost=0.000133178604959 | residual=0.0115403035071 | consensus=0 | error=0.0135443437545
Iteration  846 | cost=0.000133178604958 | residual=0.0115403035071 | consensus=0 | error=0.0135443437545
Iteration  848 | cost=0.00013317860496 | residual=0.0115403035071 | consensus=0 | error=0.0135443437545
Iteration  850 | cost=0.000133178604959 | residual=0.0115403035071 | consensus=0 | error=0.0135443437545
Iteration  852 | cost=0.000133178604959 | residual=0.0115403035071 | consensus=0 | error=0.0135443437545
Iteration  854 | cost=0.00013317860496 | residual=0.0115403035071 | consensus=0 | error=0.0135443437545
Iteration  856 | cost=0.00013317860496 | residual=0.0115403035071 | consensus=0 | error=0.0135443437545
Iteration  858 | cost=0.00013317860496 | residual=0.0115403035071 | consensus=0 | error=0.0135443437545
Iteration  860 | cost=0.000133178604961 | residual=0.0115403035071 | consensus=0 | error=0.0135443437545
Iteration  862 | cost=0.000133178604961 | residual=0.0115403035071 | consensus=0 | error=0.0135443437545
Iteration  864 | cost=0.00013317860496 | residual=0.0115403035071 | consensus=0 | error=0.0135443437545
Iteration  866 | cost=0.00013317860496 | residual=0.0115403035071 | consensus=0 | error=0.0135443437545
Iteration  868 | cost=0.000133178604959 | residual=0.0115403035071 | consensus=0 | error=0.0135443437545
Iteration  870 | cost=0.000133178604959 | residual=0.0115403035071 | consensus=0 | error=0.0135443437545
Iteration  872 | cost=0.00013317860496 | residual=0.0115403035071 | consensus=0 | error=0.0135443437545
Iteration  874 | cost=0.000133178604961 | residual=0.0115403035071 | consensus=0 | error=0.0135443437545
Iteration  876 | cost=0.000133178604961 | residual=0.0115403035071 | consensus=0 | error=0.0135443437545
Iteration  878 | cost=0.000133178604962 | residual=0.0115403035071 | consensus=0 | error=0.0135443437545
Iteration  880 | cost=0.00013317860496 | residual=0.0115403035071 | consensus=0 | error=0.0135443437545
Iteration  882 | cost=0.00013317860496 | residual=0.0115403035071 | consensus=0 | error=0.0135443437545
Iteration  884 | cost=0.000133178604961 | residual=0.0115403035071 | consensus=0 | error=0.0135443437545
Iteration  886 | cost=0.000133178604961 | residual=0.0115403035071 | consensus=0 | error=0.0135443437545
Iteration  888 | cost=0.00013317860496 | residual=0.0115403035071 | consensus=0 | error=0.0135443437545
Iteration  890 | cost=0.000133178604959 | residual=0.0115403035071 | consensus=0 | error=0.0135443437545
Iteration  892 | cost=0.000133178604961 | residual=0.0115403035071 | consensus=0 | error=0.0135443437545
Iteration  894 | cost=0.00013317860496 | residual=0.0115403035071 | consensus=0 | error=0.0135443437545
Iteration  896 | cost=0.000133178604961 | residual=0.0115403035071 | consensus=0 | error=0.0135443437545
Iteration  898 | cost=0.00013317860496 | residual=0.0115403035071 | consensus=0 | error=0.0135443437545
Iteration  900 | cost=0.00013317860496 | residual=0.0115403035071 | consensus=0 | error=0.0135443437545
Iteration  902 | cost=0.000133178604959 | residual=0.0115403035071 | consensus=0 | error=0.0135443437545
Iteration  904 | cost=0.000133178604959 | residual=0.0115403035071 | consensus=0 | error=0.0135443437545
Iteration  906 | cost=0.00013317860496 | residual=0.0115403035071 | consensus=0 | error=0.0135443437545
Iteration  908 | cost=0.00013317860496 | residual=0.0115403035071 | consensus=0 | error=0.0135443437545
Iteration  910 | cost=0.000133178604959 | residual=0.0115403035071 | consensus=0 | error=0.0135443437545
Iteration  912 | cost=0.00013317860496 | residual=0.0115403035072 | consensus=0 | error=0.0135443437545
Iteration  914 | cost=0.00013317860496 | residual=0.0115403035071 | consensus=0 | error=0.0135443437545
Iteration  916 | cost=0.000133178604961 | residual=0.0115403035071 | consensus=0 | error=0.0135443437545
Iteration  918 | cost=0.00013317860496 | residual=0.0115403035071 | consensus=0 | error=0.0135443437545
Iteration  920 | cost=0.000133178604959 | residual=0.0115403035071 | consensus=0 | error=0.0135443437545
Iteration  922 | cost=0.000133178604961 | residual=0.0115403035071 | consensus=0 | error=0.0135443437545
Iteration  924 | cost=0.00013317860496 | residual=0.0115403035071 | consensus=0 | error=0.0135443437545
Iteration  926 | cost=0.000133178604961 | residual=0.0115403035071 | consensus=0 | error=0.0135443437545
Iteration  928 | cost=0.00013317860496 | residual=0.0115403035071 | consensus=0 | error=0.0135443437545
Iteration  930 | cost=0.00013317860496 | residual=0.0115403035071 | consensus=0 | error=0.0135443437545
Iteration  932 | cost=0.00013317860496 | residual=0.0115403035071 | consensus=0 | error=0.0135443437545
Iteration  934 | cost=0.00013317860496 | residual=0.0115403035071 | consensus=0 | error=0.0135443437545
Iteration  936 | cost=0.000133178604961 | residual=0.0115403035071 | consensus=0 | error=0.0135443437545
Iteration  938 | cost=0.00013317860496 | residual=0.0115403035071 | consensus=0 | error=0.0135443437545
Iteration  940 | cost=0.000133178604959 | residual=0.0115403035071 | consensus=0 | error=0.0135443437545
Iteration  942 | cost=0.000133178604963 | residual=0.0115403035072 | consensus=0 | error=0.0135443437545
Iteration  944 | cost=0.00013317860496 | residual=0.0115403035071 | consensus=0 | error=0.0135443437545
Iteration  946 | cost=0.000133178604961 | residual=0.0115403035071 | consensus=0 | error=0.0135443437545
Iteration  948 | cost=0.000133178604962 | residual=0.0115403035072 | consensus=0 | error=0.0135443437545
Iteration  950 | cost=0.000133178604959 | residual=0.0115403035072 | consensus=0 | error=0.0135443437545
Iteration  952 | cost=0.00013317860496 | residual=0.0115403035071 | consensus=0 | error=0.0135443437545
Iteration  954 | cost=0.000133178604961 | residual=0.0115403035071 | consensus=0 | error=0.0135443437545
Iteration  956 | cost=0.000133178604961 | residual=0.0115403035071 | consensus=0 | error=0.0135443437545
Iteration  958 | cost=0.000133178604959 | residual=0.0115403035071 | consensus=0 | error=0.0135443437545
Iteration  960 | cost=0.00013317860496 | residual=0.0115403035071 | consensus=0 | error=0.0135443437545
Iteration  962 | cost=0.000133178604961 | residual=0.0115403035071 | consensus=0 | error=0.0135443437545
Iteration  964 | cost=0.00013317860496 | residual=0.0115403035071 | consensus=0 | error=0.0135443437545
Iteration  966 | cost=0.00013317860496 | residual=0.0115403035071 | consensus=0 | error=0.0135443437545
Iteration  968 | cost=0.00013317860496 | residual=0.0115403035071 | consensus=0 | error=0.0135443437545
Iteration  970 | cost=0.000133178604959 | residual=0.0115403035071 | consensus=0 | error=0.0135443437545
Iteration  972 | cost=0.00013317860496 | residual=0.0115403035071 | consensus=0 | error=0.0135443437545
Iteration  974 | cost=0.000133178604959 | residual=0.0115403035071 | consensus=0 | error=0.0135443437545
Iteration  976 | cost=0.00013317860496 | residual=0.0115403035071 | consensus=0 | error=0.0135443437545
Iteration  978 | cost=0.000133178604959 | residual=0.0115403035071 | consensus=0 | error=0.0135443437545
Iteration  980 | cost=0.000133178604961 | residual=0.0115403035071 | consensus=0 | error=0.0135443437545
Iteration  982 | cost=0.000133178604961 | residual=0.0115403035071 | consensus=0 | error=0.0135443437545
Iteration  984 | cost=0.00013317860496 | residual=0.0115403035071 | consensus=0 | error=0.0135443437545
Iteration  986 | cost=0.00013317860496 | residual=0.0115403035071 | consensus=0 | error=0.0135443437545
Iteration  988 | cost=0.00013317860496 | residual=0.0115403035071 | consensus=0 | error=0.0135443437545
Iteration  990 | cost=0.00013317860496 | residual=0.0115403035071 | consensus=0 | error=0.0135443437545
Iteration  992 | cost=0.00013317860496 | residual=0.0115403035071 | consensus=0 | error=0.0135443437545
Iteration  994 | cost=0.00013317860496 | residual=0.0115403035071 | consensus=0 | error=0.0135443437545
Iteration  996 | cost=0.00013317860496 | residual=0.0115403035071 | consensus=0 | error=0.0135443437545
Iteration  998 | cost=0.00013317860496 | residual=0.0115403035071 | consensus=0 | error=0.0135443437545
Iteration 1000 | cost=0.00013317860496 | residual=0.0115403035071 | consensus=0 | error=0.0135443437545
Wrote JSON report to /gpfs/home/tonshen/Seawulf_simulation/MPS_simulation/dist/10qubits/partition_compare/runs/20260319_partition_compare_laptoppath_uniformsmall_blocknorm_seed12_iter1000_r2/partition_1x1_seed=2/optimize.json
Wrote markdown report to /gpfs/home/tonshen/Seawulf_simulation/MPS_simulation/dist/10qubits/partition_compare/runs/20260319_partition_compare_laptoppath_uniformsmall_blocknorm_seed12_iter1000_r2/partition_1x1_seed=2/optimize_report.md
Wrote run summary to /gpfs/home/tonshen/Seawulf_simulation/MPS_simulation/dist/10qubits/partition_compare/runs/20260319_partition_compare_laptoppath_uniformsmall_blocknorm_seed12_iter1000_r2/partition_1x1_seed=2/run_summary.json
