Running: /gpfs/home/tonshen/.conda/envs/MPS/bin/python /gpfs/home/tonshen/Seawulf_simulation/MPS_simulation/dist/10qubits/partition_compare/partition_compare_optimize.py --config /gpfs/home/tonshen/Seawulf_simulation/MPS_simulation/dist/10qubits/partition_compare/param.yaml --case partition_4x4 --out-dir /gpfs/home/tonshen/Seawulf_simulation/MPS_simulation/dist/10qubits/partition_compare/runs/20260319_partition_compare_laptoppath_uniformsmall_blocknorm_seed12_iter1000_r2/partition_4x4_seed=1 --iterations 1000 --report-every 2 --init-seed 1
Preparing partition-compare case `partition_4x4`.
Iteration    0 | cost=0.923474511958 | residual=0.0551280220915 | consensus=0.32707820654 | error=0.0681603031968
Iteration    2 | cost=0.308714479532 | residual=0.059341852912 | consensus=0.147209022007 | error=0.0748825641182
Iteration    4 | cost=0.178672069769 | residual=0.090359411758 | consensus=0.0924833368993 | error=0.109176667787
Iteration    6 | cost=0.170542788809 | residual=0.137739627591 | consensus=0.0672501751767 | error=0.156107385988
Iteration    8 | cost=0.143253607636 | residual=0.178443614694 | consensus=0.0573058625293 | error=0.19455499951
Iteration   10 | cost=0.110900085986 | residual=0.209481739749 | consensus=0.0587298516532 | error=0.223295495691
Iteration   12 | cost=0.0880154929849 | residual=0.233115583444 | consensus=0.065068404128 | error=0.245480793522
Iteration   14 | cost=0.0610700054386 | residual=0.25179356647 | consensus=0.0721803961156 | error=0.263672496137
Iteration   16 | cost=0.0384215518758 | residual=0.266818876988 | consensus=0.077423946665 | error=0.278903549533
Iteration   18 | cost=0.0302275353529 | residual=0.27854711068 | consensus=0.0796524665408 | error=0.291155565324
Iteration   20 | cost=0.0338410988548 | residual=0.286930502403 | consensus=0.0788715020898 | error=0.300100135576
Iteration   22 | cost=0.0414790495994 | residual=0.291789717135 | consensus=0.0754877577485 | error=0.305391606685
Iteration   24 | cost=0.0423156290589 | residual=0.292911119069 | consensus=0.0703308240809 | error=0.306696453688
Iteration   26 | cost=0.0357860221205 | residual=0.29008251769 | consensus=0.0642180995352 | error=0.303698977744
Iteration   28 | cost=0.0296669349557 | residual=0.283141756983 | consensus=0.0577606780506 | error=0.296169120887
Iteration   30 | cost=0.0259827935789 | residual=0.2720376712 | consensus=0.0513615596508 | error=0.284058028696
Iteration   32 | cost=0.0230071163572 | residual=0.256942789909 | consensus=0.045372706604 | error=0.267654009364
Iteration   34 | cost=0.0198904499872 | residual=0.23827955897 | consensus=0.040521057093 | error=0.24761625609
Iteration   36 | cost=0.0166329114493 | residual=0.216625786625 | consensus=0.0380759197683 | error=0.224830159915
Iteration   38 | cost=0.0139566792108 | residual=0.192664196449 | consensus=0.0391461109101 | error=0.200254537129
Iteration   40 | cost=0.0111192487697 | residual=0.167294103983 | consensus=0.0433269682605 | error=0.174922139523
Iteration   42 | cost=0.00832756433863 | residual=0.141812287336 | consensus=0.0490885331285 | error=0.15008170675
Iteration   44 | cost=0.00736074660081 | residual=0.117822103652 | consensus=0.05490040265 | error=0.127138347261
Iteration   46 | cost=0.00763440856035 | residual=0.096796826989 | consensus=0.059658438211 | error=0.107278144578
Iteration   48 | cost=0.0075919287937 | residual=0.0795878737825 | consensus=0.0628056294234 | error=0.0910436949604
Iteration   50 | cost=0.00698169307905 | residual=0.0662843736594 | consensus=0.0641591521263 | error=0.0782811071595
Iteration   52 | cost=0.00630432431646 | residual=0.0565284123213 | consensus=0.06377414004 | error=0.0685529803692
Iteration   54 | cost=0.0057240623622 | residual=0.0498143826812 | consensus=0.0619144190372 | error=0.061454657647
Iteration   56 | cost=0.00499557468492 | residual=0.0455187292107 | consensus=0.0590449394548 | error=0.0565472353288
Iteration   58 | cost=0.00434163072235 | residual=0.0429996877638 | consensus=0.0555626554254 | error=0.0533650808821
Iteration   60 | cost=0.00364965594414 | residual=0.0418040631918 | consensus=0.0515723244891 | error=0.0516032453606
Iteration   62 | cost=0.00269004179695 | residual=0.0417196534915 | consensus=0.0471211215269 | error=0.051157540215
Iteration   64 | cost=0.00180443309278 | residual=0.0426426990619 | consensus=0.0424929380893 | error=0.0519532578727
Iteration   66 | cost=0.00127408326616 | residual=0.0443178826736 | consensus=0.038196866668 | error=0.0536690663547
Iteration   68 | cost=0.00102736734083 | residual=0.0463102158617 | consensus=0.0346661785442 | error=0.0557631689926
Iteration   70 | cost=0.000856807585051 | residual=0.0481321571905 | consensus=0.0320691629318 | error=0.0576564711244
Iteration   72 | cost=0.000752095825575 | residual=0.0493310551202 | consensus=0.0303572521459 | error=0.0588349569017
Iteration   74 | cost=0.000721293501854 | residual=0.0496462408631 | consensus=0.02919698963 | error=0.0590024243223
Iteration   76 | cost=0.000735157084933 | residual=0.0491371792949 | consensus=0.0281675557219 | error=0.0582183962709
Iteration   78 | cost=0.000770879309238 | residual=0.0480689849038 | consensus=0.0272129086655 | error=0.0567939441269
Iteration   80 | cost=0.000776368544711 | residual=0.0466832407786 | consensus=0.0265697990107 | error=0.0550459699593
Iteration   82 | cost=0.000722241290533 | residual=0.0451176706707 | consensus=0.0262886777503 | error=0.0531848835966
Iteration   84 | cost=0.000616812123383 | residual=0.0434324976225 | consensus=0.0262066035044 | error=0.0513083430521
Iteration   86 | cost=0.000516868274472 | residual=0.0416266043119 | consensus=0.0261743701232 | error=0.0493979180738
Iteration   88 | cost=0.000440437997127 | residual=0.0396517362639 | consensus=0.0260165457349 | error=0.0473483600256
Iteration   90 | cost=0.000382889594397 | residual=0.0374446401326 | consensus=0.0255387533778 | error=0.045044777623
Iteration   92 | cost=0.000337920825026 | residual=0.0349619442955 | consensus=0.0247225473143 | error=0.0424216189815
Iteration   94 | cost=0.000305643002916 | residual=0.0322327772357 | consensus=0.023698563348 | error=0.039501187635
Iteration   96 | cost=0.000286644131241 | residual=0.0294275142424 | consensus=0.022619450753 | error=0.0364507081542
Iteration   98 | cost=0.000284613264902 | residual=0.0268689905168 | consensus=0.0216885175827 | error=0.0335958279248
Iteration  100 | cost=0.000286239887076 | residual=0.0249445309153 | consensus=0.0211427287916 | error=0.0313322637983
Iteration  102 | cost=0.000280382210535 | residual=0.0239446800414 | consensus=0.0210889812956 | error=0.0299709708968
Iteration  104 | cost=0.00027134597762 | residual=0.0238772143272 | consensus=0.0214234073913 | error=0.0295661369309
Iteration  106 | cost=0.000261100884099 | residual=0.0244025582894 | consensus=0.0218866658779 | error=0.0298331889794
Iteration  108 | cost=0.000246931918693 | residual=0.0249952976255 | consensus=0.0221626529308 | error=0.0302656648983
Iteration  110 | cost=0.000229819674261 | residual=0.0251744780846 | consensus=0.0219750170126 | error=0.0303508869475
Iteration  112 | cost=0.00021032573682 | residual=0.0246534907564 | consensus=0.0211512932986 | error=0.0297450507316
Iteration  114 | cost=0.000191021202471 | residual=0.0233920665295 | consensus=0.0196843699696 | error=0.0283552330336
Iteration  116 | cost=0.000175996375373 | residual=0.021582055947 | consensus=0.0177678549622 | error=0.0263428743812
Iteration  118 | cost=0.000165208704463 | residual=0.0196090937722 | consensus=0.0157834782009 | error=0.0240905129928
Iteration  120 | cost=0.000157255314004 | residual=0.0179789857749 | consensus=0.0142344574734 | error=0.0221277866713
Iteration  122 | cost=0.000152547888542 | residual=0.0171446616126 | consensus=0.0135440558178 | error=0.0209662986168
Iteration  124 | cost=0.000151079954336 | residual=0.0172473623013 | consensus=0.013762098279 | error=0.0208384992013
Iteration  126 | cost=0.000151834416797 | residual=0.0180127348314 | consensus=0.0145163277002 | error=0.0215361416886
Iteration  128 | cost=0.000153112241519 | residual=0.0189586702113 | consensus=0.0152955046075 | error=0.0225625298455
Iteration  130 | cost=0.000153508077591 | residual=0.0196624424576 | consensus=0.0157072144515 | error=0.0234234282327
Iteration  132 | cost=0.000152479882324 | residual=0.0198732313493 | consensus=0.0155555022219 | error=0.0237893694553
Iteration  134 | cost=0.000150012993077 | residual=0.0195172506472 | consensus=0.0148238605961 | error=0.0235260938998
Iteration  136 | cost=0.000145900122317 | residual=0.0186719630954 | consensus=0.0136436930077 | error=0.02267437075
Iteration  138 | cost=0.000140474454808 | residual=0.0175313889649 | consensus=0.0122679604815 | error=0.0214156320234
Iteration  140 | cost=0.000134681239219 | residual=0.0163634705441 | consensus=0.0110366788314 | error=0.0200320661835
Iteration  142 | cost=0.000129625378957 | residual=0.0154467022844 | consensus=0.0102858944738 | error=0.0188478067219
Iteration  144 | cost=0.000126139447038 | residual=0.0149759228804 | consensus=0.0101720284011 | error=0.0181316177544
Iteration  146 | cost=0.000124540598269 | residual=0.0149762451107 | consensus=0.0105583511035 | error=0.0179840539961
Iteration  148 | cost=0.000124677959291 | residual=0.0153037900662 | consensus=0.0111327129873 | error=0.0182952545873
Iteration  150 | cost=0.000126090426048 | residual=0.0157372107843 | consensus=0.0116099317662 | error=0.0188188071687
Iteration  152 | cost=0.000127931908873 | residual=0.0160741086954 | consensus=0.0118192274629 | error=0.0192896775951
Iteration  154 | cost=0.000129240509556 | residual=0.0161779036163 | consensus=0.0116944577112 | error=0.0195033959934
Iteration  156 | cost=0.000129308491897 | residual=0.0159860567528 | consensus=0.0112461734057 | error=0.0193460828222
Iteration  158 | cost=0.000127858964756 | residual=0.0155052358574 | consensus=0.010544351352 | error=0.0187993490776
Iteration  160 | cost=0.00012512296946 | residual=0.0148063715625 | consensus=0.0097057781728 | error=0.0179380014445
Iteration  162 | cost=0.000121718255904 | residual=0.014018449384 | consensus=0.00887904034267 | error=0.016922725974
Iteration  164 | cost=0.00011848440545 | residual=0.0133120675673 | consensus=0.00822397503229 | error=0.0159790770411
Iteration  166 | cost=0.000116237104331 | residual=0.0128605550213 | consensus=0.00787617020283 | error=0.0153461165814
Iteration  168 | cost=0.00011546212309 | residual=0.0127740257246 | consensus=0.00789225265 | error=0.0151844635808
Iteration  170 | cost=0.000116139191982 | residual=0.0130368821748 | consensus=0.00820967774337 | error=0.0154851336364
Iteration  172 | cost=0.000117766399889 | residual=0.0135049005392 | consensus=0.00866593187988 | error=0.0160633004434
Iteration  174 | cost=0.000119542563394 | residual=0.0139695930341 | consensus=0.0090632764165 | error=0.0166490378073
Iteration  176 | cost=0.000120650894325 | residual=0.014237238222 | consensus=0.00922888217705 | error=0.0169950566223
Iteration  178 | cost=0.000120540886366 | residual=0.0141830941857 | consensus=0.00904939117295 | error=0.0169450806735
Iteration  180 | cost=0.000119122507212 | residual=0.0137792519556 | consensus=0.00848921981892 | error=0.0164648294854
Iteration  182 | cost=0.000116799512009 | residual=0.013105341915 | consensus=0.00760554563369 | error=0.0156513981264
Iteration  184 | cost=0.000114302764849 | residual=0.0123428341893 | consensus=0.00656954626335 | error=0.01472409483
Iteration  186 | cost=0.000112406295139 | residual=0.0117373695788 | consensus=0.00569132238281 | error=0.0139789382911
Iteration  188 | cost=0.000111634557804 | residual=0.0115050338752 | consensus=0.00535978455255 | error=0.0136775257282
Iteration  190 | cost=0.000112073987093 | residual=0.0117066972067 | consensus=0.00573025412829 | error=0.0138969094891
Iteration  192 | cost=0.000113363741922 | residual=0.0122021424005 | consensus=0.00651551338367 | error=0.0144730842403
Iteration  194 | cost=0.000114853059375 | residual=0.0127404212594 | consensus=0.00729000238374 | error=0.0151080766002
Iteration  196 | cost=0.000115863900055 | residual=0.013088051625 | consensus=0.00774729936605 | error=0.0155236411319
Iteration  198 | cost=0.000115950019761 | residual=0.0131052081551 | consensus=0.00772653603617 | error=0.0155523621826
Iteration  200 | cost=0.000115049756148 | residual=0.0127709342922 | consensus=0.0071904772616 | error=0.0151671015475
Iteration  202 | cost=0.000113483350236 | residual=0.0121819469676 | consensus=0.00621729867167 | error=0.0144788579488
Iteration  204 | cost=0.00011180373377 | residual=0.0115313093236 | consensus=0.00501728053341 | error=0.0137113053088
Iteration  206 | cost=0.000110569193568 | residual=0.0110531729473 | consensus=0.0039928027342 | error=0.0131368785524
Iteration  208 | cost=0.000110130219396 | residual=0.0109217206866 | consensus=0.00371603927946 | error=0.012960968933
Iteration  210 | cost=0.000110511825067 | residual=0.011150059104 | consensus=0.00432461841836 | error=0.0132047647485
Iteration  212 | cost=0.000111430710485 | residual=0.0115863751803 | consensus=0.00527156759902 | error=0.013697208821
Iteration  214 | cost=0.000112428528592 | residual=0.0120137435708 | consensus=0.00606114271654 | error=0.0141876155981
Iteration  216 | cost=0.00011306009269 | residual=0.0122541799764 | consensus=0.00644422580086 | error=0.0144671549871
Iteration  218 | cost=0.000113059761465 | residual=0.012220397431 | consensus=0.00632920541022 | error=0.0144311259633
Iteration  220 | cost=0.000112425137891 | residual=0.0119261135135 | consensus=0.00573411108416 | error=0.0140922868442
Iteration  222 | cost=0.000111394345106 | residual=0.0114735294175 | consensus=0.00477467913263 | error=0.0135668308611
Iteration  224 | cost=0.000110334262818 | residual=0.0110214326611 | consensus=0.00368423697815 | error=0.0130376720048
Iteration  226 | cost=0.000109590119538 | residual=0.010729250517 | consensus=0.00288738822862 | error=0.0126900832047
Iteration  228 | cost=0.000109357739732 | residual=0.0106863154301 | consensus=0.00289651039421 | error=0.0126300573698
Iteration  230 | cost=0.000109624996177 | residual=0.0108682372487 | consensus=0.00358590845295 | error=0.0128327133541
Iteration  232 | cost=0.000110197565955 | residual=0.0111594016278 | consensus=0.00438725005508 | error=0.0131661504495
Iteration  234 | cost=0.000110790150243 | residual=0.0114202626739 | consensus=0.00495765941074 | error=0.0134682868303
Iteration  236 | cost=0.000111141682532 | residual=0.0115465450175 | consensus=0.00515771231398 | error=0.0136161882275
Iteration  238 | cost=0.000111108936749 | residual=0.0114970618186 | consensus=0.0049599344901 | error=0.0135596443027
Iteration  240 | cost=0.000110706533833 | residual=0.0112957575475 | consensus=0.00441551365046 | error=0.0133245452819
Iteration  242 | cost=0.00011008484701 | residual=0.0110170935752 | consensus=0.00364733189624 | error=0.0129965243424
Iteration  244 | cost=0.000109460861291 | residual=0.0107587794138 | consensus=0.00286679068212 | error=0.0126896071404
Iteration  246 | cost=0.000109032242615 | residual=0.0106056171986 | consensus=0.00240113807493 | error=0.0125041281194
Iteration  248 | cost=0.000108907442096 | residual=0.010595935578 | consensus=0.00251097452353 | error=0.0124869806322
Iteration  250 | cost=0.000109075247773 | residual=0.0107086571046 | consensus=0.00300993445457 | error=0.012615327348
Iteration  252 | cost=0.00010942038138 | residual=0.0108791580152 | consensus=0.00354346506759 | error=0.0128141147837
Iteration  254 | cost=0.000109774729835 | residual=0.0110314286719 | consensus=0.00390570465216 | error=0.0129935454276
Iteration  256 | cost=0.000109982518921 | residual=0.0111069541684 | consensus=0.00401333981657 | error=0.0130834867676
Iteration  258 | cost=0.000109955176904 | residual=0.0110804747438 | consensus=0.00385461395682 | error=0.0130527339432
Iteration  260 | cost=0.000109697616426 | residual=0.0109628607079 | consensus=0.00346792687159 | error=0.0129130314549
Iteration  262 | cost=0.000109299078175 | residual=0.0107942068984 | consensus=0.00293644314846 | error=0.012711368221
Iteration  264 | cost=0.000108894409866 | residual=0.0106295400429 | consensus=0.00239597884024 | error=0.0125132737991
Iteration  266 | cost=0.000108611547335 | residual=0.0105198028395 | consensus=0.00204442868614 | error=0.0123801385994
Iteration  268 | cost=0.0001085249499 | residual=0.0104934620117 | consensus=0.002052608169 | error=0.0123468633657
Iteration  270 | cost=0.000108631629548 | residual=0.0105465361032 | consensus=0.00235733851006 | error=0.0124093529004
Iteration  272 | cost=0.000108857339567 | residual=0.0106462552845 | consensus=0.00274165764282 | error=0.0125285029885
Iteration  274 | cost=0.000109088988319 | residual=0.0107460040283 | consensus=0.00304118493506 | error=0.0126481064856
Iteration  276 | cost=0.000109219796657 | residual=0.0108035602699 | consensus=0.0031701353239 | error=0.0127169895566
Iteration  278 | cost=0.000109189569643 | residual=0.0107952961007 | consensus=0.00309568906163 | error=0.0127063468958
Iteration  280 | cost=0.000109005348302 | residual=0.0107228306972 | consensus=0.00282467129806 | error=0.0126179410278
Iteration  282 | cost=0.000108738585549 | residual=0.0106114198861 | consensus=0.00240210217415 | error=0.0124822768422
Iteration  284 | cost=0.000108530079483 | residual=0.0105006449588 | consensus=0.00192494901144 | error=0.0123473965324
Iteration  286 | cost=0.00010887633561 | residual=0.0104295045263 | consensus=0.00160746556856 | error=0.0122607793842
Iteration  288 | cost=0.00011343516688 | residual=0.0104207997439 | consensus=0.00200265820061 | error=0.0122502491282
Iteration  290 | cost=0.00013522732446 | residual=0.0104711743468 | consensus=0.00406560349486 | error=0.0123115442145
Iteration  292 | cost=0.000122400538673 | residual=0.0105519773979 | consensus=0.00622687590493 | error=0.0124098442714
Iteration  294 | cost=0.000109449332523 | residual=0.0106309854542 | consensus=0.00387808437533 | error=0.0125057801081
Iteration  296 | cost=0.000110350811838 | residual=0.0106705969504 | consensus=0.00287525522132 | error=0.0125536796985
Iteration  298 | cost=0.0001086849398 | residual=0.0106551425664 | consensus=0.00272121262817 | error=0.0125346077871
Iteration  300 | cost=0.000108613013974 | residual=0.0105904589342 | consensus=0.00226660389314 | error=0.0124553732931
Iteration  302 | cost=0.000108311709951 | residual=0.0105011882479 | consensus=0.0018602790847 | error=0.0123466686473
Iteration  304 | cost=0.000108144782401 | residual=0.010420310592 | consensus=0.0013580025765 | error=0.0122480449336
Iteration  306 | cost=0.000108068796567 | residual=0.0103765409151 | consensus=0.00103923894403 | error=0.0121948606918
Iteration  308 | cost=0.00010808285097 | residual=0.010381092822 | consensus=0.00112443738662 | error=0.0122004401687
Iteration  310 | cost=0.000108171455681 | residual=0.0104248110518 | consensus=0.00149142014666 | error=0.0122535560074
Iteration  312 | cost=0.000108274733113 | residual=0.0104830778475 | consensus=0.00185890355361 | error=0.0123240858976
Iteration  314 | cost=0.000108341462844 | residual=0.0105276807397 | consensus=0.00209403334985 | error=0.012377640446
Iteration  316 | cost=0.000108335651793 | residual=0.0105388809833 | consensus=0.00214308845944 | error=0.0123902624578
Iteration  318 | cost=0.000108256562649 | residual=0.0105124027813 | consensus=0.0019979157965 | error=0.0123569266486
Iteration  320 | cost=0.000108133420407 | residual=0.0104599714706 | consensus=0.00168348777917 | error=0.0122921275485
Iteration  322 | cost=0.000108011143971 | residual=0.0104034264564 | consensus=0.00126209454094 | error=0.0122227081893
Iteration  324 | cost=0.000107930384917 | residual=0.0103650746526 | consensus=0.000861679604364 | error=0.012176017199
Iteration  326 | cost=0.000107911086629 | residual=0.0103581757481 | consensus=0.000751048911567 | error=0.0121682235836
Iteration  328 | cost=0.00010794605423 | residual=0.010381804898 | consensus=0.00101904983786 | error=0.0121980055117
Iteration  330 | cost=0.000108006621408 | residual=0.0104223186979 | consensus=0.00137035274625 | error=0.012248381415
Iteration  332 | cost=0.000108056400195 | residual=0.0104602906775 | consensus=0.00163277122167 | error=0.0122953048696
Iteration  334 | cost=0.000108067139937 | residual=0.0104791237361 | consensus=0.0017443540327 | error=0.0123183050796
Iteration  336 | cost=0.00010802962842 | residual=0.0104714931052 | consensus=0.00168852862584 | error=0.0123084312202
Iteration  338 | cost=0.000107955661381 | residual=0.0104413795367 | consensus=0.00147853574834 | error=0.0122707471209
Iteration  340 | cost=0.000107871128163 | residual=0.0104014620958 | consensus=0.00115502321114 | error=0.0122210890637
Iteration  342 | cost=0.000107803902595 | residual=0.0103672604161 | consensus=0.000797884612905 | error=0.012178779331
Iteration  344 | cost=0.000107772076084 | residual=0.0103505223052 | consensus=0.000585049462668 | error=0.0121583782614
Iteration  346 | cost=0.000107777396667 | residual=0.0103546579081 | consensus=0.00071464581126 | error=0.0121639818093
Iteration  348 | cost=0.000107806124066 | residual=0.01037411131 | consensus=0.00100212520469 | error=0.0121884637434
Iteration  350 | cost=0.00010783624886 | residual=0.0103976428873 | consensus=0.00125015441138 | error=0.0122176404118
Iteration  352 | cost=0.000107847464158 | residual=0.010413660219 | consensus=0.00138699859609 | error=0.0122370005761
Iteration  354 | cost=0.000107829467942 | residual=0.0104150668173 | consensus=0.00138970053529 | error=0.0122377987776
Iteration  356 | cost=0.000107785296894 | residual=0.0104017125944 | consensus=0.0012619086575 | error=0.0122200994142
Iteration  358 | cost=0.0001077287644 | residual=0.010379770477 | consensus=0.00102923156434 | error=0.0121919281658
Iteration  360 | cost=0.000107677631119 | residual=0.0103585946115 | consensus=0.000743349512136 | error=0.0121652375311
Iteration  362 | cost=0.000107645768511 | residual=0.0103465154997 | consensus=0.000512654739458 | error=0.0121505375423
Iteration  364 | cost=0.000107637693227 | residual=0.0103473825922 | consensus=0.000523113411791 | error=0.0121525091858
Iteration  366 | cost=0.000107647550691 | residual=0.0103592874646 | consensus=0.000732199799745 | error=0.0121684407155
Iteration  368 | cost=0.000107662564335 | residual=0.0103758614507 | consensus=0.000949172346804 | error=0.0121899783351
Iteration  370 | cost=0.000107669084094 | residual=0.010389347086 | consensus=0.00109078814646 | error=0.0122071293789
Iteration  372 | cost=0.000107658441236 | residual=0.0103939437129 | consensus=0.00112820595927 | error=0.012212563774
Iteration  374 | cost=0.000107630146517 | residual=0.0103880070158 | consensus=0.00105771471765 | error=0.0122043891053
Iteration  376 | cost=0.000107591318889 | residual=0.0103743363805 | consensus=0.000894198885374 | error=0.0121864375763
Iteration  378 | cost=0.00010755293159 | residual=0.0103586225361 | consensus=0.000671885828968 | error=0.0121661859807
Iteration  380 | cost=0.000107524762577 | residual=0.0103468375896 | consensus=0.000459876802543 | error=0.0121513390766
Iteration  382 | cost=0.000107511323605 | residual=0.0103427231952 | consensus=0.000399943335862 | error=0.0121465847153
Iteration  384 | cost=0.000107510422338 | residual=0.0103464338949 | consensus=0.000539270533759 | error=0.0121518932259
Iteration  386 | cost=0.0001075147371 | residual=0.01035483282 | consensus=0.000722191313373 | error=0.0121629897027
Iteration  388 | cost=0.000107515454283 | residual=0.0103631677954 | consensus=0.000857106748936 | error=0.0121736111695
Iteration  390 | cost=0.0001075062122 | residual=0.0103672692269 | consensus=0.000911247953562 | error=0.0121783982796
Iteration  392 | cost=0.000107485618975 | residual=0.010365277544 | consensus=0.000876413251247 | error=0.0121751182542
Iteration  394 | cost=0.00010745738315 | residual=0.0103582196715 | consensus=0.00076068928418 | error=0.0121653459593
Iteration  396 | cost=0.000107428217419 | residual=0.0103493025213 | consensus=0.000587584698379 | error=0.0121534576993
Iteration  398 | cost=0.000107404631125 | residual=0.0103423312113 | consensus=0.00040431505974 | error=0.0121444979431
Iteration  400 | cost=0.000107390111974 | residual=0.010339995011 | consensus=0.000314584980567 | error=0.0121419130105
Iteration  402 | cost=0.000107383892857 | residual=0.0103427743682 | consensus=0.000402017309309 | error=0.0121461489569
Iteration  404 | cost=0.000107381696826 | residual=0.0103489024195 | consensus=0.000553011924401 | error=0.0121546730786
Iteration  406 | cost=0.000107377948931 | residual=0.0103553124045 | consensus=0.000674384365576 | error=0.0121633003411
Iteration  408 | cost=0.000107368345646 | residual=0.010359067536 | consensus=0.000732453418317 | error=0.0121681286643
Iteration  410 | cost=0.000107351617367 | residual=0.0103586055913 | consensus=0.000717318417319 | error=0.012167183474
Iteration  412 | cost=0.000107329783723 | residual=0.0103542794879 | consensus=0.00063338823095 | error=0.0121610894183
Iteration  414 | cost=0.000107306932596 | residual=0.0103480281 | consensus=0.000497777623789 | error=0.0121525692512
Iteration  416 | cost=0.000107287204813 | residual=0.0103423963015 | consensus=0.000345156696556 | error=0.0121450847589
Iteration  418 | cost=0.000107272954813 | residual=0.0103393834071 | consensus=0.000252709322765 | error=0.0121412771735
Iteration  420 | cost=0.000107263887182 | residual=0.0103396372328 | consensus=0.000307309476206 | error=0.012141906041
Iteration  422 | cost=0.000107257457722 | residual=0.0103423187635 | consensus=0.000429821913231 | error=0.0121457150428
Iteration  424 | cost=0.000107250235702 | residual=0.010345635395 | consensus=0.000533733561085 | error=0.0121502025961
Iteration  426 | cost=0.000107239523714 | residual=0.0103477403547 | consensus=0.000587507665858 | error=0.0121528680835
Iteration  428 | cost=0.000107224485054 | residual=0.0103475622099 | consensus=0.00058151551404 | error=0.0121523326758
Iteration  430 | cost=0.000107206323202 | residual=0.0103452048904 | consensus=0.000518452108067 | error=0.0121488506967
Iteration  432 | cost=0.000107187528748 | residual=0.0103417847926 | consensus=0.000411546826988 | error=0.0121440440938
Iteration  434 | cost=0.000107170627316 | residual=0.0103388313852 | consensus=0.000287774199035 | error=0.012140048567
